#
# There is insufficient memory for the Java Runtime Environment to continue.
# Native memory allocation (malloc) failed to allocate 1608656 bytes for Chunk::new
# Possible reasons:
#   The system is out of physical RAM or swap space
#   The process is running with CompressedOops enabled, and the Java Heap may be blocking the growth of the native heap
# Possible solutions:
#   Reduce memory load on the system
#   Increase physical memory or swap space
#   Check if swap backing store is full
#   Decrease Java heap size (-Xmx/-Xms)
#   Decrease number of Java threads
#   Decrease Java thread stack sizes (-Xss)
#   Set larger code cache with -XX:ReservedCodeCacheSize=
#   JVM is running with Unscaled Compressed Oops mode in which the Java heap is
#     placed in the first 4GB address space. The Java Heap base address is the
#     maximum limit for the native heap growth. Please use -XX:HeapBaseMinAddress
#     to set the Java Heap base and to place the Java Heap above 4GB virtual address.
# This output file may be truncated or incomplete.
#
#  Out of Memory Error (arena.cpp:168), pid=21688, tid=25520
#
# JRE version: Java(TM) SE Runtime Environment (21.0.2+13) (build 21.0.2+13-LTS-58)
# Java VM: Java HotSpot(TM) 64-Bit Server VM (21.0.2+13-LTS-58, mixed mode, sharing, tiered, compressed oops, compressed class ptrs, g1 gc, windows-amd64)
# No core dump will be written. Minidumps are not enabled by default on client versions of Windows
#

---------------  S U M M A R Y ------------

Command Line: -XX:+ShowCodeDetailsInExceptionMessages com._yzhheng.SpringBootStarter

Host: AMD Ryzen 7 3750H with Radeon Vega Mobile Gfx  , 8 cores, 5G,  Windows 11 , 64 bit Build 22621 (10.0.22621.3374)
Time: Fri May 10 17:38:34 2024 Malay Peninsula Standard Time elapsed time: 13.558648 seconds (0d 0h 0m 13s)

---------------  T H R E A D  ---------------

Current thread (0x000002127f777920):  JavaThread "C2 CompilerThread0" daemon [_thread_in_native, id=25520, stack(0x000000218d200000,0x000000218d300000) (1024K)]


Current CompileTask:
C2:  13558 2629       4       org.springframework.boot.context.properties.source.ConfigurationPropertyName$ElementsParser::parse (234 bytes)

Stack: [0x000000218d200000,0x000000218d300000]
Native frames: (J=compiled Java code, j=interpreted, Vv=VM code, C=native code)
V  [jvm.dll+0x6cade9]
V  [jvm.dll+0x8569c1]
V  [jvm.dll+0x858d2e]
V  [jvm.dll+0x859413]
V  [jvm.dll+0x280e56]
V  [jvm.dll+0xc3f3d]
V  [jvm.dll+0xc4473]
V  [jvm.dll+0x3b5c2c]
V  [jvm.dll+0x1e2209]
V  [jvm.dll+0x249d22]
V  [jvm.dll+0x2491b1]
V  [jvm.dll+0x1c9634]
V  [jvm.dll+0x258859]
V  [jvm.dll+0x256e3a]
V  [jvm.dll+0x3ef6c6]
V  [jvm.dll+0x7ff568]
V  [jvm.dll+0x6c953d]
C  [ucrtbase.dll+0x29333]
C  [KERNEL32.DLL+0x1257d]
C  [ntdll.dll+0x5aa48]


---------------  P R O C E S S  ---------------

Threads class SMR info:
_java_thread_list=0x0000021261898c70, length=14, elements={
0x000002127c26d0d0, 0x000002127f76d190, 0x000002127f76e260, 0x000002127f773e40,
0x000002127f775240, 0x000002127f775ca0, 0x000002127f7768b0, 0x000002127f777920,
0x00000212600083d0, 0x00000212600e7110, 0x00000212600e9950, 0x0000021260c9a150,
0x0000021260788420, 0x00000212618a9800
}

Java Threads: ( => current thread )
  0x000002127c26d0d0 JavaThread "main"                              [_thread_blocked, id=13348, stack(0x000000218c300000,0x000000218c400000) (1024K)]
  0x000002127f76d190 JavaThread "Reference Handler"          daemon [_thread_blocked, id=10788, stack(0x000000218cc00000,0x000000218cd00000) (1024K)]
  0x000002127f76e260 JavaThread "Finalizer"                  daemon [_thread_blocked, id=7572, stack(0x000000218cd00000,0x000000218ce00000) (1024K)]
  0x000002127f773e40 JavaThread "Signal Dispatcher"          daemon [_thread_blocked, id=28936, stack(0x000000218ce00000,0x000000218cf00000) (1024K)]
  0x000002127f775240 JavaThread "Attach Listener"            daemon [_thread_blocked, id=31128, stack(0x000000218cf00000,0x000000218d000000) (1024K)]
  0x000002127f775ca0 JavaThread "Service Thread"             daemon [_thread_blocked, id=24240, stack(0x000000218d000000,0x000000218d100000) (1024K)]
  0x000002127f7768b0 JavaThread "Monitor Deflation Thread"   daemon [_thread_blocked, id=30120, stack(0x000000218d100000,0x000000218d200000) (1024K)]
=>0x000002127f777920 JavaThread "C2 CompilerThread0"         daemon [_thread_in_native, id=25520, stack(0x000000218d200000,0x000000218d300000) (1024K)]
  0x00000212600083d0 JavaThread "C1 CompilerThread0"         daemon [_thread_blocked, id=24888, stack(0x000000218d300000,0x000000218d400000) (1024K)]
  0x00000212600e7110 JavaThread "Notification Thread"        daemon [_thread_blocked, id=5128, stack(0x000000218d400000,0x000000218d500000) (1024K)]
  0x00000212600e9950 JavaThread "Common-Cleaner"             daemon [_thread_blocked, id=19592, stack(0x000000218d500000,0x000000218d600000) (1024K)]
  0x0000021260c9a150 JavaThread "Thread-0"                          [_thread_blocked, id=25772, stack(0x000000218da00000,0x000000218db00000) (1024K)]
  0x0000021260788420 JavaThread "restartedMain"                     [_thread_in_native, id=8148, stack(0x000000218db00000,0x000000218dc00000) (1024K)]
  0x00000212618a9800 JavaThread "com.alibaba.nacos.client.auth.ram.identify.watcher.0" daemon [_thread_blocked, id=29892, stack(0x000000218e000000,0x000000218e100000) (1024K)]
Total: 14

Other Threads:
  0x000002127f752fc0 VMThread "VM Thread"                           [id=23640, stack(0x000000218cb00000,0x000000218cc00000) (1024K)]
  0x000002127f738280 WatcherThread "VM Periodic Task Thread"        [id=25056, stack(0x000000218ca00000,0x000000218cb00000) (1024K)]
  0x000002127e3cb360 WorkerThread "GC Thread#0"                     [id=18360, stack(0x000000218c500000,0x000000218c600000) (1024K)]
  0x00000212609acd60 WorkerThread "GC Thread#1"                     [id=17388, stack(0x000000218d600000,0x000000218d700000) (1024K)]
  0x00000212608461a0 WorkerThread "GC Thread#2"                     [id=2208, stack(0x000000218d700000,0x000000218d800000) (1024K)]
  0x00000212609f5010 WorkerThread "GC Thread#3"                     [id=27796, stack(0x000000218d800000,0x000000218d900000) (1024K)]
  0x0000021260ba4c10 WorkerThread "GC Thread#4"                     [id=3660, stack(0x000000218d900000,0x000000218da00000) (1024K)]
  0x0000021260a7b6c0 WorkerThread "GC Thread#5"                     [id=30352, stack(0x000000218dd00000,0x000000218de00000) (1024K)]
  0x0000021260faffd0 WorkerThread "GC Thread#6"                     [id=9948, stack(0x000000218de00000,0x000000218df00000) (1024K)]
  0x0000021260fb0370 WorkerThread "GC Thread#7"                     [id=27184, stack(0x000000218df00000,0x000000218e000000) (1024K)]
  0x000002127e3d8990 ConcurrentGCThread "G1 Main Marker"            [id=18624, stack(0x000000218c600000,0x000000218c700000) (1024K)]
  0x000002127e3d9640 WorkerThread "G1 Conc#0"                       [id=15288, stack(0x000000218c700000,0x000000218c800000) (1024K)]
  0x000002127e42e8f0 ConcurrentGCThread "G1 Refine#0"               [id=25576, stack(0x000000218c800000,0x000000218c900000) (1024K)]
  0x000002127f609650 ConcurrentGCThread "G1 Service"                [id=30888, stack(0x000000218c900000,0x000000218ca00000) (1024K)]
Total: 14

Threads with active compile tasks:
C2 CompilerThread0    13597 2629       4       org.springframework.boot.context.properties.source.ConfigurationPropertyName$ElementsParser::parse (234 bytes)
Total: 1

VM state: not at safepoint (normal execution)

VM Mutex/Monitor currently owned by a thread: None

Heap address: 0x00000000a0e00000, size: 1522 MB, Compressed Oops mode: 32-bit

CDS archive(s) mapped at: [0x000002121b000000-0x000002121bc90000-0x000002121bc90000), size 13172736, SharedBaseAddress: 0x000002121b000000, ArchiveRelocationMode: 1.
Compressed class space mapped at: 0x000002121c000000-0x000002125c000000, reserved size: 1073741824
Narrow klass base: 0x000002121b000000, Narrow klass shift: 0, Narrow klass range: 0x100000000

GC Precious Log:
 CardTable entry size: 512
 Card Set container configuration: InlinePtr #cards 5 size 8 Array Of Cards #cards 12 size 40 Howl #buckets 4 coarsen threshold 1843 Howl Bitmap #cards 512 size 80 coarsen threshold 460 Card regions per heap region 1 cards per card region 2048
 CPUs: 8 total, 8 available
 Memory: 6082M
 Large Page Support: Disabled
 NUMA Support: Disabled
 Compressed Oops: Enabled (32-bit)
 Heap Region Size: 1M
 Heap Min Capacity: 8M
 Heap Initial Capacity: 96M
 Heap Max Capacity: 1522M
 Pre-touch: Disabled
 Parallel Workers: 8
 Concurrent Workers: 2
 Concurrent Refinement Workers: 8
 Periodic GC: Disabled

Heap:
 garbage-first heap   total 98304K, used 49609K [0x00000000a0e00000, 0x0000000100000000)
  region size 1024K, 41 young (41984K), 4 survivors (4096K)
 Metaspace       used 19301K, committed 19648K, reserved 1114112K
  class space    used 2351K, committed 2496K, reserved 1048576K

Heap Regions: E=young(eden), S=young(survivor), O=old, HS=humongous(starts), HC=humongous(continues), CS=collection set, F=free, TAMS=top-at-mark-start, PB=parsable bottom
|   0|0x00000000a0e00000, 0x00000000a0f00000, 0x00000000a0f00000|100%|HS|  |TAMS 0x00000000a0e00000| PB 0x00000000a0e00000| Complete 
|   1|0x00000000a0f00000, 0x00000000a1000000, 0x00000000a1000000|100%|HS|  |TAMS 0x00000000a0f00000| PB 0x00000000a0f00000| Complete 
|   2|0x00000000a1000000, 0x00000000a1100000, 0x00000000a1100000|100%| O|  |TAMS 0x00000000a1000000| PB 0x00000000a1000000| Untracked 
|   3|0x00000000a1100000, 0x00000000a1200000, 0x00000000a1200000|100%|HS|  |TAMS 0x00000000a1100000| PB 0x00000000a1100000| Complete 
|   4|0x00000000a1200000, 0x00000000a1200000, 0x00000000a1300000|  0%| F|  |TAMS 0x00000000a1200000| PB 0x00000000a1200000| Untracked 
|   5|0x00000000a1300000, 0x00000000a1400000, 0x00000000a1400000|100%| O|  |TAMS 0x00000000a1300000| PB 0x00000000a1300000| Untracked 
|   6|0x00000000a1400000, 0x00000000a1500000, 0x00000000a1500000|100%| O|  |TAMS 0x00000000a1400000| PB 0x00000000a1400000| Untracked 
|   7|0x00000000a1500000, 0x00000000a1600000, 0x00000000a1600000|100%| O|  |TAMS 0x00000000a1500000| PB 0x00000000a1500000| Untracked 
|   8|0x00000000a1600000, 0x00000000a1700000, 0x00000000a1700000|100%| O|  |TAMS 0x00000000a1600000| PB 0x00000000a1600000| Untracked 
|   9|0x00000000a1700000, 0x00000000a1800000, 0x00000000a1800000|100%| O|  |TAMS 0x00000000a1700000| PB 0x00000000a1700000| Untracked 
|  10|0x00000000a1800000, 0x00000000a1900000, 0x00000000a1900000|100%| O|  |TAMS 0x00000000a1800000| PB 0x00000000a1800000| Untracked 
|  11|0x00000000a1900000, 0x00000000a1900000, 0x00000000a1a00000|  0%| F|  |TAMS 0x00000000a1900000| PB 0x00000000a1900000| Untracked 
|  12|0x00000000a1a00000, 0x00000000a1a00000, 0x00000000a1b00000|  0%| F|  |TAMS 0x00000000a1a00000| PB 0x00000000a1a00000| Untracked 
|  13|0x00000000a1b00000, 0x00000000a1b00000, 0x00000000a1c00000|  0%| F|  |TAMS 0x00000000a1b00000| PB 0x00000000a1b00000| Untracked 
|  14|0x00000000a1c00000, 0x00000000a1c00000, 0x00000000a1d00000|  0%| F|  |TAMS 0x00000000a1c00000| PB 0x00000000a1c00000| Untracked 
|  15|0x00000000a1d00000, 0x00000000a1d00000, 0x00000000a1e00000|  0%| F|  |TAMS 0x00000000a1d00000| PB 0x00000000a1d00000| Untracked 
|  16|0x00000000a1e00000, 0x00000000a1e00000, 0x00000000a1f00000|  0%| F|  |TAMS 0x00000000a1e00000| PB 0x00000000a1e00000| Untracked 
|  17|0x00000000a1f00000, 0x00000000a1f00000, 0x00000000a2000000|  0%| F|  |TAMS 0x00000000a1f00000| PB 0x00000000a1f00000| Untracked 
|  18|0x00000000a2000000, 0x00000000a2000000, 0x00000000a2100000|  0%| F|  |TAMS 0x00000000a2000000| PB 0x00000000a2000000| Untracked 
|  19|0x00000000a2100000, 0x00000000a2100000, 0x00000000a2200000|  0%| F|  |TAMS 0x00000000a2100000| PB 0x00000000a2100000| Untracked 
|  20|0x00000000a2200000, 0x00000000a2200000, 0x00000000a2300000|  0%| F|  |TAMS 0x00000000a2200000| PB 0x00000000a2200000| Untracked 
|  21|0x00000000a2300000, 0x00000000a2300000, 0x00000000a2400000|  0%| F|  |TAMS 0x00000000a2300000| PB 0x00000000a2300000| Untracked 
|  22|0x00000000a2400000, 0x00000000a2400000, 0x00000000a2500000|  0%| F|  |TAMS 0x00000000a2400000| PB 0x00000000a2400000| Untracked 
|  23|0x00000000a2500000, 0x00000000a2500000, 0x00000000a2600000|  0%| F|  |TAMS 0x00000000a2500000| PB 0x00000000a2500000| Untracked 
|  24|0x00000000a2600000, 0x00000000a2600000, 0x00000000a2700000|  0%| F|  |TAMS 0x00000000a2600000| PB 0x00000000a2600000| Untracked 
|  25|0x00000000a2700000, 0x00000000a2700000, 0x00000000a2800000|  0%| F|  |TAMS 0x00000000a2700000| PB 0x00000000a2700000| Untracked 
|  26|0x00000000a2800000, 0x00000000a2800000, 0x00000000a2900000|  0%| F|  |TAMS 0x00000000a2800000| PB 0x00000000a2800000| Untracked 
|  27|0x00000000a2900000, 0x00000000a2900000, 0x00000000a2a00000|  0%| F|  |TAMS 0x00000000a2900000| PB 0x00000000a2900000| Untracked 
|  28|0x00000000a2a00000, 0x00000000a2a00000, 0x00000000a2b00000|  0%| F|  |TAMS 0x00000000a2a00000| PB 0x00000000a2a00000| Untracked 
|  29|0x00000000a2b00000, 0x00000000a2b00000, 0x00000000a2c00000|  0%| F|  |TAMS 0x00000000a2b00000| PB 0x00000000a2b00000| Untracked 
|  30|0x00000000a2c00000, 0x00000000a2c00000, 0x00000000a2d00000|  0%| F|  |TAMS 0x00000000a2c00000| PB 0x00000000a2c00000| Untracked 
|  31|0x00000000a2d00000, 0x00000000a2d00000, 0x00000000a2e00000|  0%| F|  |TAMS 0x00000000a2d00000| PB 0x00000000a2d00000| Untracked 
|  32|0x00000000a2e00000, 0x00000000a2e00000, 0x00000000a2f00000|  0%| F|  |TAMS 0x00000000a2e00000| PB 0x00000000a2e00000| Untracked 
|  33|0x00000000a2f00000, 0x00000000a2f00000, 0x00000000a3000000|  0%| F|  |TAMS 0x00000000a2f00000| PB 0x00000000a2f00000| Untracked 
|  34|0x00000000a3000000, 0x00000000a3000000, 0x00000000a3100000|  0%| F|  |TAMS 0x00000000a3000000| PB 0x00000000a3000000| Untracked 
|  35|0x00000000a3100000, 0x00000000a3100000, 0x00000000a3200000|  0%| F|  |TAMS 0x00000000a3100000| PB 0x00000000a3100000| Untracked 
|  36|0x00000000a3200000, 0x00000000a3200000, 0x00000000a3300000|  0%| F|  |TAMS 0x00000000a3200000| PB 0x00000000a3200000| Untracked 
|  37|0x00000000a3300000, 0x00000000a3300000, 0x00000000a3400000|  0%| F|  |TAMS 0x00000000a3300000| PB 0x00000000a3300000| Untracked 
|  38|0x00000000a3400000, 0x00000000a3400000, 0x00000000a3500000|  0%| F|  |TAMS 0x00000000a3400000| PB 0x00000000a3400000| Untracked 
|  39|0x00000000a3500000, 0x00000000a3500000, 0x00000000a3600000|  0%| F|  |TAMS 0x00000000a3500000| PB 0x00000000a3500000| Untracked 
|  40|0x00000000a3600000, 0x00000000a3600000, 0x00000000a3700000|  0%| F|  |TAMS 0x00000000a3600000| PB 0x00000000a3600000| Untracked 
|  41|0x00000000a3700000, 0x00000000a3700000, 0x00000000a3800000|  0%| F|  |TAMS 0x00000000a3700000| PB 0x00000000a3700000| Untracked 
|  42|0x00000000a3800000, 0x00000000a3800000, 0x00000000a3900000|  0%| F|  |TAMS 0x00000000a3800000| PB 0x00000000a3800000| Untracked 
|  43|0x00000000a3900000, 0x00000000a3900000, 0x00000000a3a00000|  0%| F|  |TAMS 0x00000000a3900000| PB 0x00000000a3900000| Untracked 
|  44|0x00000000a3a00000, 0x00000000a3a00000, 0x00000000a3b00000|  0%| F|  |TAMS 0x00000000a3a00000| PB 0x00000000a3a00000| Untracked 
|  45|0x00000000a3b00000, 0x00000000a3b00000, 0x00000000a3c00000|  0%| F|  |TAMS 0x00000000a3b00000| PB 0x00000000a3b00000| Untracked 
|  46|0x00000000a3c00000, 0x00000000a3c00000, 0x00000000a3d00000|  0%| F|  |TAMS 0x00000000a3c00000| PB 0x00000000a3c00000| Untracked 
|  47|0x00000000a3d00000, 0x00000000a3d00000, 0x00000000a3e00000|  0%| F|  |TAMS 0x00000000a3d00000| PB 0x00000000a3d00000| Untracked 
|  48|0x00000000a3e00000, 0x00000000a3e00000, 0x00000000a3f00000|  0%| F|  |TAMS 0x00000000a3e00000| PB 0x00000000a3e00000| Untracked 
|  49|0x00000000a3f00000, 0x00000000a3f00000, 0x00000000a4000000|  0%| F|  |TAMS 0x00000000a3f00000| PB 0x00000000a3f00000| Untracked 
|  50|0x00000000a4000000, 0x00000000a4000000, 0x00000000a4100000|  0%| F|  |TAMS 0x00000000a4000000| PB 0x00000000a4000000| Untracked 
|  51|0x00000000a4100000, 0x00000000a4100000, 0x00000000a4200000|  0%| F|  |TAMS 0x00000000a4100000| PB 0x00000000a4100000| Untracked 
|  52|0x00000000a4200000, 0x00000000a4200000, 0x00000000a4300000|  0%| F|  |TAMS 0x00000000a4200000| PB 0x00000000a4200000| Untracked 
|  53|0x00000000a4300000, 0x00000000a4300000, 0x00000000a4400000|  0%| F|  |TAMS 0x00000000a4300000| PB 0x00000000a4300000| Untracked 
|  54|0x00000000a4400000, 0x00000000a4400000, 0x00000000a4500000|  0%| F|  |TAMS 0x00000000a4400000| PB 0x00000000a4400000| Untracked 
|  55|0x00000000a4500000, 0x00000000a4586410, 0x00000000a4600000| 52%| E|  |TAMS 0x00000000a4500000| PB 0x00000000a4500000| Complete 
|  56|0x00000000a4600000, 0x00000000a4700000, 0x00000000a4700000|100%| E|CS|TAMS 0x00000000a4600000| PB 0x00000000a4600000| Complete 
|  57|0x00000000a4700000, 0x00000000a4800000, 0x00000000a4800000|100%| E|CS|TAMS 0x00000000a4700000| PB 0x00000000a4700000| Complete 
|  58|0x00000000a4800000, 0x00000000a4900000, 0x00000000a4900000|100%| E|CS|TAMS 0x00000000a4800000| PB 0x00000000a4800000| Complete 
|  59|0x00000000a4900000, 0x00000000a4a00000, 0x00000000a4a00000|100%| E|CS|TAMS 0x00000000a4900000| PB 0x00000000a4900000| Complete 
|  60|0x00000000a4a00000, 0x00000000a4b00000, 0x00000000a4b00000|100%| E|CS|TAMS 0x00000000a4a00000| PB 0x00000000a4a00000| Complete 
|  61|0x00000000a4b00000, 0x00000000a4c00000, 0x00000000a4c00000|100%| E|CS|TAMS 0x00000000a4b00000| PB 0x00000000a4b00000| Complete 
|  62|0x00000000a4c00000, 0x00000000a4c72760, 0x00000000a4d00000| 44%| S|CS|TAMS 0x00000000a4c00000| PB 0x00000000a4c00000| Complete 
|  63|0x00000000a4d00000, 0x00000000a4e00000, 0x00000000a4e00000|100%| S|CS|TAMS 0x00000000a4d00000| PB 0x00000000a4d00000| Complete 
|  64|0x00000000a4e00000, 0x00000000a4f00000, 0x00000000a4f00000|100%| S|CS|TAMS 0x00000000a4e00000| PB 0x00000000a4e00000| Complete 
|  65|0x00000000a4f00000, 0x00000000a5000000, 0x00000000a5000000|100%| S|CS|TAMS 0x00000000a4f00000| PB 0x00000000a4f00000| Complete 
|  66|0x00000000a5000000, 0x00000000a5100000, 0x00000000a5100000|100%| E|CS|TAMS 0x00000000a5000000| PB 0x00000000a5000000| Complete 
|  67|0x00000000a5100000, 0x00000000a5200000, 0x00000000a5200000|100%| E|CS|TAMS 0x00000000a5100000| PB 0x00000000a5100000| Complete 
|  68|0x00000000a5200000, 0x00000000a5300000, 0x00000000a5300000|100%| E|CS|TAMS 0x00000000a5200000| PB 0x00000000a5200000| Complete 
|  69|0x00000000a5300000, 0x00000000a5400000, 0x00000000a5400000|100%| E|CS|TAMS 0x00000000a5300000| PB 0x00000000a5300000| Complete 
|  70|0x00000000a5400000, 0x00000000a5500000, 0x00000000a5500000|100%| E|CS|TAMS 0x00000000a5400000| PB 0x00000000a5400000| Complete 
|  71|0x00000000a5500000, 0x00000000a5600000, 0x00000000a5600000|100%| E|CS|TAMS 0x00000000a5500000| PB 0x00000000a5500000| Complete 
|  72|0x00000000a5600000, 0x00000000a5700000, 0x00000000a5700000|100%| E|CS|TAMS 0x00000000a5600000| PB 0x00000000a5600000| Complete 
|  73|0x00000000a5700000, 0x00000000a5800000, 0x00000000a5800000|100%| E|CS|TAMS 0x00000000a5700000| PB 0x00000000a5700000| Complete 
|  74|0x00000000a5800000, 0x00000000a5900000, 0x00000000a5900000|100%| E|CS|TAMS 0x00000000a5800000| PB 0x00000000a5800000| Complete 
|  75|0x00000000a5900000, 0x00000000a5a00000, 0x00000000a5a00000|100%| E|CS|TAMS 0x00000000a5900000| PB 0x00000000a5900000| Complete 
|  76|0x00000000a5a00000, 0x00000000a5b00000, 0x00000000a5b00000|100%| E|CS|TAMS 0x00000000a5a00000| PB 0x00000000a5a00000| Complete 
|  77|0x00000000a5b00000, 0x00000000a5c00000, 0x00000000a5c00000|100%| E|CS|TAMS 0x00000000a5b00000| PB 0x00000000a5b00000| Complete 
|  78|0x00000000a5c00000, 0x00000000a5d00000, 0x00000000a5d00000|100%| E|CS|TAMS 0x00000000a5c00000| PB 0x00000000a5c00000| Complete 
|  79|0x00000000a5d00000, 0x00000000a5e00000, 0x00000000a5e00000|100%| E|CS|TAMS 0x00000000a5d00000| PB 0x00000000a5d00000| Complete 
|  80|0x00000000a5e00000, 0x00000000a5f00000, 0x00000000a5f00000|100%| E|CS|TAMS 0x00000000a5e00000| PB 0x00000000a5e00000| Complete 
|  81|0x00000000a5f00000, 0x00000000a6000000, 0x00000000a6000000|100%| E|CS|TAMS 0x00000000a5f00000| PB 0x00000000a5f00000| Complete 
|  82|0x00000000a6000000, 0x00000000a6100000, 0x00000000a6100000|100%| E|CS|TAMS 0x00000000a6000000| PB 0x00000000a6000000| Complete 
|  83|0x00000000a6100000, 0x00000000a6200000, 0x00000000a6200000|100%| E|  |TAMS 0x00000000a6100000| PB 0x00000000a6100000| Complete 
|  84|0x00000000a6200000, 0x00000000a6300000, 0x00000000a6300000|100%| E|CS|TAMS 0x00000000a6200000| PB 0x00000000a6200000| Complete 
|  85|0x00000000a6300000, 0x00000000a6400000, 0x00000000a6400000|100%| E|CS|TAMS 0x00000000a6300000| PB 0x00000000a6300000| Complete 
|  86|0x00000000a6400000, 0x00000000a6500000, 0x00000000a6500000|100%| E|CS|TAMS 0x00000000a6400000| PB 0x00000000a6400000| Complete 
|  87|0x00000000a6500000, 0x00000000a6600000, 0x00000000a6600000|100%| E|CS|TAMS 0x00000000a6500000| PB 0x00000000a6500000| Complete 
|  88|0x00000000a6600000, 0x00000000a6700000, 0x00000000a6700000|100%| E|CS|TAMS 0x00000000a6600000| PB 0x00000000a6600000| Complete 
|  89|0x00000000a6700000, 0x00000000a6800000, 0x00000000a6800000|100%| E|CS|TAMS 0x00000000a6700000| PB 0x00000000a6700000| Complete 
|  90|0x00000000a6800000, 0x00000000a6900000, 0x00000000a6900000|100%| E|CS|TAMS 0x00000000a6800000| PB 0x00000000a6800000| Complete 
|  91|0x00000000a6900000, 0x00000000a6a00000, 0x00000000a6a00000|100%| E|CS|TAMS 0x00000000a6900000| PB 0x00000000a6900000| Complete 
|  92|0x00000000a6a00000, 0x00000000a6b00000, 0x00000000a6b00000|100%| E|CS|TAMS 0x00000000a6a00000| PB 0x00000000a6a00000| Complete 
|  93|0x00000000a6b00000, 0x00000000a6c00000, 0x00000000a6c00000|100%| E|CS|TAMS 0x00000000a6b00000| PB 0x00000000a6b00000| Complete 
|  94|0x00000000a6c00000, 0x00000000a6d00000, 0x00000000a6d00000|100%| E|CS|TAMS 0x00000000a6c00000| PB 0x00000000a6c00000| Complete 
|  95|0x00000000a6d00000, 0x00000000a6e00000, 0x00000000a6e00000|100%| E|CS|TAMS 0x00000000a6d00000| PB 0x00000000a6d00000| Complete 

Card table byte_map: [0x000002127ea60000,0x000002127ed60000] _byte_map_base: 0x000002127e559000

Marking Bits: (CMBitMap*) 0x000002127e3cba60
 Bits: [0x00000212173a0000, 0x0000021218b68000)

Polling page: 0x000002127c1d0000

Metaspace:

Usage:
  Non-class:     16.55 MB used.
      Class:      2.30 MB used.
       Both:     18.85 MB used.

Virtual space:
  Non-class space:       64.00 MB reserved,      16.75 MB ( 26%) committed,  1 nodes.
      Class space:        1.00 GB reserved,       2.44 MB ( <1%) committed,  1 nodes.
             Both:        1.06 GB reserved,      19.19 MB (  2%) committed. 

Chunk freelists:
   Non-Class:  14.60 MB
       Class:  13.53 MB
        Both:  28.13 MB

MaxMetaspaceSize: unlimited
CompressedClassSpaceSize: 1.00 GB
Initial GC threshold: 21.00 MB
Current GC threshold: 21.00 MB
CDS: on
 - commit_granule_bytes: 65536.
 - commit_granule_words: 8192.
 - virtual_space_node_default_size: 8388608.
 - enlarge_chunks_in_place: 1.
 - use_allocation_guard: 0.


Internal statistics:

num_allocs_failed_limit: 0.
num_arena_births: 322.
num_arena_deaths: 0.
num_vsnodes_births: 2.
num_vsnodes_deaths: 0.
num_space_committed: 307.
num_space_uncommitted: 0.
num_chunks_returned_to_freelist: 0.
num_chunks_taken_from_freelist: 999.
num_chunk_merges: 0.
num_chunk_splits: 643.
num_chunks_enlarged: 432.
num_inconsistent_stats: 0.

CodeHeap 'non-profiled nmethods': size=120000Kb used=1163Kb max_used=1163Kb free=118836Kb
 bounds [0x000002120fe70000, 0x00000212100e0000, 0x00000212173a0000]
CodeHeap 'profiled nmethods': size=120000Kb used=5451Kb max_used=5451Kb free=114548Kb
 bounds [0x00000212083a0000, 0x0000021208900000, 0x000002120f8d0000]
CodeHeap 'non-nmethods': size=5760Kb used=1433Kb max_used=1479Kb free=4326Kb
 bounds [0x000002120f8d0000, 0x000002120fb40000, 0x000002120fe70000]
 total_blobs=3242 nmethods=2721 adapters=425
 compilation: enabled
              stopped_count=0, restarted_count=0
 full_count=0

Compilation events (20 events):
Event: 13.360 Thread 0x00000212600083d0 nmethod 2709 0x00000212088ded10 code [0x00000212088deec0, 0x00000212088df198]
Event: 13.361 Thread 0x00000212600083d0 2710       3       sun.nio.fs.WindowsFileAttributes::<init> (57 bytes)
Event: 13.362 Thread 0x00000212600083d0 nmethod 2710 0x00000212088df310 code [0x00000212088df4c0, 0x00000212088df660]
Event: 13.363 Thread 0x00000212600083d0 2711       3       java.lang.ref.WeakReference::<init> (6 bytes)
Event: 13.363 Thread 0x00000212600083d0 nmethod 2711 0x00000212088df790 code [0x00000212088df960, 0x00000212088dfc68]
Event: 13.365 Thread 0x00000212600083d0 2713       3       sun.security.provider.ByteArrayAccess::b2iBig64 (231 bytes)
Event: 13.372 Thread 0x00000212600083d0 nmethod 2713 0x00000212088dfd90 code [0x00000212088e05e0, 0x00000212088e4fe8]
Event: 13.373 Thread 0x00000212600083d0 2714       3       sun.nio.fs.WindowsPath::getFileName (87 bytes)
Event: 13.375 Thread 0x00000212600083d0 nmethod 2714 0x00000212088e6490 code [0x00000212088e6760, 0x00000212088e75c8]
Event: 13.376 Thread 0x00000212600083d0 2715       3       sun.nio.fs.WindowsDirectoryStream$WindowsDirectoryIterator::isSelfOrParent (24 bytes)
Event: 13.376 Thread 0x00000212600083d0 nmethod 2715 0x00000212088e7b10 code [0x00000212088e7ce0, 0x00000212088e7ef0]
Event: 13.376 Thread 0x00000212600083d0 2716   !   3       sun.nio.fs.WindowsNativeDispatcher::FindNextFile (30 bytes)
Event: 13.377 Thread 0x00000212600083d0 nmethod 2716 0x00000212088e8010 code [0x00000212088e81e0, 0x00000212088e83d8]
Event: 13.377 Thread 0x00000212600083d0 2718   !   3       sun.nio.fs.WindowsPath::createFromNormalizedPath (65 bytes)
Event: 13.378 Thread 0x00000212600083d0 nmethod 2718 0x00000212088e8510 code [0x00000212088e8740, 0x00000212088e8ed0]
Event: 13.379 Thread 0x00000212600083d0 2719  s    3       sun.nio.fs.WindowsDirectoryStream$WindowsDirectoryIterator::hasNext (35 bytes)
Event: 13.379 Thread 0x00000212600083d0 nmethod 2719 0x00000212088e9210 code [0x00000212088e93c0, 0x00000212088e96f8]
Event: 13.380 Thread 0x00000212600083d0 2720       3       sun.nio.fs.WindowsFileAttributes::fromFindData (127 bytes)
Event: 13.381 Thread 0x00000212600083d0 nmethod 2720 0x00000212088e9790 code [0x00000212088e99a0, 0x00000212088e9fe8]
Event: 13.381 Thread 0x00000212600083d0 2721   !   3       sun.nio.fs.WindowsDirectoryStream$WindowsDirectoryIterator::acceptEntry (71 bytes)

GC Heap History (4 events):
Event: 4.052 GC heap before
{Heap before GC invocations=0 (full 0):
 garbage-first heap   total 98304K, used 27648K [0x00000000a0e00000, 0x0000000100000000)
  region size 1024K, 23 young (23552K), 0 survivors (0K)
 Metaspace       used 4701K, committed 4928K, reserved 1114112K
  class space    used 524K, committed 640K, reserved 1048576K
}
Event: 4.088 GC heap after
{Heap after GC invocations=1 (full 0):
 garbage-first heap   total 98304K, used 11008K [0x00000000a0e00000, 0x0000000100000000)
  region size 1024K, 3 young (3072K), 3 survivors (3072K)
 Metaspace       used 4701K, committed 4928K, reserved 1114112K
  class space    used 524K, committed 640K, reserved 1048576K
}
Event: 8.202 GC heap before
{Heap before GC invocations=1 (full 0):
 garbage-first heap   total 98304K, used 37632K [0x00000000a0e00000, 0x0000000100000000)
  region size 1024K, 30 young (30720K), 3 survivors (3072K)
 Metaspace       used 10501K, committed 10752K, reserved 1114112K
  class space    used 1251K, committed 1344K, reserved 1048576K
}
Event: 8.499 GC heap after
{Heap after GC invocations=2 (full 0):
 garbage-first heap   total 98304K, used 13769K [0x00000000a0e00000, 0x0000000100000000)
  region size 1024K, 4 young (4096K), 4 survivors (4096K)
 Metaspace       used 10501K, committed 10752K, reserved 1114112K
  class space    used 1251K, committed 1344K, reserved 1048576K
}

Dll operation events (9 events):
Event: 0.067 Loaded shared library C:\Program Files\Java\jdk-21\bin\java.dll
Event: 0.323 Loaded shared library C:\Program Files\Java\jdk-21\bin\jsvml.dll
Event: 1.094 Loaded shared library C:\Program Files\Java\jdk-21\bin\net.dll
Event: 1.132 Loaded shared library C:\Program Files\Java\jdk-21\bin\nio.dll
Event: 1.141 Loaded shared library C:\Program Files\Java\jdk-21\bin\zip.dll
Event: 1.826 Loaded shared library C:\Program Files\Java\jdk-21\bin\jimage.dll
Event: 3.738 Loaded shared library C:\Program Files\Java\jdk-21\bin\management.dll
Event: 3.745 Loaded shared library C:\Program Files\Java\jdk-21\bin\management_ext.dll
Event: 10.522 Loaded shared library C:\Program Files\Java\jdk-21\bin\sunmscapi.dll

Deoptimization events (20 events):
Event: 12.811 Thread 0x0000021260788420 Uncommon trap: trap_request=0xffffffd6 fr.pc=0x000002120ff852dc relative=0x00000000000078bc
Event: 12.811 Thread 0x0000021260788420 Uncommon trap: reason=array_check action=maybe_recompile pc=0x000002120ff852dc method=org.springframework.boot.context.properties.source.ConfigurationPropertyName$ElementsParser.add(IILorg/springframework/boot/context/properties/source/ConfigurationProper
Event: 12.811 Thread 0x0000021260788420 DEOPT PACKING pc=0x000002120ff852dc sp=0x000000218dbfaeb0
Event: 12.811 Thread 0x0000021260788420 DEOPT UNPACKING pc=0x000002120f9246a2 sp=0x000000218dbfae30 mode 2
Event: 12.812 Thread 0x0000021260788420 Uncommon trap: trap_request=0xffffffd6 fr.pc=0x000002120ff852dc relative=0x00000000000078bc
Event: 12.812 Thread 0x0000021260788420 Uncommon trap: reason=array_check action=maybe_recompile pc=0x000002120ff852dc method=org.springframework.boot.context.properties.source.ConfigurationPropertyName$ElementsParser.add(IILorg/springframework/boot/context/properties/source/ConfigurationProper
Event: 12.812 Thread 0x0000021260788420 DEOPT PACKING pc=0x000002120ff852dc sp=0x000000218dbfaeb0
Event: 12.812 Thread 0x0000021260788420 DEOPT UNPACKING pc=0x000002120f9246a2 sp=0x000000218dbfae30 mode 2
Event: 12.812 Thread 0x0000021260788420 Uncommon trap: trap_request=0xffffffd6 fr.pc=0x000002120ff8597c relative=0x0000000000007f5c
Event: 12.812 Thread 0x0000021260788420 Uncommon trap: reason=array_check action=maybe_recompile pc=0x000002120ff8597c method=org.springframework.boot.context.properties.source.ConfigurationPropertyName$ElementsParser.add(IILorg/springframework/boot/context/properties/source/ConfigurationProper
Event: 12.812 Thread 0x0000021260788420 DEOPT PACKING pc=0x000002120ff8597c sp=0x000000218dbfaeb0
Event: 12.812 Thread 0x0000021260788420 DEOPT UNPACKING pc=0x000002120f9246a2 sp=0x000000218dbfae30 mode 2
Event: 13.204 Thread 0x0000021260788420 Uncommon trap: trap_request=0xffffffde fr.pc=0x000002120ff50e88 relative=0x0000000000000668
Event: 13.204 Thread 0x0000021260788420 Uncommon trap: reason=class_check action=maybe_recompile pc=0x000002120ff50e88 method=java.util.regex.Matcher.search(I)Z @ 121 c2
Event: 13.204 Thread 0x0000021260788420 DEOPT PACKING pc=0x000002120ff50e88 sp=0x000000218dbfb720
Event: 13.204 Thread 0x0000021260788420 DEOPT UNPACKING pc=0x000002120f9246a2 sp=0x000000218dbfb6e0 mode 2
Event: 13.204 Thread 0x0000021260788420 Uncommon trap: trap_request=0xffffffde fr.pc=0x000002120ff50e88 relative=0x0000000000000668
Event: 13.204 Thread 0x0000021260788420 Uncommon trap: reason=class_check action=maybe_recompile pc=0x000002120ff50e88 method=java.util.regex.Matcher.search(I)Z @ 121 c2
Event: 13.204 Thread 0x0000021260788420 DEOPT PACKING pc=0x000002120ff50e88 sp=0x000000218dbfb720
Event: 13.204 Thread 0x0000021260788420 DEOPT UNPACKING pc=0x000002120f9246a2 sp=0x000000218dbfb6e0 mode 2

Classes loaded (20 events):
Event: 13.290 Loading class sun/security/provider/SeedGenerator$1
Event: 13.290 Loading class sun/security/provider/SeedGenerator$1 done
Event: 13.291 Loading class sun/security/provider/ByteArrayAccess
Event: 13.292 Loading class sun/security/provider/ByteArrayAccess done
Event: 13.292 Loading class sun/security/provider/ByteArrayAccess$BE
Event: 13.293 Loading class sun/security/provider/ByteArrayAccess$BE done
Event: 13.311 Loading class java/nio/file/Files$AcceptAllFilter
Event: 13.312 Loading class java/nio/file/DirectoryStream$Filter
Event: 13.313 Loading class java/nio/file/DirectoryStream$Filter done
Event: 13.313 Loading class java/nio/file/Files$AcceptAllFilter done
Event: 13.313 Loading class sun/nio/fs/WindowsDirectoryStream
Event: 13.314 Loading class java/nio/file/DirectoryStream
Event: 13.314 Loading class java/nio/file/DirectoryStream done
Event: 13.314 Loading class sun/nio/fs/WindowsDirectoryStream done
Event: 13.315 Loading class sun/nio/fs/WindowsDirectoryStream$WindowsDirectoryIterator
Event: 13.315 Loading class sun/nio/fs/WindowsDirectoryStream$WindowsDirectoryIterator done
Event: 13.316 Loading class sun/nio/fs/WindowsPath$WindowsPathWithAttributes
Event: 13.316 Loading class sun/nio/fs/BasicFileAttributesHolder
Event: 13.317 Loading class sun/nio/fs/BasicFileAttributesHolder done
Event: 13.317 Loading class sun/nio/fs/WindowsPath$WindowsPathWithAttributes done

Classes unloaded (0 events):
No events

Classes redefined (0 events):
No events

Internal exceptions (20 events):
Event: 7.335 Thread 0x0000021260788420 Exception <a 'java/lang/NoSuchMethodError'{0x00000000a58bd8d0}: 'void java.lang.invoke.DirectMethodHandle$Holder.invokeSpecial(java.lang.Object, java.lang.Object, java.lang.Object, java.lang.Object, java.lang.Object)'> (0x00000000a58bd8d0) 
thrown [s\open\src\hotspot\share\interpreter\linkResolver.cpp, line 773]
Event: 7.342 Thread 0x0000021260788420 Exception <a 'java/lang/NoSuchMethodError'{0x00000000a58c50b0}: 'void java.lang.invoke.DirectMethodHandle$Holder.invokeVirtual(java.lang.Object, java.lang.Object, java.lang.Object, java.lang.Object)'> (0x00000000a58c50b0) 
thrown [s\open\src\hotspot\share\interpreter\linkResolver.cpp, line 773]
Event: 7.867 Thread 0x0000021261573960 Exception <a 'java/lang/NoClassDefFoundError'{0x00000000a5345958}: jakarta/validation/Validation> (0x00000000a5345958) 
thrown [s\open\src\hotspot\share\classfile\systemDictionary.cpp, line 301]
Event: 8.758 Thread 0x0000021260788420 Exception <a 'java/lang/NoSuchMethodError'{0x00000000a6a2ada0}: 'void java.lang.invoke.DirectMethodHandle$Holder.invokeStatic(java.lang.Object, java.lang.Object, int)'> (0x00000000a6a2ada0) 
thrown [s\open\src\hotspot\share\interpreter\linkResolver.cpp, line 773]
Event: 9.625 Thread 0x0000021260788420 Exception <a 'java/lang/NoSuchMethodError'{0x00000000a60acb88}: 'java.lang.Object java.lang.invoke.DirectMethodHandle$Holder.invokeStaticInit(java.lang.Object, int)'> (0x00000000a60acb88) 
thrown [s\open\src\hotspot\share\interpreter\linkResolver.cpp, line 773]
Event: 9.639 Thread 0x0000021260788420 Exception <a 'java/lang/NoSuchMethodError'{0x00000000a60b6ee8}: 'java.lang.Object java.lang.invoke.DirectMethodHandle$Holder.invokeStatic(java.lang.Object, int, java.lang.Object)'> (0x00000000a60b6ee8) 
thrown [s\open\src\hotspot\share\interpreter\linkResolver.cpp, line 773]
Event: 9.641 Thread 0x0000021260788420 Exception <a 'java/lang/NoSuchMethodError'{0x00000000a60ba7e8}: 'java.lang.Object java.lang.invoke.DirectMethodHandle$Holder.invokeStaticInit(java.lang.Object, int, java.lang.Object)'> (0x00000000a60ba7e8) 
thrown [s\open\src\hotspot\share\interpreter\linkResolver.cpp, line 773]
Event: 9.860 Thread 0x0000021261573960 Exception <a 'java/lang/NoSuchMethodError'{0x00000000a5bb3ba8}: 'long java.lang.invoke.DirectMethodHandle$Holder.invokeSpecial(java.lang.Object, java.lang.Object)'> (0x00000000a5bb3ba8) 
thrown [s\open\src\hotspot\share\interpreter\linkResolver.cpp, line 773]
Event: 9.878 Thread 0x0000021261573960 Exception <a 'java/lang/NoSuchMethodError'{0x00000000a5bbda68}: 'long java.lang.invoke.DirectMethodHandle$Holder.invokeStatic(java.lang.Object, java.lang.Object)'> (0x00000000a5bbda68) 
thrown [s\open\src\hotspot\share\interpreter\linkResolver.cpp, line 773]
Event: 9.879 Thread 0x0000021261573960 Exception <a 'java/lang/NoSuchMethodError'{0x00000000a5bc0dd0}: 'long java.lang.invoke.DirectMethodHandle$Holder.invokeStaticInit(java.lang.Object, java.lang.Object)'> (0x00000000a5bc0dd0) 
thrown [s\open\src\hotspot\share\interpreter\linkResolver.cpp, line 773]
Event: 9.887 Thread 0x0000021261573960 Exception <a 'java/lang/NoSuchMethodError'{0x00000000a5a0a0a8}: 'long java.lang.invoke.DirectMethodHandle$Holder.invokeInterface(java.lang.Object, java.lang.Object)'> (0x00000000a5a0a0a8) 
thrown [s\open\src\hotspot\share\interpreter\linkResolver.cpp, line 773]
Event: 9.889 Thread 0x0000021261573960 Exception <a 'java/lang/IncompatibleClassChangeError'{0x00000000a5a0d358}: Found class java.lang.Object, but interface was expected> (0x00000000a5a0d358) 
thrown [s\open\src\hotspot\share\interpreter\linkResolver.cpp, line 840]
Event: 9.937 Thread 0x0000021261573960 Exception <a 'java/lang/NoSuchMethodError'{0x00000000a5a763b8}: 'java.lang.Object java.lang.invoke.DirectMethodHandle$Holder.invokeVirtual(java.lang.Object, java.lang.Object, java.lang.Object, java.lang.Object)'> (0x00000000a5a763b8) 
thrown [s\open\src\hotspot\share\interpreter\linkResolver.cpp, line 773]
Event: 11.158 Thread 0x0000021260788420 Implicit null exception at 0x000002120ff36b46 to 0x000002120ff36bf7
Event: 12.751 Thread 0x0000021260788420 Exception <a 'java/lang/NoSuchMethodError'{0x00000000a4a12ba0}: 'void java.lang.invoke.Invokers$Holder.invokeExact_MT(java.lang.Object, java.lang.Object, java.lang.Object, java.lang.Object)'> (0x00000000a4a12ba0) 
thrown [s\open\src\hotspot\share\interpreter\linkResolver.cpp, line 773]
Event: 12.909 Thread 0x0000021260788420 Exception <a 'java/lang/NoSuchMethodError'{0x00000000a49fb070}: 'void java.lang.invoke.DirectMethodHandle$Holder.invokeVirtual(java.lang.Object, java.lang.Object)'> (0x00000000a49fb070) 
thrown [s\open\src\hotspot\share\interpreter\linkResolver.cpp, line 773]
Event: 13.020 Thread 0x00000212611d7a70 Exception <a 'java/io/FileNotFoundException'{0x00000000a48d74e8}> (0x00000000a48d74e8) 
thrown [s\open\src\hotspot\share\prims\jni.cpp, line 520]
Event: 13.020 Thread 0x00000212611d7a70 Exception <a 'java/io/FileNotFoundException'{0x00000000a48d7bd0}> (0x00000000a48d7bd0) 
thrown [s\open\src\hotspot\share\prims\jni.cpp, line 520]
Event: 13.150 Thread 0x0000021260788420 Exception <a 'java/lang/NoSuchMethodError'{0x00000000a47b4610}: 'void java.lang.invoke.DirectMethodHandle$Holder.invokeStaticInit(java.lang.Object)'> (0x00000000a47b4610) 
thrown [s\open\src\hotspot\share\interpreter\linkResolver.cpp, line 773]
Event: 13.232 Thread 0x0000021260788420 Exception <a 'java/lang/NoSuchMethodError'{0x00000000a4686a38}: 'java.lang.Object java.lang.invoke.DirectMethodHandle$Holder.invokeStaticInit(java.lang.Object, int, int, int, int)'> (0x00000000a4686a38) 
thrown [s\open\src\hotspot\share\interpreter\linkResolver.cpp, line 773]

ZGC Phase Switch (0 events):
No events

VM Operations (20 events):
Event: 9.830 Executing VM operation: HandshakeAllThreads (Deoptimize)
Event: 9.830 Executing VM operation: HandshakeAllThreads (Deoptimize) done
Event: 9.830 Executing VM operation: Cleanup
Event: 9.830 Executing VM operation: Cleanup done
Event: 10.211 Executing VM operation: HandshakeAllThreads (Deoptimize)
Event: 10.361 Executing VM operation: HandshakeAllThreads (Deoptimize) done
Event: 10.586 Executing VM operation: HandshakeAllThreads (Deoptimize)
Event: 10.586 Executing VM operation: HandshakeAllThreads (Deoptimize) done
Event: 10.763 Executing VM operation: HandshakeAllThreads (Deoptimize)
Event: 10.763 Executing VM operation: HandshakeAllThreads (Deoptimize) done
Event: 11.773 Executing VM operation: Cleanup
Event: 11.797 Executing VM operation: Cleanup done
Event: 12.792 Executing VM operation: HandshakeAllThreads (Deoptimize)
Event: 12.792 Executing VM operation: HandshakeAllThreads (Deoptimize) done
Event: 13.067 Executing VM operation: HandshakeAllThreads (Deoptimize)
Event: 13.085 Executing VM operation: HandshakeAllThreads (Deoptimize) done
Event: 13.085 Executing VM operation: Cleanup
Event: 13.085 Executing VM operation: Cleanup done
Event: 13.319 Executing VM operation: HandshakeAllThreads (Deoptimize)
Event: 13.319 Executing VM operation: HandshakeAllThreads (Deoptimize) done

Events (20 events):
Event: 0.178 Thread 0x000002127c26d0d0 Thread added: 0x000002127c26d0d0
Event: 0.316 Thread 0x000002127f76d190 Thread added: 0x000002127f76d190
Event: 0.316 Thread 0x000002127f76e260 Thread added: 0x000002127f76e260
Event: 0.318 Thread 0x000002127f773e40 Thread added: 0x000002127f773e40
Event: 0.318 Thread 0x000002127f775240 Thread added: 0x000002127f775240
Event: 0.319 Thread 0x000002127f775ca0 Thread added: 0x000002127f775ca0
Event: 0.319 Thread 0x000002127f7768b0 Thread added: 0x000002127f7768b0
Event: 0.319 Thread 0x000002127f777920 Thread added: 0x000002127f777920
Event: 0.341 Thread 0x00000212600083d0 Thread added: 0x00000212600083d0
Event: 1.059 Thread 0x00000212600e7110 Thread added: 0x00000212600e7110
Event: 1.068 Thread 0x00000212600e9950 Thread added: 0x00000212600e9950
Event: 4.293 Thread 0x0000021260c9a150 Thread added: 0x0000021260c9a150
Event: 4.336 Thread 0x0000021260788420 Thread added: 0x0000021260788420
Event: 6.544 Thread 0x0000021260e106a0 Thread added: 0x0000021260e106a0
Event: 6.608 Thread 0x0000021260e106a0 Thread exited: 0x0000021260e106a0
Event: 7.848 Thread 0x0000021261573960 Thread added: 0x0000021261573960
Event: 10.757 Thread 0x0000021261573960 Thread exited: 0x0000021261573960
Event: 12.964 Thread 0x00000212611d7a70 Thread added: 0x00000212611d7a70
Event: 13.030 Thread 0x00000212618a9800 Thread added: 0x00000212618a9800
Event: 13.030 Thread 0x00000212611d7a70 Thread exited: 0x00000212611d7a70


Dynamic libraries:
0x00007ff73c460000 - 0x00007ff73c470000 	C:\Program Files\Java\jdk-21\bin\java.exe
0x00007fff003d0000 - 0x00007fff005e6000 	C:\WINDOWS\SYSTEM32\ntdll.dll
0x00007ffeff090000 - 0x00007ffeff154000 	C:\WINDOWS\System32\KERNEL32.DLL
0x00007ffefd9d0000 - 0x00007ffefdd77000 	C:\WINDOWS\System32\KERNELBASE.dll
0x00007ffefd760000 - 0x00007ffefd871000 	C:\WINDOWS\System32\ucrtbase.dll
0x00007ffee0580000 - 0x00007ffee0599000 	C:\Program Files\Java\jdk-21\bin\jli.dll
0x00007ffeffdb0000 - 0x00007ffeffe62000 	C:\WINDOWS\System32\ADVAPI32.dll
0x00007ffefe650000 - 0x00007ffefe6f7000 	C:\WINDOWS\System32\msvcrt.dll
0x00007ffeff1f0000 - 0x00007ffeff298000 	C:\WINDOWS\System32\sechost.dll
0x00007ffefd880000 - 0x00007ffefd8a8000 	C:\WINDOWS\System32\bcrypt.dll
0x00007ffefe880000 - 0x00007ffefe995000 	C:\WINDOWS\System32\RPCRT4.dll
0x00007ffeffe70000 - 0x00007fff0001e000 	C:\WINDOWS\System32\USER32.dll
0x00007ffefde00000 - 0x00007ffefde26000 	C:\WINDOWS\System32\win32u.dll
0x00007ffeff480000 - 0x00007ffeff4a9000 	C:\WINDOWS\System32\GDI32.dll
0x00007ffefd8b0000 - 0x00007ffefd9c9000 	C:\WINDOWS\System32\gdi32full.dll
0x00007ffefdfa0000 - 0x00007ffefe03a000 	C:\WINDOWS\System32\msvcp_win.dll
0x00007ffee01a0000 - 0x00007ffee01bb000 	C:\Program Files\Java\jdk-21\bin\VCRUNTIME140.dll
0x00007ffee2a80000 - 0x00007ffee2d13000 	C:\WINDOWS\WinSxS\amd64_microsoft.windows.common-controls_6595b64144ccf1df_6.0.22621.3235_none_270f74e173860f98\COMCTL32.dll
0x00007ffef6cc0000 - 0x00007ffef6cca000 	C:\WINDOWS\SYSTEM32\VERSION.dll
0x00007ffefe180000 - 0x00007ffefe1b1000 	C:\WINDOWS\System32\IMM32.DLL
0x00007ffef66d0000 - 0x00007ffef66dc000 	C:\Program Files\Java\jdk-21\bin\vcruntime140_1.dll
0x00007ffebd760000 - 0x00007ffebd7ee000 	C:\Program Files\Java\jdk-21\bin\msvcp140.dll
0x00007ffe9a330000 - 0x00007ffe9b047000 	C:\Program Files\Java\jdk-21\bin\server\jvm.dll
0x00007ffefe100000 - 0x00007ffefe171000 	C:\WINDOWS\System32\WS2_32.dll
0x00007ffefd510000 - 0x00007ffefd55d000 	C:\WINDOWS\SYSTEM32\POWRPROF.dll
0x00007ffef6840000 - 0x00007ffef6874000 	C:\WINDOWS\SYSTEM32\WINMM.dll
0x00007ffefd3f0000 - 0x00007ffefd403000 	C:\WINDOWS\SYSTEM32\UMPDC.dll
0x00007ffefc700000 - 0x00007ffefc718000 	C:\WINDOWS\SYSTEM32\kernel.appcore.dll
0x00007ffef29c0000 - 0x00007ffef29ca000 	C:\Program Files\Java\jdk-21\bin\jimage.dll
0x00007ffef48b0000 - 0x00007ffef4ae3000 	C:\WINDOWS\SYSTEM32\DBGHELP.DLL
0x00007ffefebb0000 - 0x00007ffefef38000 	C:\WINDOWS\System32\combase.dll
0x00007ffefefb0000 - 0x00007ffeff087000 	C:\WINDOWS\System32\OLEAUT32.dll
0x00007ffef41b0000 - 0x00007ffef41e2000 	C:\WINDOWS\SYSTEM32\dbgcore.DLL
0x00007ffefdd80000 - 0x00007ffefddf9000 	C:\WINDOWS\System32\bcryptPrimitives.dll
0x00007ffedd2e0000 - 0x00007ffedd2ff000 	C:\Program Files\Java\jdk-21\bin\java.dll
0x00007ffeff4c0000 - 0x00007ffeffd1c000 	C:\WINDOWS\System32\SHELL32.dll
0x00007ffefb600000 - 0x00007ffefbef9000 	C:\WINDOWS\SYSTEM32\windows.storage.dll
0x00007ffefb4c0000 - 0x00007ffefb5fe000 	C:\WINDOWS\SYSTEM32\wintypes.dll
0x00007fff000d0000 - 0x00007fff001c3000 	C:\WINDOWS\System32\SHCORE.dll
0x00007ffeff400000 - 0x00007ffeff45e000 	C:\WINDOWS\System32\shlwapi.dll
0x00007ffefd620000 - 0x00007ffefd641000 	C:\WINDOWS\SYSTEM32\profapi.dll
0x00007ffebe420000 - 0x00007ffebe4f7000 	C:\Program Files\Java\jdk-21\bin\jsvml.dll
0x00007ffef2990000 - 0x00007ffef29a0000 	C:\Program Files\Java\jdk-21\bin\net.dll
0x00007ffef6ac0000 - 0x00007ffef6bf6000 	C:\WINDOWS\SYSTEM32\WINHTTP.dll
0x00007ffefcb70000 - 0x00007ffefcbd9000 	C:\WINDOWS\system32\mswsock.dll
0x00007ffedbf70000 - 0x00007ffedbf86000 	C:\Program Files\Java\jdk-21\bin\nio.dll
0x00007ffedb6f0000 - 0x00007ffedb708000 	C:\Program Files\Java\jdk-21\bin\zip.dll
0x00007ffefa300000 - 0x00007ffefa30a000 	C:\Program Files\Java\jdk-21\bin\management.dll
0x00007ffef7b90000 - 0x00007ffef7b9b000 	C:\Program Files\Java\jdk-21\bin\management_ext.dll
0x00007ffeff4b0000 - 0x00007ffeff4b8000 	C:\WINDOWS\System32\PSAPI.DLL
0x00007ffefc160000 - 0x00007ffefc18d000 	C:\WINDOWS\SYSTEM32\IPHLPAPI.DLL
0x00007ffefe700000 - 0x00007ffefe709000 	C:\WINDOWS\System32\NSI.dll
0x00007ffefc1d0000 - 0x00007ffefc2c9000 	C:\WINDOWS\SYSTEM32\DNSAPI.dll
0x00007ffef41a0000 - 0x00007ffef41aa000 	C:\Windows\System32\rasadhlp.dll
0x00007ffef5580000 - 0x00007ffef5603000 	C:\WINDOWS\System32\fwpuclnt.dll
0x00007ffef0950000 - 0x00007ffef095e000 	C:\Program Files\Java\jdk-21\bin\sunmscapi.dll
0x00007ffefde30000 - 0x00007ffefdf97000 	C:\WINDOWS\System32\CRYPT32.dll
0x00007ffefcfc0000 - 0x00007ffefcfee000 	C:\WINDOWS\SYSTEM32\ncrypt.dll
0x00007ffefcf80000 - 0x00007ffefcfb7000 	C:\WINDOWS\SYSTEM32\NTASN1.dll
0x00007ffefce10000 - 0x00007ffefce2b000 	C:\WINDOWS\SYSTEM32\CRYPTSP.dll
0x00007ffefc660000 - 0x00007ffefc695000 	C:\WINDOWS\system32\rsaenh.dll
0x00007ffefcc80000 - 0x00007ffefcca8000 	C:\WINDOWS\SYSTEM32\USERENV.dll
0x00007ffefcde0000 - 0x00007ffefcdec000 	C:\WINDOWS\SYSTEM32\CRYPTBASE.dll

dbghelp: loaded successfully - version: 4.0.5 - missing functions: none
symbol engine: initialized successfully - sym options: 0x614 - pdb path: .;C:\Program Files\Java\jdk-21\bin;C:\WINDOWS\SYSTEM32;C:\WINDOWS\WinSxS\amd64_microsoft.windows.common-controls_6595b64144ccf1df_6.0.22621.3235_none_270f74e173860f98;C:\Program Files\Java\jdk-21\bin\server

VM Arguments:
jvm_args: -XX:+ShowCodeDetailsInExceptionMessages 
java_command: com._yzhheng.SpringBootStarter
java_class_path (initial): C:\Users\zheng\Documents\Java project\gulimall-java-project\gulimall-ware\target\classes;C:\Users\zheng\.m2\repository\org\springframework\boot\spring-boot-starter-data-jpa\3.2.5\spring-boot-starter-data-jpa-3.2.5.jar;C:\Users\zheng\.m2\repository\org\springframework\boot\spring-boot-starter-aop\3.2.5\spring-boot-starter-aop-3.2.5.jar;C:\Users\zheng\.m2\repository\org\springframework\spring-aop\6.1.6\spring-aop-6.1.6.jar;C:\Users\zheng\.m2\repository\org\aspectj\aspectjweaver\1.9.22\aspectjweaver-1.9.22.jar;C:\Users\zheng\.m2\repository\org\springframework\boot\spring-boot-starter-jdbc\3.2.5\spring-boot-starter-jdbc-3.2.5.jar;C:\Users\zheng\.m2\repository\com\zaxxer\HikariCP\5.0.1\HikariCP-5.0.1.jar;C:\Users\zheng\.m2\repository\org\springframework\spring-jdbc\6.1.6\spring-jdbc-6.1.6.jar;C:\Users\zheng\.m2\repository\org\hibernate\orm\hibernate-core\6.4.4.Final\hibernate-core-6.4.4.Final.jar;C:\Users\zheng\.m2\repository\jakarta\persistence\jakarta.persistence-api\3.1.0\jakarta.persistence-api-3.1.0.jar;C:\Users\zheng\.m2\repository\jakarta\transaction\jakarta.transaction-api\2.0.1\jakarta.transaction-api-2.0.1.jar;C:\Users\zheng\.m2\repository\org\jboss\logging\jboss-logging\3.5.3.Final\jboss-logging-3.5.3.Final.jar;C:\Users\zheng\.m2\repository\org\hibernate\common\hibernate-commons-annotations\6.0.6.Final\hibernate-commons-annotations-6.0.6.Final.jar;C:\Users\zheng\.m2\repository\io\smallrye\jandex\3.1.2\jandex-3.1.2.jar;C:\Users\zheng\.m2\repository\com\fasterxml\classmate\1.6.0\classmate-1.6.0.jar;C:\Users\zheng\.m2\repository\net\bytebuddy\byte-buddy\1.14.13\byte-buddy-1.14.13.jar;C:\Users\zheng\.m2\repository\org\glassfish\jaxb\jaxb-runtime\4.0.5\jaxb-runtime-4.0.5.jar;C:\Users\zheng\.m2\repository\org\glassfish\jaxb\jaxb-core\4.0.5\jaxb-core-4.0.5.jar;C:\Users\zheng\.m2\repository\org\eclipse\angus\angus-activation\2.0.2\angus-activation-2.0.2.jar;C:\Users\zheng\.m2\repository\org\glassfish\jaxb\txw2\4.0.5\txw2-4.0.5.jar;C:\Users\zheng\.m2\repository\com\sun\istack\istack-commons-runtime\4.1.2\istack-commons-runtime-4.1.2.jar;C:\Users\zheng\.m2\repository\jakarta\inject\jakarta.inject-api\2.0.1\jakarta.inject-api-2.0.1.jar;C:\Users\zheng\.m2\repository\org\antlr\antlr4-runtime\4.13.0\antlr4-runtime-4.13.0.jar;C:\Users\zheng\.m2\repository\org\springframework\data\spring-data-jpa\3.2.5\spring-data-jpa-3.2.5.jar;C:\Users\zheng\.m2\repository\org\springframework\data\spring-data-commons\3.2.5\spring-data-commons-3.2.5.jar;C:\Users\zheng\.m2\repository\org\springframework\spring-orm\6.1.6\spring-orm-6.1.6.jar;C:\Users\zheng\.m2\repository\org\springframework\spring-context\6.1.6\spring-context-6.1.6.jar;C:\Users\zheng\.m2\repository\org\springframework\spring-tx\6.1.6\spring-tx-6.1.6.jar;C:\Users\zheng\.m2\repository\org\springframework\spring-beans\6.1.6\spring-beans-6.1.6.jar;C:\Users\zheng\.m2\repository\jakarta\annotation\jakarta.annotation-api\2.1.1\jakarta.annotation-api-2.1.1.jar;C:\Users\zheng\.m2\repository\org\slf4j\slf4j-api\2.0.13\slf4j-api-2.0.13.jar;C:\Users\zheng\.m2\repository\org\springframework\spring-aspects\6.1.6\spring-aspects-6.1.6.jar;C:\Users\zheng\.m2\repository\org\springframework\boot\spring-boot-starter-web\3.2.5\spring-boot-starter-web-3.2.5.jar;C:\Users\zheng\.m2\repository\org\springframework\boot\spring-boot-starter\3.2.5\spring-boot-starter-3.2.5.jar;C:\Users\zheng\.m2\repository\org\springframework\boot\spring-boot-starter-logging\3.2.5\spring-boot-starter-logging-3.2.5.jar;C:\Users\zheng\.m2\repository\ch\qos\logback\logback-classic\1.4.14\logback-classic-1.4.14.jar;C:\Users\zheng\.m2\repository\ch\qos\logback\logback-core\1.4.14\logback-core-1.4.14.jar;C:\Users\zheng\.m2\repository\org\apache\logging\log4j\log4j-to-slf4j\2.21.1\log4j-to-slf4j-2.21.1.jar;C:\Users\zheng\.m2\repository\org\apache\logging\log4j\log4j-api\2.21.1\log4j-api-2.21.1.jar;C:\Users\zheng\.m2\repository\org\slf4j\jul-to-slf4j\2.0.13\jul-to-slf4j-2.0.13.jar;C:\Users\zheng\.m2\repository\org\yaml\snakeyaml\2.2\snakeyaml-2.2.jar;C:\Users\zheng\.m2\repository\org\springframework\boot\spring-boot-starter-json\3.2.5\spring-boot-starter-json-3.2.5.jar;C:\Users\zheng\.m2\repository\com\fasterxml\jackson\core\jackson-databind\2.15.4\jackson-databind-2.15.4.jar;C:\Users\zheng\.m2\repository\com\fasterxml\jackson\core\jackson-annotations\2.15.4\jackson-annotations-2.15.4.jar;C:\Users\zheng\.m2\repository\com\fasterxml\jackson\core\jackson-core\2.15.4\jackson-core-2.15.4.jar;C:\Users\zheng\.m2\repository\com\fasterxml\jackson\datatype\jackson-datatype-jdk8\2.15.4\jackson-datatype-jdk8-2.15.4.jar;C:\Users\zheng\.m2\repository\com\fasterxml\jackson\datatype\jackson-datatype-jsr310\2.15.4\jackson-datatype-jsr310-2.15.4.jar;C:\Users\zheng\.m2\repository\com\fasterxml\jackson\module\jackson-module-parameter-names\2.15.4\jackson-module-parameter-names-2.15.4.jar;C:\Users\zheng\.m2\repository\org\springframework\boot\spring-boot-starter-tomcat\3.2.5\spring-boot-starter-tomcat-3.2.5.jar;C:\Users\zheng\.m2\repository\org\apache\tomcat\embed\tomcat-embed-core\10.1.20\tomcat-embed-core-10.1.20.jar;C:\Users\zheng\.m2\repository\org\apache\tomcat\embed\tomcat-embed-el\10.1.20\tomcat-embed-el-10.1.20.jar;C:\Users\zheng\.m2\repository\org\apache\tomcat\embed\tomcat-embed-websocket\10.1.20\tomcat-embed-websocket-10.1.20.jar;C:\Users\zheng\.m2\repository\org\springframework\spring-web\6.1.6\spring-web-6.1.6.jar;C:\Users\zheng\.m2\repository\io\micrometer\micrometer-observation\1.12.5\micrometer-observation-1.12.5.jar;C:\Users\zheng\.m2\repository\io\micrometer\micrometer-commons\1.12.5\micrometer-commons-1.12.5.jar;C:\Users\zheng\.m2\repository\org\springframework\spring-webmvc\6.1.6\spring-webmvc-6.1.6.jar;C:\Users\zheng\.m2\repository\org\springframework\spring-expression\6.1.6\spring-expression-6.1.6.jar;C:\Users\zheng\.m2\repository\org\springframework\cloud\spring-cloud-starter-openfeign\4.1.1\spring-cloud-starter-openfeign-4.1.1.jar;C:\Users\zheng\.m2\repository\org\springframework\cloud\spring-cloud-starter\4.1.2\spring-cloud-starter-4.1.2.jar;C:\Users\zheng\.m2\repository\org\springframework\cloud\spring-cloud-context\4.1.2\spring-cloud-context-4.1.2.jar;C:\Users\zheng\.m2\repository\org\springframework\security\spring-security-rsa\1.1.2\spring-security-rsa-1.1.2.jar;C:\Users\zheng\.m2\repository\org\bouncycastle\bcprov-jdk18on\1.77\bcprov-jdk18on-1.77.jar;C:\Users\zheng\.m2\repository\org\springframework\cloud\spring-cloud-openfeign-core\4.1.1\spring-cloud-openfeign-core-4.1.1.jar;C:\Users\zheng\.m2\repository\io\github\openfeign\form\feign-form-spring\3.8.0\feign-form-spring-3.8.0.jar;C:\Users\zheng\.m2\repository\io\github\openfeign\form\feign-form\3.8.0\feign-form-3.8.0.jar;C:\Users\zheng\.m2\repository\commons-fileupload\commons-fileupload\1.5\commons-fileupload-1.5.jar;C:\Users\zheng\.m2\repository\commons-io\commons-io\2.11.0\commons-io-2.11.0.jar;C:\Users\zheng\.m2\repository\org\springframework\cloud\spring-cloud-commons\4.1.2\spring-cloud-commons-4.1.2.jar;C:\Users\zheng\.m2\repository\org\springframework\security\spring-security-crypto\6.2.4\spring-security-crypto-6.2.4.jar;C:\Users\zheng\.m2\repository\io\github\openfeign\feign-core\13.2.1\feign-core-13.2.1.jar;C:\Users\zheng\.m2\repository\io\github\openfeign\feign-slf4j\13.2.1\feign-slf4j-13.2.1.jar;C:\Users\zheng\.m2\repository\org\springframework\boot\spring-boot-devtools\3.2.5\spring-boot-devtools-3.2.5.jar;C:\Users\zheng\.m2\repository\org\springframework\boot\spring-boot\3.2.5\spring-boot-3.2.5.jar;C:\Users\zheng\.m2\repository\org\springframework\boot\spring-boot-autoconfigure\3.2.5\spring-boot-autoconfigure-3.2.5.jar;C:\Users\zheng\.m2\repository\org\projectlombok\lombok\1.18.32\lombok-1.18.32.jar;C:\Users\zheng\.m2\repository\jakarta\xml\bind\jakarta.xml.bind-api\4.0.2\jakarta.xml.bind-api-4.0.2.jar;C:\Users\zheng\.m2\repository\jakarta\activation\jakarta.activation-api\2.1.3\jakarta.activation-api-2.1.3.jar;C:\Users\zheng\.m2\repository\org\springframework\spring-core\6.1.6\spring-core-6.1.6.jar;C:\Users\zheng\.m2\repository\org\springframework\spring-jcl\6.1.6\spring-jcl-6.1.6.jar;C:\Users\zheng\.m2\repository\org\modelmapper\modelmapper\3.0.0\modelmapper-3.0.0.jar;C:\Users\zheng\Documents\Java project\gulimall-java-project\gulimall-common\target\classes;C:\Users\zheng\.m2\repository\com\alibaba\cloud\spring-cloud-starter-alibaba-nacos-discovery\2023.0.1.0\spring-cloud-starter-alibaba-nacos-discovery-2023.0.1.0.jar;C:\Users\zheng\.m2\repository\com\alibaba\cloud\spring-cloud-alibaba-commons\2023.0.1.0\spring-cloud-alibaba-commons-2023.0.1.0.jar;C:\Users\zheng\.m2\repository\com\alibaba\nacos\nacos-client\2.3.2\nacos-client-2.3.2.jar;C:\Users\zheng\.m2\repository\com\alibaba\nacos\nacos-auth-plugin\2.3.2\nacos-auth-plugin-2.3.2.jar;C:\Users\zheng\.m2\repository\com\alibaba\nacos\nacos-encryption-plugin\2.3.2\nacos-encryption-plugin-2.3.2.jar;C:\Users\zheng\.m2\repository\commons-codec\commons-codec\1.16.1\commons-codec-1.16.1.jar;C:\Users\zheng\.m2\repository\org\apache\httpcomponents\httpasyncclient\4.1.5\httpasyncclient-4.1.5.jar;C:\Users\zheng\.m2\repository\org\apache\httpcomponents\httpcore-nio\4.4.16\httpcore-nio-4.4.16.jar;C:\Users\zheng\.m2\repository\org\apache\httpcomponents\httpclient\4.5.13\httpclient-4.5.13.jar;C:\Users\zheng\.m2\repository\org\apache\httpcomponents\httpcore\4.4.16\httpcore-4.4.16.jar;C:\Users\zheng\.m2\repository\io\prometheus\simpleclient\0.16.0\simpleclient-0.16.0.jar;C:\Users\zheng\.m2\repository\io\prometheus\simpleclient_tracer_otel\0.16.0\simpleclient_tracer_otel-0.16.0.jar;C:\Users\zheng\.m2\repository\io\prometheus\simpleclient_tracer_common\0.16.0\simpleclient_tracer_common-0.16.0.jar;C:\Users\zheng\.m2\repository\io\prometheus\simpleclient_tracer_otel_agent\0.16.0\simpleclient_tracer_otel_agent-0.16.0.jar;C:\Users\zheng\.m2\repository\io\micrometer\micrometer-core\1.12.5\micrometer-core-1.12.5.jar;C:\Users\zheng\.m2\repository\org\hdrhistogram\HdrHistogram\2.1.12\HdrHistogram-2.1.12.jar;C:\Users\zheng\.m2\repository\org\latencyutils\LatencyUtils\2.0.3\LatencyUtils-2.0.3.jar;C:\Users\zheng\.m2\repository\com\alibaba\spring\spring-context-support\1.0.11\spring-context-support-1.0.11.jar;C:\Users\zheng\.m2\repository\com\alibaba\cloud\spring-cloud-starter-alibaba-nacos-config\2023.0.1.0\spring-cloud-starter-alibaba-nacos-config-2023.0.1.0.jar;C:\Users\zheng\.m2\repository\org\springframework\cloud\spring-cloud-starter-bootstrap\4.1.2\spring-cloud-starter-bootstrap-4.1.2.jar;C:\Users\zheng\.m2\repository\com\alibaba\fastjson\1.2.15\fastjson-1.2.15.jar;C:\Users\zheng\.m2\repository\com\mysql\mysql-connector-j\8.0.33\mysql-connector-j-8.0.33.jar
Launcher Type: SUN_STANDARD

[Global flags]
     intx CICompilerCount                          = 4                                         {product} {ergonomic}
     uint ConcGCThreads                            = 2                                         {product} {ergonomic}
     uint G1ConcRefinementThreads                  = 8                                         {product} {ergonomic}
   size_t G1HeapRegionSize                         = 1048576                                   {product} {ergonomic}
    uintx GCDrainStackTargetSize                   = 64                                        {product} {ergonomic}
   size_t InitialHeapSize                          = 100663296                                 {product} {ergonomic}
   size_t MarkStackSize                            = 4194304                                   {product} {ergonomic}
   size_t MaxHeapSize                              = 1595932672                                {product} {ergonomic}
   size_t MaxNewSize                               = 957349888                                 {product} {ergonomic}
   size_t MinHeapDeltaBytes                        = 1048576                                   {product} {ergonomic}
   size_t MinHeapSize                              = 8388608                                   {product} {ergonomic}
    uintx NonNMethodCodeHeapSize                   = 5839372                                {pd product} {ergonomic}
    uintx NonProfiledCodeHeapSize                  = 122909434                              {pd product} {ergonomic}
    uintx ProfiledCodeHeapSize                     = 122909434                              {pd product} {ergonomic}
    uintx ReservedCodeCacheSize                    = 251658240                              {pd product} {ergonomic}
     bool SegmentedCodeCache                       = true                                      {product} {ergonomic}
     bool ShowCodeDetailsInExceptionMessages       = true                                   {manageable} {command line}
   size_t SoftMaxHeapSize                          = 1595932672                             {manageable} {ergonomic}
     bool UseCompressedOops                        = true                           {product lp64_product} {ergonomic}
     bool UseG1GC                                  = true                                      {product} {ergonomic}
     bool UseLargePagesIndividualAllocation        = false                                  {pd product} {ergonomic}

Logging:
Log output configuration:
 #0: stdout all=warning uptime,level,tags foldmultilines=false
 #1: stderr all=off uptime,level,tags foldmultilines=false

Environment Variables:
JAVA_HOME=C:\Program Files\Java\jdk-21
PATH=C:\Program Files\tt\tt.bat;C:\Program Files\Java\jdk-21\bin;C:\Program Files\Common Files\Oracle\Java\javapath;C:\Program Files (x86)\Common Files\Oracle\Java\javapath;C:\Windows\system32;C:\Windows;C:\Windows\System32\Wbem;C:\Windows\System32\WindowsPowerShell\v1.0\;C:\Windows\System32\OpenSSH\;C:\Program Files (x86)\NVIDIA Corporation\PhysX\Common;C:\Program Files\NVIDIA Corporation\NVIDIA NvDLISR;C:\WINDOWS\system32;C:\WINDOWS;C:\WINDOWS\System32\Wbem;C:\WINDOWS\System32\WindowsPowerShell\v1.0\;C:\WINDOWS\System32\OpenSSH\;C:\Program Files\Git\cmd;C:\Gradle\bin;C:\HashiCorp\Vagrant\bin;C:\Program Files\Docker\Docker\resources\bin;C:\ProgramData\ComposerSetup\bin;C:\ProgramData\chocolatey\bin;C:\Program Files\php-8.1.22;C:\flutter\flutter\bin;C:\Program Files\apache-maven-3.9.6-bin\apache-maven-3.9.6\bin;C:\Users\zheng\AppData\Roaming\nvm;C:\Program Files\nodejs;C:\Program Files\tt\tt.bat;C:\Program Files\MySQL\MySQL Shell 8.0\bin\;C:\Users\zheng\AppData\Local\Programs\Python\Python311\Scripts;C:\Users\zheng\AppData\Local\Programs\Python\Python311\;C:\Users\zheng\AppData\Local\Microsoft\WindowsApps;C:\Users\zheng\AppData\Local\Programs\Microsoft VS Code\bin;C:\Users\zheng\.julia\conda\3\x86_64\Scripts;C:\Users\zheng\AppData\Roaming\npm;C:\Users\zheng\AppData\Roaming\Composer\vendor\bin;C:\Program Files\heroku\bin;C:\flutter\flutter\bin;C:\Users\zheng\AppData\Local\Android\Sdk\platforms;C:\Users\zheng\AppData\Local\Android\Sdk\platform-tools;C:\Users\zheng\AppData\Roaming\nvm;C:\Program Files\nodejs;
USERNAME=zheng
LANG=en_US.UTF-8
OS=Windows_NT
PROCESSOR_IDENTIFIER=AMD64 Family 23 Model 24 Stepping 1, AuthenticAMD
TMP=C:\Users\zheng\AppData\Local\Temp
TEMP=C:\Users\zheng\AppData\Local\Temp




Periodic native trim disabled

---------------  S Y S T E M  ---------------

OS:
 Windows 11 , 64 bit Build 22621 (10.0.22621.3374)
OS uptime: 14 days 9:25 hours
Hyper-V role detected

CPU: total 8 (initial active 8) (8 cores per cpu, 2 threads per core) family 23 model 24 stepping 1 microcode 0x0, cx8, cmov, fxsr, ht, mmx, 3dnowpref, sse, sse2, sse3, ssse3, sse4a, sse4.1, sse4.2, popcnt, lzcnt, tsc, tscinvbit, avx, avx2, aes, clmul, bmi1, bmi2, adx, sha, fma, vzeroupper, clflush, clflushopt, hv, rdtscp, f16c
Processor Information for all 8 processors :
  Max Mhz: 2300, Current Mhz: 2300, Mhz Limit: 2300

Memory: 4k page, system-wide physical 6082M (82M free)
TotalPageFile size 24514M (AvailPageFile size 35M)
current process WorkingSet (physical memory assigned to process): 147M, peak: 148M
current process commit charge ("private bytes"): 235M, peak: 237M

vm_info: Java HotSpot(TM) 64-Bit Server VM (21.0.2+13-LTS-58) for windows-amd64 JRE (21.0.2+13-LTS-58), built on 2024-01-05T18:32:24Z by "mach5one" with MS VC++ 17.1 (VS2022)

END.
