#
# There is insufficient memory for the Java Runtime Environment to continue.
# Native memory allocation (malloc) failed to allocate 1048576 bytes for AllocateHeap
# Possible reasons:
#   The system is out of physical RAM or swap space
#   The process is running with CompressedOops enabled, and the Java Heap may be blocking the growth of the native heap
# Possible solutions:
#   Reduce memory load on the system
#   Increase physical memory or swap space
#   Check if swap backing store is full
#   Decrease Java heap size (-Xmx/-Xms)
#   Decrease number of Java threads
#   Decrease Java thread stack sizes (-Xss)
#   Set larger code cache with -XX:ReservedCodeCacheSize=
#   JVM is running with Unscaled Compressed Oops mode in which the Java heap is
#     placed in the first 4GB address space. The Java Heap base address is the
#     maximum limit for the native heap growth. Please use -XX:HeapBaseMinAddress
#     to set the Java Heap base and to place the Java Heap above 4GB virtual address.
# This output file may be truncated or incomplete.
#
#  Out of Memory Error (allocation.cpp:44), pid=30368, tid=31436
#
# JRE version: OpenJDK Runtime Environment Temurin-17.0.10+7 (17.0.10+7) (build 17.0.10+7)
# Java VM: OpenJDK 64-Bit Server VM Temurin-17.0.10+7 (17.0.10+7, mixed mode, emulated-client, tiered, compressed oops, compressed class ptrs, g1 gc, windows-amd64)
# No core dump will be written. Minidumps are not enabled by default on client versions of Windows
#

---------------  S U M M A R Y ------------

Command Line: -Xmx1024m -Dsts.lsp.client=vscode -Dsts.log.file=/dev/null -XX:TieredStopAtLevel=1 -Xlog:jni+resolve=off -Dspring.config.location=file:c:\Users\zheng\.vscode\extensions\vmware.vscode-spring-boot-1.54.0\language-server\BOOT-INF\classes\application.properties org.springframework.ide.vscode.boot.app.BootLanguageServerBootApp

Host: AMD Ryzen 7 3750H with Radeon Vega Mobile Gfx  , 8 cores, 5G,  Windows 11 , 64 bit Build 22621 (10.0.22621.3374)
Time: Tue May  7 00:58:59 2024 Malay Peninsula Standard Time elapsed time: 4029.559755 seconds (0d 1h 7m 9s)

---------------  T H R E A D  ---------------

Current thread (0x00000237f33d23b0):  VMThread "VM Thread" [stack: 0x000000962c100000,0x000000962c200000] [id=31436]

Stack: [0x000000962c100000,0x000000962c200000]
Native frames: (J=compiled Java code, j=interpreted, Vv=VM code, C=native code)
V  [jvm.dll+0x67d2c9]
V  [jvm.dll+0x834afa]
V  [jvm.dll+0x8365be]
V  [jvm.dll+0x836c23]
V  [jvm.dll+0x2477ff]
V  [jvm.dll+0xa6c93]
V  [jvm.dll+0x2f8663]
V  [jvm.dll+0x2f42e0]
V  [jvm.dll+0x2dc8c7]
V  [jvm.dll+0x31fb87]
V  [jvm.dll+0x83b11b]
V  [jvm.dll+0x83be61]
V  [jvm.dll+0x83c37d]
V  [jvm.dll+0x83c754]
V  [jvm.dll+0x83c820]
V  [jvm.dll+0x7e3fba]
V  [jvm.dll+0x67c1b5]
C  [ucrtbase.dll+0x29333]
C  [KERNEL32.DLL+0x1257d]
C  [ntdll.dll+0x5aa48]

VM_Operation (0x000000962d9feaa0): G1CollectFull, mode: safepoint, requested by thread 0x00000237f8744f90


---------------  P R O C E S S  ---------------

Threads class SMR info:
_java_thread_list=0x00000237f864e570, length=28, elements={
0x00000237f33ea3a0, 0x00000237f33eb130, 0x00000237f33feed0, 0x00000237f33ffc60,
0x00000237f3400930, 0x00000237f358b090, 0x00000237f358d970, 0x00000237f359a530,
0x00000237f3775540, 0x00000237f3784170, 0x00000237f923dea0, 0x00000237f8744f90,
0x00000237f8745470, 0x00000237e85baad0, 0x00000237f9416b90, 0x00000237f9463c80,
0x00000237f8ca3b70, 0x00000237f8ca1800, 0x00000237f8ca1d10, 0x00000237f8ca6e10,
0x00000237f8ca3660, 0x00000237f8ca0de0, 0x00000237f8ca12f0, 0x00000237f8ca63f0,
0x00000237f8ca3150, 0x00000237f8ca08d0, 0x00000237f8ca54c0, 0x00000237fa0836e0
}

Java Threads: ( => current thread )
  0x00000237f33ea3a0 JavaThread "Reference Handler" daemon [_thread_blocked, id=12856, stack(0x000000962c200000,0x000000962c300000)]
  0x00000237f33eb130 JavaThread "Finalizer" daemon [_thread_blocked, id=2976, stack(0x000000962c300000,0x000000962c400000)]
  0x00000237f33feed0 JavaThread "Signal Dispatcher" daemon [_thread_blocked, id=23900, stack(0x000000962c400000,0x000000962c500000)]
  0x00000237f33ffc60 JavaThread "Attach Listener" daemon [_thread_blocked, id=24936, stack(0x000000962c500000,0x000000962c600000)]
  0x00000237f3400930 JavaThread "Service Thread" daemon [_thread_blocked, id=31004, stack(0x000000962c600000,0x000000962c700000)]
  0x00000237f358b090 JavaThread "Monitor Deflation Thread" daemon [_thread_blocked, id=15676, stack(0x000000962c700000,0x000000962c800000)]
  0x00000237f358d970 JavaThread "C1 CompilerThread0" daemon [_thread_blocked, id=11920, stack(0x000000962c800000,0x000000962c900000)]
  0x00000237f359a530 JavaThread "Sweeper thread" daemon [_thread_blocked, id=13436, stack(0x000000962c900000,0x000000962ca00000)]
  0x00000237f3775540 JavaThread "Notification Thread" daemon [_thread_blocked, id=20284, stack(0x000000962cb00000,0x000000962cc00000)]
  0x00000237f3784170 JavaThread "Common-Cleaner" daemon [_thread_blocked, id=4984, stack(0x000000962cd00000,0x000000962ce00000)]
  0x00000237f923dea0 JavaThread "boundedElastic-evictor-1" daemon [_thread_blocked, id=13788, stack(0x000000962d300000,0x000000962d400000)]
  0x00000237f8744f90 JavaThread "pool-13-thread-1" [_thread_blocked, id=17380, stack(0x000000962d900000,0x000000962da00000)]
  0x00000237f8745470 JavaThread "LanguageServerApp-lifecycle" [_thread_blocked, id=16544, stack(0x000000962da00000,0x000000962db00000)]
  0x00000237e85baad0 JavaThread "DestroyJavaVM" [_thread_blocked, id=9896, stack(0x000000962bb00000,0x000000962bc00000)]
  0x00000237f9416b90 JavaThread "pool-14-thread-1" [_thread_in_native, id=16552, stack(0x000000962db00000,0x000000962dc00000)]
  0x00000237f9463c80 JavaThread "Simple-Language-Server main thread" daemon [_thread_blocked, id=31300, stack(0x000000962dc00000,0x000000962dd00000)]
  0x00000237f8ca3b70 JavaThread "pool-8-thread-1" [_thread_blocked, id=25080, stack(0x000000962ec00000,0x000000962ed00000)]
  0x00000237f8ca1800 JavaThread "parallel-1" daemon [_thread_blocked, id=9560, stack(0x000000962ed00000,0x000000962ee00000)]
  0x00000237f8ca1d10 JavaThread "pool-6-thread-1" [_thread_blocked, id=19664, stack(0x000000962ee00000,0x000000962ef00000)]
  0x00000237f8ca6e10 JavaThread "parallel-2" daemon [_thread_blocked, id=29952, stack(0x000000962ef00000,0x000000962f000000)]
  0x00000237f8ca3660 JavaThread "parallel-3" daemon [_thread_blocked, id=24208, stack(0x000000962f000000,0x000000962f100000)]
  0x00000237f8ca0de0 JavaThread "parallel-4" daemon [_thread_blocked, id=29528, stack(0x000000962f100000,0x000000962f200000)]
  0x00000237f8ca12f0 JavaThread "parallel-5" daemon [_thread_blocked, id=25768, stack(0x000000962f200000,0x000000962f300000)]
  0x00000237f8ca63f0 JavaThread "parallel-6" daemon [_thread_blocked, id=9568, stack(0x000000962f300000,0x000000962f400000)]
  0x00000237f8ca3150 JavaThread "parallel-7" daemon [_thread_blocked, id=26416, stack(0x000000962f400000,0x000000962f500000)]
  0x00000237f8ca08d0 JavaThread "Reconciler-1" daemon [_thread_blocked, id=14640, stack(0x000000962f500000,0x000000962f600000)]
  0x00000237f8ca54c0 JavaThread "parallel-8" daemon [_thread_blocked, id=8036, stack(0x000000962f600000,0x000000962f700000)]
  0x00000237fa0836e0 JavaThread "CompletableFutureDelayScheduler" daemon [_thread_blocked, id=16996, stack(0x000000962de00000,0x000000962df00000)]

Other Threads:
=>0x00000237f33d23b0 VMThread "VM Thread" [stack: 0x000000962c100000,0x000000962c200000] [id=31436]
  0x00000237f3779a30 WatcherThread [stack: 0x000000962cc00000,0x000000962cd00000] [id=25636]
  0x00000237e85f6920 GCTaskThread "GC Thread#0" [stack: 0x000000962bc00000,0x000000962bd00000] [id=30780]
  0x00000237f885f870 GCTaskThread "GC Thread#1" [stack: 0x000000962ce00000,0x000000962cf00000] [id=1484]
  0x00000237f88378a0 GCTaskThread "GC Thread#2" [stack: 0x000000962cf00000,0x000000962d000000] [id=23104]
  0x00000237f8837b60 GCTaskThread "GC Thread#3" [stack: 0x000000962d000000,0x000000962d100000] [id=30212]
  0x00000237f8a54d00 GCTaskThread "GC Thread#4" [stack: 0x000000962ca00000,0x000000962cb00000] [id=20436]
  0x00000237f87b9040 GCTaskThread "GC Thread#5" [stack: 0x000000962d100000,0x000000962d200000] [id=21284]
  0x00000237f8d49040 GCTaskThread "GC Thread#6" [stack: 0x000000962d600000,0x000000962d700000] [id=21364]
  0x00000237f8d49300 GCTaskThread "GC Thread#7" [stack: 0x000000962d700000,0x000000962d800000] [id=25136]
  0x00000237e85ff780 ConcurrentGCThread "G1 Main Marker" [stack: 0x000000962bd00000,0x000000962be00000] [id=6000]
  0x00000237e86000b0 ConcurrentGCThread "G1 Conc#0" [stack: 0x000000962be00000,0x000000962bf00000] [id=30276]
  0x00000237f8d0f470 ConcurrentGCThread "G1 Conc#1" [stack: 0x000000962d800000,0x000000962d900000] [id=30444]
  0x00000237e8650cd0 ConcurrentGCThread "G1 Refine#0" [stack: 0x000000962bf00000,0x000000962c000000] [id=9252]
  0x00000237f3250af0 ConcurrentGCThread "G1 Service" [stack: 0x000000962c000000,0x000000962c100000] [id=27504]

Threads with active compile tasks:

VM state: at safepoint (normal execution)

VM Mutex/Monitor currently owned by a thread:  ([mutex/lock_event])
[0x00000237e64844d0] Threads_lock - owner thread: 0x00000237f33d23b0
[0x00000237e647eed0] Heap_lock - owner thread: 0x00000237f8744f90

Heap address: 0x00000000c0000000, size: 1024 MB, Compressed Oops mode: 32-bit

CDS archive(s) not mapped
Compressed class space mapped at: 0x0000000100000000-0x0000000140000000, reserved size: 1073741824
Narrow klass base: 0x0000000000000000, Narrow klass shift: 3, Narrow klass range: 0x140000000

GC Precious Log:
 CPUs: 8 total, 8 available
 Memory: 6082M
 Large Page Support: Disabled
 NUMA Support: Disabled
 Compressed Oops: Enabled (32-bit)
 Heap Region Size: 1M
 Heap Min Capacity: 8M
 Heap Initial Capacity: 96M
 Heap Max Capacity: 1G
 Pre-touch: Disabled
 Parallel Workers: 8
 Concurrent Workers: 2
 Concurrent Refinement Workers: 8
 Periodic GC: Disabled

Heap:
 garbage-first heap   total 157696K, used 50371K [0x00000000c0000000, 0x0000000100000000)
  region size 1024K, 1 young (1024K), 0 survivors (0K)
 Metaspace       used 61000K, committed 61440K, reserved 1114112K
  class space    used 7653K, committed 7872K, reserved 1048576K

Heap Regions: E=young(eden), S=young(survivor), O=old, HS=humongous(starts), HC=humongous(continues), CS=collection set, F=free, OA=open archive, CA=closed archive, TAMS=top-at-mark-start (previous, next)
|   0|0x00000000c0000000, 0x00000000c0100000, 0x00000000c0100000|100%|HS|  |TAMS 0x00000000c0100000, 0x00000000c0000000| Untracked 
|   1|0x00000000c0100000, 0x00000000c0200000, 0x00000000c0200000|100%|HC|  |TAMS 0x00000000c0200000, 0x00000000c0100000| Untracked 
|   2|0x00000000c0200000, 0x00000000c0300000, 0x00000000c0300000|100%|HC|  |TAMS 0x00000000c0300000, 0x00000000c0200000| Untracked 
|   3|0x00000000c0300000, 0x00000000c0400000, 0x00000000c0400000|100%|HC|  |TAMS 0x00000000c0400000, 0x00000000c0300000| Untracked 
|   4|0x00000000c0400000, 0x00000000c0500000, 0x00000000c0500000|100%|HS|  |TAMS 0x00000000c0500000, 0x00000000c0400000| Untracked 
|   5|0x00000000c0500000, 0x00000000c0600000, 0x00000000c0600000|100%|HC|  |TAMS 0x00000000c0600000, 0x00000000c0500000| Untracked 
|   6|0x00000000c0600000, 0x00000000c0700000, 0x00000000c0700000|100%| O|  |TAMS 0x00000000c0700000, 0x00000000c0600000| Untracked 
|   7|0x00000000c0700000, 0x00000000c0800000, 0x00000000c0800000|100%| O|  |TAMS 0x00000000c0800000, 0x00000000c0700000| Untracked 
|   8|0x00000000c0800000, 0x00000000c0900000, 0x00000000c0900000|100%| O|  |TAMS 0x00000000c0900000, 0x00000000c0800000| Untracked 
|   9|0x00000000c0900000, 0x00000000c0a00000, 0x00000000c0a00000|100%| O|  |TAMS 0x00000000c0a00000, 0x00000000c0900000| Untracked 
|  10|0x00000000c0a00000, 0x00000000c0afffd8, 0x00000000c0b00000| 99%| O|  |TAMS 0x00000000c0afffd8, 0x00000000c0a00000| Untracked 
|  11|0x00000000c0b00000, 0x00000000c0c00000, 0x00000000c0c00000|100%| O|  |TAMS 0x00000000c0c00000, 0x00000000c0b00000| Untracked 
|  12|0x00000000c0c00000, 0x00000000c0cfffe8, 0x00000000c0d00000| 99%| O|  |TAMS 0x00000000c0cfffe8, 0x00000000c0c00000| Untracked 
|  13|0x00000000c0d00000, 0x00000000c0e00000, 0x00000000c0e00000|100%| O|  |TAMS 0x00000000c0e00000, 0x00000000c0d00000| Untracked 
|  14|0x00000000c0e00000, 0x00000000c0f00000, 0x00000000c0f00000|100%| O|  |TAMS 0x00000000c0f00000, 0x00000000c0e00000| Untracked 
|  15|0x00000000c0f00000, 0x00000000c0ffffe0, 0x00000000c1000000| 99%| O|  |TAMS 0x00000000c0ffffe0, 0x00000000c0f00000| Untracked 
|  16|0x00000000c1000000, 0x00000000c10fb838, 0x00000000c1100000| 98%| O|  |TAMS 0x00000000c10fb838, 0x00000000c1000000| Untracked 
|  17|0x00000000c1100000, 0x00000000c11ffff8, 0x00000000c1200000| 99%| O|  |TAMS 0x00000000c11ffff8, 0x00000000c1100000| Untracked 
|  18|0x00000000c1200000, 0x00000000c12ffff8, 0x00000000c1300000| 99%| O|  |TAMS 0x00000000c12ffff8, 0x00000000c1200000| Untracked 
|  19|0x00000000c1300000, 0x00000000c1400000, 0x00000000c1400000|100%| O|  |TAMS 0x00000000c1400000, 0x00000000c1300000| Untracked 
|  20|0x00000000c1400000, 0x00000000c14ffff8, 0x00000000c1500000| 99%| O|  |TAMS 0x00000000c14ffff8, 0x00000000c1400000| Untracked 
|  21|0x00000000c1500000, 0x00000000c1600000, 0x00000000c1600000|100%| O|  |TAMS 0x00000000c1600000, 0x00000000c1500000| Untracked 
|  22|0x00000000c1600000, 0x00000000c16ffff8, 0x00000000c1700000| 99%| O|  |TAMS 0x00000000c16ffff8, 0x00000000c1600000| Untracked 
|  23|0x00000000c1700000, 0x00000000c17ffff0, 0x00000000c1800000| 99%| O|  |TAMS 0x00000000c17ffff0, 0x00000000c1700000| Untracked 
|  24|0x00000000c1800000, 0x00000000c18ffff8, 0x00000000c1900000| 99%| O|  |TAMS 0x00000000c18ffff8, 0x00000000c1800000| Untracked 
|  25|0x00000000c1900000, 0x00000000c19fffe0, 0x00000000c1a00000| 99%| O|  |TAMS 0x00000000c19fffe0, 0x00000000c1900000| Untracked 
|  26|0x00000000c1a00000, 0x00000000c1aff5d0, 0x00000000c1b00000| 99%| O|  |TAMS 0x00000000c1aff5d0, 0x00000000c1a00000| Untracked 
|  27|0x00000000c1b00000, 0x00000000c1bfffd8, 0x00000000c1c00000| 99%| O|  |TAMS 0x00000000c1bfffd8, 0x00000000c1b00000| Untracked 
|  28|0x00000000c1c00000, 0x00000000c1cfffd8, 0x00000000c1d00000| 99%| O|  |TAMS 0x00000000c1cfffd8, 0x00000000c1c00000| Untracked 
|  29|0x00000000c1d00000, 0x00000000c1dffff0, 0x00000000c1e00000| 99%| O|  |TAMS 0x00000000c1dffff0, 0x00000000c1d00000| Untracked 
|  30|0x00000000c1e00000, 0x00000000c1effff8, 0x00000000c1f00000| 99%| O|  |TAMS 0x00000000c1effff8, 0x00000000c1e00000| Untracked 
|  31|0x00000000c1f00000, 0x00000000c1fffff8, 0x00000000c2000000| 99%| O|  |TAMS 0x00000000c1fffff8, 0x00000000c1f00000| Untracked 
|  32|0x00000000c2000000, 0x00000000c20fd000, 0x00000000c2100000| 98%| O|  |TAMS 0x00000000c20fd000, 0x00000000c2000000| Untracked 
|  33|0x00000000c2100000, 0x00000000c21ffff8, 0x00000000c2200000| 99%| O|  |TAMS 0x00000000c21ffff8, 0x00000000c2100000| Untracked 
|  34|0x00000000c2200000, 0x00000000c2300000, 0x00000000c2300000|100%|HS|  |TAMS 0x00000000c2300000, 0x00000000c2200000| Untracked 
|  35|0x00000000c2300000, 0x00000000c2400000, 0x00000000c2400000|100%|HS|  |TAMS 0x00000000c2400000, 0x00000000c2300000| Untracked 
|  36|0x00000000c2400000, 0x00000000c24fd128, 0x00000000c2500000| 98%| O|  |TAMS 0x00000000c24fd128, 0x00000000c2400000| Untracked 
|  37|0x00000000c2500000, 0x00000000c25ffff8, 0x00000000c2600000| 99%| O|  |TAMS 0x00000000c25ffff8, 0x00000000c2500000| Untracked 
|  38|0x00000000c2600000, 0x00000000c2700000, 0x00000000c2700000|100%| O|  |TAMS 0x00000000c2700000, 0x00000000c2600000| Untracked 
|  39|0x00000000c2700000, 0x00000000c2800000, 0x00000000c2800000|100%| O|  |TAMS 0x00000000c2800000, 0x00000000c2700000| Untracked 
|  40|0x00000000c2800000, 0x00000000c2900000, 0x00000000c2900000|100%|HS|  |TAMS 0x00000000c2900000, 0x00000000c2800000| Untracked 
|  41|0x00000000c2900000, 0x00000000c29febb8, 0x00000000c2a00000| 99%| O|  |TAMS 0x00000000c29febb8, 0x00000000c2900000| Untracked 
|  42|0x00000000c2a00000, 0x00000000c2b00000, 0x00000000c2b00000|100%|HS|  |TAMS 0x00000000c2b00000, 0x00000000c2a00000| Untracked 
|  43|0x00000000c2b00000, 0x00000000c2bfffd0, 0x00000000c2c00000| 99%| O|  |TAMS 0x00000000c2bfffd0, 0x00000000c2b00000| Untracked 
|  44|0x00000000c2c00000, 0x00000000c2d00000, 0x00000000c2d00000|100%| O|  |TAMS 0x00000000c2d00000, 0x00000000c2c00000| Untracked 
|  45|0x00000000c2d00000, 0x00000000c2e00000, 0x00000000c2e00000|100%|HS|  |TAMS 0x00000000c2e00000, 0x00000000c2d00000| Untracked 
|  46|0x00000000c2e00000, 0x00000000c2eacb48, 0x00000000c2f00000| 67%| O|  |TAMS 0x00000000c2e00000, 0x00000000c2e00000| Untracked 
|  47|0x00000000c2f00000, 0x00000000c2ffffe8, 0x00000000c3000000| 99%| O|  |TAMS 0x00000000c2ffffe8, 0x00000000c2f00000| Untracked 
|  48|0x00000000c3000000, 0x00000000c30907b8, 0x00000000c3100000| 56%| O|  |TAMS 0x00000000c3000000, 0x00000000c3000000| Untracked 
|  49|0x00000000c3100000, 0x00000000c3100000, 0x00000000c3200000|  0%| F|  |TAMS 0x00000000c3100000, 0x00000000c3100000| Untracked 
|  50|0x00000000c3200000, 0x00000000c3200000, 0x00000000c3300000|  0%| F|  |TAMS 0x00000000c3200000, 0x00000000c3200000| Untracked 
|  51|0x00000000c3300000, 0x00000000c3300000, 0x00000000c3400000|  0%| F|  |TAMS 0x00000000c3300000, 0x00000000c3300000| Untracked 
|  52|0x00000000c3400000, 0x00000000c3400000, 0x00000000c3500000|  0%| F|  |TAMS 0x00000000c3400000, 0x00000000c3400000| Untracked 
|  53|0x00000000c3500000, 0x00000000c3500000, 0x00000000c3600000|  0%| F|  |TAMS 0x00000000c3500000, 0x00000000c3500000| Untracked 
|  54|0x00000000c3600000, 0x00000000c3600000, 0x00000000c3700000|  0%| F|  |TAMS 0x00000000c3600000, 0x00000000c3600000| Untracked 
|  55|0x00000000c3700000, 0x00000000c3800000, 0x00000000c3800000|100%| O|  |TAMS 0x00000000c3800000, 0x00000000c3700000| Untracked 
|  56|0x00000000c3800000, 0x00000000c3800000, 0x00000000c3900000|  0%| F|  |TAMS 0x00000000c3800000, 0x00000000c3800000| Untracked 
|  57|0x00000000c3900000, 0x00000000c3900000, 0x00000000c3a00000|  0%| F|  |TAMS 0x00000000c3900000, 0x00000000c3900000| Untracked 
|  58|0x00000000c3a00000, 0x00000000c3a00000, 0x00000000c3b00000|  0%| F|  |TAMS 0x00000000c3a00000, 0x00000000c3a00000| Untracked 
|  59|0x00000000c3b00000, 0x00000000c3b00000, 0x00000000c3c00000|  0%| F|  |TAMS 0x00000000c3b00000, 0x00000000c3b00000| Untracked 
|  60|0x00000000c3c00000, 0x00000000c3c00000, 0x00000000c3d00000|  0%| F|  |TAMS 0x00000000c3c00000, 0x00000000c3c00000| Untracked 
|  61|0x00000000c3d00000, 0x00000000c3d00000, 0x00000000c3e00000|  0%| F|  |TAMS 0x00000000c3d00000, 0x00000000c3d00000| Untracked 
|  62|0x00000000c3e00000, 0x00000000c3e00000, 0x00000000c3f00000|  0%| F|  |TAMS 0x00000000c3e00000, 0x00000000c3e00000| Untracked 
|  63|0x00000000c3f00000, 0x00000000c3f00000, 0x00000000c4000000|  0%| F|  |TAMS 0x00000000c3f00000, 0x00000000c3f00000| Untracked 
|  64|0x00000000c4000000, 0x00000000c4000000, 0x00000000c4100000|  0%| F|  |TAMS 0x00000000c4000000, 0x00000000c4000000| Untracked 
|  65|0x00000000c4100000, 0x00000000c4100000, 0x00000000c4200000|  0%| F|  |TAMS 0x00000000c4100000, 0x00000000c4100000| Untracked 
|  66|0x00000000c4200000, 0x00000000c4200000, 0x00000000c4300000|  0%| F|  |TAMS 0x00000000c4200000, 0x00000000c4200000| Untracked 
|  67|0x00000000c4300000, 0x00000000c4300000, 0x00000000c4400000|  0%| F|  |TAMS 0x00000000c4300000, 0x00000000c4300000| Untracked 
|  68|0x00000000c4400000, 0x00000000c4400000, 0x00000000c4500000|  0%| F|  |TAMS 0x00000000c4400000, 0x00000000c4400000| Untracked 
|  69|0x00000000c4500000, 0x00000000c4500000, 0x00000000c4600000|  0%| F|  |TAMS 0x00000000c4500000, 0x00000000c4500000| Untracked 
|  70|0x00000000c4600000, 0x00000000c4600000, 0x00000000c4700000|  0%| F|  |TAMS 0x00000000c4600000, 0x00000000c4600000| Untracked 
|  71|0x00000000c4700000, 0x00000000c4700000, 0x00000000c4800000|  0%| F|  |TAMS 0x00000000c4700000, 0x00000000c4700000| Untracked 
|  72|0x00000000c4800000, 0x00000000c4800000, 0x00000000c4900000|  0%| F|  |TAMS 0x00000000c4800000, 0x00000000c4800000| Untracked 
|  73|0x00000000c4900000, 0x00000000c4900000, 0x00000000c4a00000|  0%| F|  |TAMS 0x00000000c4900000, 0x00000000c4900000| Untracked 
|  74|0x00000000c4a00000, 0x00000000c4a00000, 0x00000000c4b00000|  0%| F|  |TAMS 0x00000000c4a00000, 0x00000000c4a00000| Untracked 
|  75|0x00000000c4b00000, 0x00000000c4b00000, 0x00000000c4c00000|  0%| F|  |TAMS 0x00000000c4b00000, 0x00000000c4b00000| Untracked 
|  76|0x00000000c4c00000, 0x00000000c4c00000, 0x00000000c4d00000|  0%| F|  |TAMS 0x00000000c4c00000, 0x00000000c4c00000| Untracked 
|  77|0x00000000c4d00000, 0x00000000c4d00000, 0x00000000c4e00000|  0%| F|  |TAMS 0x00000000c4d00000, 0x00000000c4d00000| Untracked 
|  78|0x00000000c4e00000, 0x00000000c4e00000, 0x00000000c4f00000|  0%| F|  |TAMS 0x00000000c4e00000, 0x00000000c4e00000| Untracked 
|  79|0x00000000c4f00000, 0x00000000c4f00000, 0x00000000c5000000|  0%| F|  |TAMS 0x00000000c4f00000, 0x00000000c4f00000| Untracked 
|  80|0x00000000c5000000, 0x00000000c5000000, 0x00000000c5100000|  0%| F|  |TAMS 0x00000000c5000000, 0x00000000c5000000| Untracked 
|  81|0x00000000c5100000, 0x00000000c5100000, 0x00000000c5200000|  0%| F|  |TAMS 0x00000000c5100000, 0x00000000c5100000| Untracked 
|  82|0x00000000c5200000, 0x00000000c5200000, 0x00000000c5300000|  0%| F|  |TAMS 0x00000000c5200000, 0x00000000c5200000| Untracked 
|  83|0x00000000c5300000, 0x00000000c5300000, 0x00000000c5400000|  0%| F|  |TAMS 0x00000000c5300000, 0x00000000c5300000| Untracked 
|  84|0x00000000c5400000, 0x00000000c5400000, 0x00000000c5500000|  0%| F|  |TAMS 0x00000000c5400000, 0x00000000c5400000| Untracked 
|  85|0x00000000c5500000, 0x00000000c5500000, 0x00000000c5600000|  0%| F|  |TAMS 0x00000000c5500000, 0x00000000c5500000| Untracked 
|  86|0x00000000c5600000, 0x00000000c5600000, 0x00000000c5700000|  0%| F|  |TAMS 0x00000000c5600000, 0x00000000c5600000| Untracked 
|  87|0x00000000c5700000, 0x00000000c5700000, 0x00000000c5800000|  0%| F|  |TAMS 0x00000000c5700000, 0x00000000c5700000| Untracked 
|  88|0x00000000c5800000, 0x00000000c5800000, 0x00000000c5900000|  0%| F|  |TAMS 0x00000000c5800000, 0x00000000c5800000| Untracked 
|  89|0x00000000c5900000, 0x00000000c5900000, 0x00000000c5a00000|  0%| F|  |TAMS 0x00000000c5900000, 0x00000000c5900000| Untracked 
|  90|0x00000000c5a00000, 0x00000000c5a00000, 0x00000000c5b00000|  0%| F|  |TAMS 0x00000000c5a00000, 0x00000000c5a00000| Untracked 
|  91|0x00000000c5b00000, 0x00000000c5b00000, 0x00000000c5c00000|  0%| F|  |TAMS 0x00000000c5b00000, 0x00000000c5b00000| Untracked 
|  92|0x00000000c5c00000, 0x00000000c5c00000, 0x00000000c5d00000|  0%| F|  |TAMS 0x00000000c5c00000, 0x00000000c5c00000| Untracked 
|  93|0x00000000c5d00000, 0x00000000c5d00000, 0x00000000c5e00000|  0%| F|  |TAMS 0x00000000c5d00000, 0x00000000c5d00000| Untracked 
|  94|0x00000000c5e00000, 0x00000000c5e00000, 0x00000000c5f00000|  0%| F|  |TAMS 0x00000000c5e00000, 0x00000000c5e00000| Untracked 
|  95|0x00000000c5f00000, 0x00000000c5f00000, 0x00000000c6000000|  0%| F|  |TAMS 0x00000000c5f00000, 0x00000000c5f00000| Untracked 
|  96|0x00000000c6000000, 0x00000000c6000000, 0x00000000c6100000|  0%| F|  |TAMS 0x00000000c6000000, 0x00000000c6000000| Untracked 
|  97|0x00000000c6100000, 0x00000000c6100000, 0x00000000c6200000|  0%| F|  |TAMS 0x00000000c6100000, 0x00000000c6100000| Untracked 
|  98|0x00000000c6200000, 0x00000000c6200000, 0x00000000c6300000|  0%| F|  |TAMS 0x00000000c6200000, 0x00000000c6200000| Untracked 
|  99|0x00000000c6300000, 0x00000000c6300000, 0x00000000c6400000|  0%| F|  |TAMS 0x00000000c6300000, 0x00000000c6300000| Untracked 
| 100|0x00000000c6400000, 0x00000000c6400000, 0x00000000c6500000|  0%| F|  |TAMS 0x00000000c6400000, 0x00000000c6400000| Untracked 
| 101|0x00000000c6500000, 0x00000000c6500000, 0x00000000c6600000|  0%| F|  |TAMS 0x00000000c6500000, 0x00000000c6500000| Untracked 
| 102|0x00000000c6600000, 0x00000000c6600000, 0x00000000c6700000|  0%| F|  |TAMS 0x00000000c6600000, 0x00000000c6600000| Untracked 
| 103|0x00000000c6700000, 0x00000000c6700000, 0x00000000c6800000|  0%| F|  |TAMS 0x00000000c6700000, 0x00000000c6700000| Untracked 
| 104|0x00000000c6800000, 0x00000000c6800000, 0x00000000c6900000|  0%| F|  |TAMS 0x00000000c6800000, 0x00000000c6800000| Untracked 
| 105|0x00000000c6900000, 0x00000000c6900000, 0x00000000c6a00000|  0%| F|  |TAMS 0x00000000c6900000, 0x00000000c6900000| Untracked 
| 106|0x00000000c6a00000, 0x00000000c6a00000, 0x00000000c6b00000|  0%| F|  |TAMS 0x00000000c6a00000, 0x00000000c6a00000| Untracked 
| 107|0x00000000c6b00000, 0x00000000c6b00000, 0x00000000c6c00000|  0%| F|  |TAMS 0x00000000c6b00000, 0x00000000c6b00000| Untracked 
| 108|0x00000000c6c00000, 0x00000000c6c00000, 0x00000000c6d00000|  0%| F|  |TAMS 0x00000000c6c00000, 0x00000000c6c00000| Untracked 
| 109|0x00000000c6d00000, 0x00000000c6d00000, 0x00000000c6e00000|  0%| F|  |TAMS 0x00000000c6d00000, 0x00000000c6d00000| Untracked 
| 110|0x00000000c6e00000, 0x00000000c6e00000, 0x00000000c6f00000|  0%| F|  |TAMS 0x00000000c6e00000, 0x00000000c6e00000| Untracked 
| 111|0x00000000c6f00000, 0x00000000c6f00000, 0x00000000c7000000|  0%| F|  |TAMS 0x00000000c6f00000, 0x00000000c6f00000| Untracked 
| 112|0x00000000c7000000, 0x00000000c7000000, 0x00000000c7100000|  0%| F|  |TAMS 0x00000000c7000000, 0x00000000c7000000| Untracked 
| 113|0x00000000c7100000, 0x00000000c7100000, 0x00000000c7200000|  0%| F|  |TAMS 0x00000000c7100000, 0x00000000c7100000| Untracked 
| 114|0x00000000c7200000, 0x00000000c7200000, 0x00000000c7300000|  0%| F|  |TAMS 0x00000000c7200000, 0x00000000c7200000| Untracked 
| 115|0x00000000c7300000, 0x00000000c7300000, 0x00000000c7400000|  0%| F|  |TAMS 0x00000000c7300000, 0x00000000c7300000| Untracked 
| 116|0x00000000c7400000, 0x00000000c7400000, 0x00000000c7500000|  0%| F|  |TAMS 0x00000000c7400000, 0x00000000c7400000| Untracked 
| 117|0x00000000c7500000, 0x00000000c7500000, 0x00000000c7600000|  0%| F|  |TAMS 0x00000000c7500000, 0x00000000c7500000| Untracked 
| 118|0x00000000c7600000, 0x00000000c7600000, 0x00000000c7700000|  0%| F|  |TAMS 0x00000000c7600000, 0x00000000c7600000| Untracked 
| 119|0x00000000c7700000, 0x00000000c7700000, 0x00000000c7800000|  0%| F|  |TAMS 0x00000000c7700000, 0x00000000c7700000| Untracked 
| 120|0x00000000c7800000, 0x00000000c7800000, 0x00000000c7900000|  0%| F|  |TAMS 0x00000000c7800000, 0x00000000c7800000| Untracked 
| 121|0x00000000c7900000, 0x00000000c7900000, 0x00000000c7a00000|  0%| F|  |TAMS 0x00000000c7900000, 0x00000000c7900000| Untracked 
| 122|0x00000000c7a00000, 0x00000000c7a00000, 0x00000000c7b00000|  0%| F|  |TAMS 0x00000000c7a00000, 0x00000000c7a00000| Untracked 
| 123|0x00000000c7b00000, 0x00000000c7b00000, 0x00000000c7c00000|  0%| F|  |TAMS 0x00000000c7b00000, 0x00000000c7b00000| Untracked 
| 124|0x00000000c7c00000, 0x00000000c7c00000, 0x00000000c7d00000|  0%| F|  |TAMS 0x00000000c7c00000, 0x00000000c7c00000| Untracked 
| 125|0x00000000c7d00000, 0x00000000c7d00000, 0x00000000c7e00000|  0%| F|  |TAMS 0x00000000c7d00000, 0x00000000c7d00000| Untracked 
| 126|0x00000000c7e00000, 0x00000000c7e00000, 0x00000000c7f00000|  0%| F|  |TAMS 0x00000000c7e00000, 0x00000000c7e00000| Untracked 
| 127|0x00000000c7f00000, 0x00000000c7f00000, 0x00000000c8000000|  0%| F|  |TAMS 0x00000000c7f00000, 0x00000000c7f00000| Untracked 
| 128|0x00000000c8000000, 0x00000000c8000000, 0x00000000c8100000|  0%| F|  |TAMS 0x00000000c8000000, 0x00000000c8000000| Untracked 
| 129|0x00000000c8100000, 0x00000000c8100000, 0x00000000c8200000|  0%| F|  |TAMS 0x00000000c8100000, 0x00000000c8100000| Untracked 
| 130|0x00000000c8200000, 0x00000000c8200000, 0x00000000c8300000|  0%| F|  |TAMS 0x00000000c8200000, 0x00000000c8200000| Untracked 
| 131|0x00000000c8300000, 0x00000000c8300000, 0x00000000c8400000|  0%| F|  |TAMS 0x00000000c8300000, 0x00000000c8300000| Untracked 
| 132|0x00000000c8400000, 0x00000000c8400000, 0x00000000c8500000|  0%| F|  |TAMS 0x00000000c8400000, 0x00000000c8400000| Untracked 
| 133|0x00000000c8500000, 0x00000000c8500000, 0x00000000c8600000|  0%| F|  |TAMS 0x00000000c8500000, 0x00000000c8500000| Untracked 
| 134|0x00000000c8600000, 0x00000000c8600000, 0x00000000c8700000|  0%| F|  |TAMS 0x00000000c8600000, 0x00000000c8600000| Untracked 
| 135|0x00000000c8700000, 0x00000000c8700000, 0x00000000c8800000|  0%| F|  |TAMS 0x00000000c8700000, 0x00000000c8700000| Untracked 
| 136|0x00000000c8800000, 0x00000000c8800000, 0x00000000c8900000|  0%| F|  |TAMS 0x00000000c8800000, 0x00000000c8800000| Untracked 
| 137|0x00000000c8900000, 0x00000000c8900000, 0x00000000c8a00000|  0%| F|  |TAMS 0x00000000c8900000, 0x00000000c8900000| Untracked 
| 138|0x00000000c8a00000, 0x00000000c8a00000, 0x00000000c8b00000|  0%| F|  |TAMS 0x00000000c8a00000, 0x00000000c8a00000| Untracked 
| 139|0x00000000c8b00000, 0x00000000c8b00000, 0x00000000c8c00000|  0%| F|  |TAMS 0x00000000c8b00000, 0x00000000c8b00000| Untracked 
| 140|0x00000000c8c00000, 0x00000000c8c00000, 0x00000000c8d00000|  0%| F|  |TAMS 0x00000000c8c00000, 0x00000000c8c00000| Untracked 
| 141|0x00000000c8d00000, 0x00000000c8d00000, 0x00000000c8e00000|  0%| F|  |TAMS 0x00000000c8d00000, 0x00000000c8d00000| Untracked 
| 142|0x00000000c8e00000, 0x00000000c8e00000, 0x00000000c8f00000|  0%| F|  |TAMS 0x00000000c8e00000, 0x00000000c8e00000| Untracked 
| 143|0x00000000c8f00000, 0x00000000c8f00000, 0x00000000c9000000|  0%| F|  |TAMS 0x00000000c8f00000, 0x00000000c8f00000| Untracked 
| 144|0x00000000c9000000, 0x00000000c9000000, 0x00000000c9100000|  0%| F|  |TAMS 0x00000000c9000000, 0x00000000c9000000| Untracked 
| 145|0x00000000c9100000, 0x00000000c9100000, 0x00000000c9200000|  0%| F|  |TAMS 0x00000000c9100000, 0x00000000c9100000| Untracked 
| 146|0x00000000c9200000, 0x00000000c9200000, 0x00000000c9300000|  0%| F|  |TAMS 0x00000000c9200000, 0x00000000c9200000| Untracked 
| 147|0x00000000c9300000, 0x00000000c9300000, 0x00000000c9400000|  0%| F|  |TAMS 0x00000000c9300000, 0x00000000c9300000| Untracked 
| 148|0x00000000c9400000, 0x00000000c9400000, 0x00000000c9500000|  0%| F|  |TAMS 0x00000000c9400000, 0x00000000c9400000| Untracked 
| 149|0x00000000c9500000, 0x00000000c9500000, 0x00000000c9600000|  0%| F|  |TAMS 0x00000000c9500000, 0x00000000c9500000| Untracked 
| 150|0x00000000c9600000, 0x00000000c9600000, 0x00000000c9700000|  0%| F|  |TAMS 0x00000000c9600000, 0x00000000c9600000| Untracked 
| 151|0x00000000c9700000, 0x00000000c9700000, 0x00000000c9800000|  0%| F|  |TAMS 0x00000000c9700000, 0x00000000c9700000| Untracked 
| 152|0x00000000c9800000, 0x00000000c9800000, 0x00000000c9900000|  0%| F|  |TAMS 0x00000000c9800000, 0x00000000c9800000| Untracked 
| 153|0x00000000c9900000, 0x00000000c99058a8, 0x00000000c9a00000|  2%| E|  |TAMS 0x00000000c9900000, 0x00000000c9900000| Complete 

Card table byte_map: [0x00000237ee550000,0x00000237ee750000] _byte_map_base: 0x00000237edf50000

Marking Bits (Prev, Next): (CMBitMap*) 0x00000237e85f6e90, (CMBitMap*) 0x00000237e85f6e50
 Prev Bits: [0x00000237ef950000, 0x00000237f0950000)
 Next Bits: [0x00000237ee950000, 0x00000237ef950000)

Polling page: 0x00000237e7d60000

Metaspace:

Usage:
  Non-class:     52.10 MB used.
      Class:      7.47 MB used.
       Both:     59.57 MB used.

Virtual space:
  Non-class space:       64.00 MB reserved,      52.31 MB ( 82%) committed,  1 nodes.
      Class space:        1.00 GB reserved,       7.69 MB ( <1%) committed,  1 nodes.
             Both:        1.06 GB reserved,      60.00 MB (  6%) committed. 

Chunk freelists:
   Non-Class:  11.72 MB
       Class:  8.33 MB
        Both:  20.05 MB

MaxMetaspaceSize: unlimited
CompressedClassSpaceSize: 1.00 GB
Initial GC threshold: 21.00 MB
Current GC threshold: 100.00 MB
CDS: off
MetaspaceReclaimPolicy: balanced
 - commit_granule_bytes: 65536.
 - commit_granule_words: 8192.
 - virtual_space_node_default_size: 8388608.
 - enlarge_chunks_in_place: 1.
 - new_chunks_are_fully_committed: 0.
 - uncommit_free_chunks: 1.
 - use_allocation_guard: 0.
 - handle_deallocations: 1.


Internal statistics:

num_allocs_failed_limit: 11.
num_arena_births: 878.
num_arena_deaths: 346.
num_vsnodes_births: 2.
num_vsnodes_deaths: 0.
num_space_committed: 962.
num_space_uncommitted: 2.
num_chunks_returned_to_freelist: 434.
num_chunks_taken_from_freelist: 2992.
num_chunk_merges: 125.
num_chunk_splits: 1917.
num_chunks_enlarged: 1409.
num_inconsistent_stats: 0.

CodeCache: size=49152Kb used=20670Kb max_used=21106Kb free=28481Kb
 bounds [0x00000237eb240000, 0x00000237ec6f0000, 0x00000237ee240000]
 total_blobs=11182 nmethods=10501 adapters=606
 compilation: enabled
              stopped_count=0, restarted_count=0
 full_count=0

Compilation events (20 events):
Event: 3693.519 Thread 0x00000237f358d970 10528       1       org.springframework.ide.vscode.commons.languageserver.composable.CompositeLanguageServerComponents$3::handle (91 bytes)
Event: 3693.589 Thread 0x00000237f358d970 nmethod 10528 0x00000237ec6d0f90 code [0x00000237ec6d1200, 0x00000237ec6d1ac8]
Event: 3694.721 Thread 0x00000237f358d970 10530       1       org.springframework.ide.vscode.commons.languageserver.composable.LanguageServerComponents::getInlayHintHandler (4 bytes)
Event: 3694.723 Thread 0x00000237f358d970 nmethod 10530 0x00000237ec6d0c90 code [0x00000237ec6d0e20, 0x00000237ec6d0ef8]
Event: 3748.907 Thread 0x00000237f358d970 10531   !   1       java.util.concurrent.ThreadPoolExecutor::tryTerminate (163 bytes)
Event: 3748.974 Thread 0x00000237f358d970 nmethod 10531 0x00000237ec6cfa90 code [0x00000237ec6cfd40, 0x00000237ec6d0568]
Event: 3803.954 Thread 0x00000237f358d970 10532       1       org.eclipse.jdt.internal.compiler.flow.FlowContext::checkExceptionHandlers (663 bytes)
Event: 3804.108 Thread 0x00000237f358d970 nmethod 10532 0x00000237ec6cd290 code [0x00000237ec6cd600, 0x00000237ec6cea18]
Event: 3804.140 Thread 0x00000237f358d970 10533       1       org.eclipse.jdt.internal.compiler.ast.AllocationExpression::analyseCode (339 bytes)
Event: 3804.183 Thread 0x00000237f358d970 nmethod 10533 0x00000237ec6cbd10 code [0x00000237ec6cbfe0, 0x00000237ec6cca38]
Event: 3804.183 Thread 0x00000237f358d970 10534       1       org.eclipse.jdt.internal.compiler.ast.AllocationExpression::checkCapturedLocalInitializationIfNecessary (112 bytes)
Event: 3804.197 Thread 0x00000237f358d970 nmethod 10534 0x00000237ec6cb510 code [0x00000237ec6cb700, 0x00000237ec6cba68]
Event: 3805.142 Thread 0x00000237f358d970 10537       1       java.lang.ThreadLocal$ThreadLocalMap$Entry::<init> (11 bytes)
Event: 3805.161 Thread 0x00000237f358d970 nmethod 10537 0x00000237ec6cb110 code [0x00000237ec6cb2a0, 0x00000237ec6cb498]
Event: 3868.838 Thread 0x00000237f358d970 10538       1       java.util.concurrent.SynchronousQueue$TransferStack$SNode::forgetWaiter (9 bytes)
Event: 3868.858 Thread 0x00000237f358d970 nmethod 10538 0x00000237ec6cac10 code [0x00000237ec6cadc0, 0x00000237ec6caff8]
Event: 3909.233 Thread 0x00000237f358d970 10539       1       java.io.FileInputStream::<init> (59 bytes)
Event: 3909.259 Thread 0x00000237f358d970 nmethod 10539 0x00000237ec6ca310 code [0x00000237ec6ca500, 0x00000237ec6ca9c8]
Event: 3909.259 Thread 0x00000237f358d970 10540       1       java.lang.Process$PipeInputStream::<init> (6 bytes)
Event: 3909.259 Thread 0x00000237f358d970 nmethod 10540 0x00000237ec6ca010 code [0x00000237ec6ca1a0, 0x00000237ec6ca288]

GC Heap History (20 events):
Event: 3919.814 GC heap before
{Heap before GC invocations=225 (full 128):
 garbage-first heap   total 157696K, used 50853K [0x00000000c0000000, 0x0000000100000000)
  region size 1024K, 1 young (1024K), 0 survivors (0K)
 Metaspace       used 61000K, committed 61440K, reserved 1114112K
  class space    used 7653K, committed 7872K, reserved 1048576K
}
Event: 3919.871 GC heap after
{Heap after GC invocations=226 (full 129):
 garbage-first heap   total 157696K, used 50371K [0x00000000c0000000, 0x0000000100000000)
  region size 1024K, 0 young (0K), 0 survivors (0K)
 Metaspace       used 61000K, committed 61440K, reserved 1114112K
  class space    used 7653K, committed 7872K, reserved 1048576K
}
Event: 3930.174 GC heap before
{Heap before GC invocations=226 (full 129):
 garbage-first heap   total 157696K, used 50371K [0x00000000c0000000, 0x0000000100000000)
  region size 1024K, 1 young (1024K), 0 survivors (0K)
 Metaspace       used 61000K, committed 61440K, reserved 1114112K
  class space    used 7653K, committed 7872K, reserved 1048576K
}
Event: 3930.231 GC heap after
{Heap after GC invocations=227 (full 130):
 garbage-first heap   total 157696K, used 50371K [0x00000000c0000000, 0x0000000100000000)
  region size 1024K, 0 young (0K), 0 survivors (0K)
 Metaspace       used 61000K, committed 61440K, reserved 1114112K
  class space    used 7653K, committed 7872K, reserved 1048576K
}
Event: 3940.551 GC heap before
{Heap before GC invocations=227 (full 130):
 garbage-first heap   total 157696K, used 50371K [0x00000000c0000000, 0x0000000100000000)
  region size 1024K, 1 young (1024K), 0 survivors (0K)
 Metaspace       used 61000K, committed 61440K, reserved 1114112K
  class space    used 7653K, committed 7872K, reserved 1048576K
}
Event: 3940.607 GC heap after
{Heap after GC invocations=228 (full 131):
 garbage-first heap   total 157696K, used 50371K [0x00000000c0000000, 0x0000000100000000)
  region size 1024K, 0 young (0K), 0 survivors (0K)
 Metaspace       used 61000K, committed 61440K, reserved 1114112K
  class space    used 7653K, committed 7872K, reserved 1048576K
}
Event: 3950.968 GC heap before
{Heap before GC invocations=228 (full 131):
 garbage-first heap   total 157696K, used 50371K [0x00000000c0000000, 0x0000000100000000)
  region size 1024K, 1 young (1024K), 0 survivors (0K)
 Metaspace       used 61000K, committed 61440K, reserved 1114112K
  class space    used 7653K, committed 7872K, reserved 1048576K
}
Event: 3951.025 GC heap after
{Heap after GC invocations=229 (full 132):
 garbage-first heap   total 157696K, used 50371K [0x00000000c0000000, 0x0000000100000000)
  region size 1024K, 0 young (0K), 0 survivors (0K)
 Metaspace       used 61000K, committed 61440K, reserved 1114112K
  class space    used 7653K, committed 7872K, reserved 1048576K
}
Event: 3961.292 GC heap before
{Heap before GC invocations=229 (full 132):
 garbage-first heap   total 157696K, used 50371K [0x00000000c0000000, 0x0000000100000000)
  region size 1024K, 1 young (1024K), 0 survivors (0K)
 Metaspace       used 61000K, committed 61440K, reserved 1114112K
  class space    used 7653K, committed 7872K, reserved 1048576K
}
Event: 3961.336 GC heap after
{Heap after GC invocations=230 (full 133):
 garbage-first heap   total 157696K, used 50371K [0x00000000c0000000, 0x0000000100000000)
  region size 1024K, 0 young (0K), 0 survivors (0K)
 Metaspace       used 61000K, committed 61440K, reserved 1114112K
  class space    used 7653K, committed 7872K, reserved 1048576K
}
Event: 3973.088 GC heap before
{Heap before GC invocations=230 (full 133):
 garbage-first heap   total 157696K, used 50371K [0x00000000c0000000, 0x0000000100000000)
  region size 1024K, 1 young (1024K), 0 survivors (0K)
 Metaspace       used 61000K, committed 61440K, reserved 1114112K
  class space    used 7653K, committed 7872K, reserved 1048576K
}
Event: 3973.155 GC heap after
{Heap after GC invocations=231 (full 134):
 garbage-first heap   total 157696K, used 50371K [0x00000000c0000000, 0x0000000100000000)
  region size 1024K, 0 young (0K), 0 survivors (0K)
 Metaspace       used 61000K, committed 61440K, reserved 1114112K
  class space    used 7653K, committed 7872K, reserved 1048576K
}
Event: 3985.122 GC heap before
{Heap before GC invocations=231 (full 134):
 garbage-first heap   total 157696K, used 50371K [0x00000000c0000000, 0x0000000100000000)
  region size 1024K, 1 young (1024K), 0 survivors (0K)
 Metaspace       used 61000K, committed 61440K, reserved 1114112K
  class space    used 7653K, committed 7872K, reserved 1048576K
}
Event: 3985.321 GC heap after
{Heap after GC invocations=232 (full 135):
 garbage-first heap   total 157696K, used 50371K [0x00000000c0000000, 0x0000000100000000)
  region size 1024K, 0 young (0K), 0 survivors (0K)
 Metaspace       used 61000K, committed 61440K, reserved 1114112K
  class space    used 7653K, committed 7872K, reserved 1048576K
}
Event: 3997.436 GC heap before
{Heap before GC invocations=232 (full 135):
 garbage-first heap   total 157696K, used 50371K [0x00000000c0000000, 0x0000000100000000)
  region size 1024K, 1 young (1024K), 0 survivors (0K)
 Metaspace       used 61000K, committed 61440K, reserved 1114112K
  class space    used 7653K, committed 7872K, reserved 1048576K
}
Event: 3997.541 GC heap after
{Heap after GC invocations=233 (full 136):
 garbage-first heap   total 157696K, used 50371K [0x00000000c0000000, 0x0000000100000000)
  region size 1024K, 0 young (0K), 0 survivors (0K)
 Metaspace       used 61000K, committed 61440K, reserved 1114112K
  class space    used 7653K, committed 7872K, reserved 1048576K
}
Event: 4008.636 GC heap before
{Heap before GC invocations=233 (full 136):
 garbage-first heap   total 157696K, used 50371K [0x00000000c0000000, 0x0000000100000000)
  region size 1024K, 1 young (1024K), 0 survivors (0K)
 Metaspace       used 61000K, committed 61440K, reserved 1114112K
  class space    used 7653K, committed 7872K, reserved 1048576K
}
Event: 4008.720 GC heap after
{Heap after GC invocations=234 (full 137):
 garbage-first heap   total 157696K, used 50371K [0x00000000c0000000, 0x0000000100000000)
  region size 1024K, 0 young (0K), 0 survivors (0K)
 Metaspace       used 61000K, committed 61440K, reserved 1114112K
  class space    used 7653K, committed 7872K, reserved 1048576K
}
Event: 4019.253 GC heap before
{Heap before GC invocations=234 (full 137):
 garbage-first heap   total 157696K, used 50371K [0x00000000c0000000, 0x0000000100000000)
  region size 1024K, 1 young (1024K), 0 survivors (0K)
 Metaspace       used 61000K, committed 61440K, reserved 1114112K
  class space    used 7653K, committed 7872K, reserved 1048576K
}
Event: 4019.330 GC heap after
{Heap after GC invocations=235 (full 138):
 garbage-first heap   total 157696K, used 50371K [0x00000000c0000000, 0x0000000100000000)
  region size 1024K, 0 young (0K), 0 survivors (0K)
 Metaspace       used 61000K, committed 61440K, reserved 1114112K
  class space    used 7653K, committed 7872K, reserved 1048576K
}

Dll operation events (10 events):
Event: 0.025 Loaded shared library c:\Users\zheng\.vscode\extensions\redhat.java-1.30.0-win32-x64\jre\17.0.10-win32-x86_64\bin\java.dll
Event: 1.492 Loaded shared library C:\Users\zheng\.vscode\extensions\redhat.java-1.30.0-win32-x64\jre\17.0.10-win32-x86_64\bin\net.dll
Event: 1.496 Loaded shared library C:\Users\zheng\.vscode\extensions\redhat.java-1.30.0-win32-x64\jre\17.0.10-win32-x86_64\bin\nio.dll
Event: 1.574 Loaded shared library C:\Users\zheng\.vscode\extensions\redhat.java-1.30.0-win32-x64\jre\17.0.10-win32-x86_64\bin\zip.dll
Event: 2.935 Loaded shared library C:\Users\zheng\.vscode\extensions\redhat.java-1.30.0-win32-x64\jre\17.0.10-win32-x86_64\bin\jimage.dll
Event: 8.411 Loaded shared library c:\Users\zheng\.vscode\extensions\redhat.java-1.30.0-win32-x64\jre\17.0.10-win32-x86_64\bin\verify.dll
Event: 14.291 Loaded shared library C:\Users\zheng\.vscode\extensions\redhat.java-1.30.0-win32-x64\jre\17.0.10-win32-x86_64\bin\management.dll
Event: 14.297 Loaded shared library C:\Users\zheng\.vscode\extensions\redhat.java-1.30.0-win32-x64\jre\17.0.10-win32-x86_64\bin\management_ext.dll
Event: 16.392 Loaded shared library C:\Users\zheng\.vscode\extensions\redhat.java-1.30.0-win32-x64\jre\17.0.10-win32-x86_64\bin\sunmscapi.dll
Event: 17.427 Loaded shared library C:\Users\zheng\.vscode\extensions\redhat.java-1.30.0-win32-x64\jre\17.0.10-win32-x86_64\bin\extnet.dll

Deoptimization events (20 events):
Event: 29.365 Thread 0x00000237f8ca5ee0 DEOPT PACKING pc=0x00000237eb9aa924 sp=0x000000962d5ff360
Event: 29.365 Thread 0x00000237f8ca5ee0 DEOPT UNPACKING pc=0x00000237eb297143 sp=0x000000962d5fe848 mode 0
Event: 29.365 Thread 0x00000237fa0831d0 DEOPT PACKING pc=0x00000237eb9aa924 sp=0x00000096304fedc0
Event: 29.365 Thread 0x00000237fa0831d0 DEOPT UNPACKING pc=0x00000237eb297143 sp=0x00000096304fe2a8 mode 0
Event: 146.087 Thread 0x00000237f8ca1d10 DEOPT PACKING pc=0x00000237ebb2010c sp=0x000000962eefdf20
Event: 146.087 Thread 0x00000237f8ca1d10 DEOPT UNPACKING pc=0x00000237eb297143 sp=0x000000962eefd488 mode 0
Event: 146.087 Thread 0x00000237f8ca1d10 DEOPT PACKING pc=0x00000237ebb5ea4c sp=0x000000962eefe050
Event: 146.087 Thread 0x00000237f8ca1d10 DEOPT UNPACKING pc=0x00000237eb297143 sp=0x000000962eefd530 mode 0
Event: 146.087 Thread 0x00000237f8ca1d10 DEOPT PACKING pc=0x00000237ebb2010c sp=0x000000962eefe180
Event: 146.087 Thread 0x00000237f8ca1d10 DEOPT UNPACKING pc=0x00000237eb297143 sp=0x000000962eefd6e8 mode 0
Event: 146.087 Thread 0x00000237f8ca1d10 DEOPT PACKING pc=0x00000237ebb5ea4c sp=0x000000962eefe2b0
Event: 146.087 Thread 0x00000237f8ca1d10 DEOPT UNPACKING pc=0x00000237eb297143 sp=0x000000962eefd7a8 mode 0
Event: 146.105 Thread 0x00000237f8ca1d10 DEOPT PACKING pc=0x00000237ebb2010c sp=0x000000962eefe620
Event: 146.105 Thread 0x00000237f8ca1d10 DEOPT UNPACKING pc=0x00000237eb297143 sp=0x000000962eefdb88 mode 0
Event: 146.105 Thread 0x00000237f8ca1d10 DEOPT PACKING pc=0x00000237ebb5ea4c sp=0x000000962eefe750
Event: 146.105 Thread 0x00000237f8ca1d10 DEOPT UNPACKING pc=0x00000237eb297143 sp=0x000000962eefdc48 mode 0
Event: 237.644 Thread 0x00000237f8ca8250 DEOPT PACKING pc=0x00000237ebfb2bb4 sp=0x000000962f9fe780
Event: 237.644 Thread 0x00000237f8ca8250 DEOPT UNPACKING pc=0x00000237eb297143 sp=0x000000962f9fdcd0 mode 0
Event: 375.207 Thread 0x00000237f9416b90 DEOPT PACKING pc=0x00000237eb8dec54 sp=0x000000962dbfee40
Event: 375.208 Thread 0x00000237f9416b90 DEOPT UNPACKING pc=0x00000237eb297143 sp=0x000000962dbfe2c8 mode 0

Classes unloaded (20 events):
Event: 971.305 Thread 0x00000237f33d23b0 Unloading class 0x0000000100320400 'java/lang/invoke/LambdaForm$MH+0x0000000100320400'
Event: 971.305 Thread 0x00000237f33d23b0 Unloading class 0x00000001003a4c00 'java/lang/invoke/LambdaForm$MH+0x00000001003a4c00'
Event: 971.306 Thread 0x00000237f33d23b0 Unloading class 0x00000001003a4400 'java/lang/invoke/LambdaForm$MH+0x00000001003a4400'
Event: 971.306 Thread 0x00000237f33d23b0 Unloading class 0x00000001003a3400 'java/lang/invoke/LambdaForm$MH+0x00000001003a3400'
Event: 971.306 Thread 0x00000237f33d23b0 Unloading class 0x00000001003a2000 'java/lang/invoke/LambdaForm$MH+0x00000001003a2000'
Event: 971.306 Thread 0x00000237f33d23b0 Unloading class 0x00000001003a1400 'java/lang/invoke/LambdaForm$MH+0x00000001003a1400'
Event: 971.306 Thread 0x00000237f33d23b0 Unloading class 0x00000001003a0000 'java/lang/invoke/LambdaForm$MH+0x00000001003a0000'
Event: 1425.597 Thread 0x00000237f33d23b0 Unloading class 0x00000001003a3400 'java/lang/invoke/LambdaForm$MH+0x00000001003a3400'
Event: 1425.598 Thread 0x00000237f33d23b0 Unloading class 0x00000001003a4400 'java/lang/invoke/LambdaForm$MH+0x00000001003a4400'
Event: 1425.598 Thread 0x00000237f33d23b0 Unloading class 0x00000001003a4c00 'java/lang/invoke/LambdaForm$MH+0x00000001003a4c00'
Event: 1425.598 Thread 0x00000237f33d23b0 Unloading class 0x0000000100320400 'java/lang/invoke/LambdaForm$MH+0x0000000100320400'
Event: 1425.598 Thread 0x00000237f33d23b0 Unloading class 0x00000001005a2800 'java/lang/invoke/LambdaForm$MH+0x00000001005a2800'
Event: 1425.598 Thread 0x00000237f33d23b0 Unloading class 0x00000001005ac000 'java/lang/invoke/LambdaForm$MH+0x00000001005ac000'
Event: 3361.719 Thread 0x00000237f33d23b0 Unloading class 0x00000001007a0800 'jdk/internal/reflect/GeneratedMethodAccessor38'
Event: 3361.720 Thread 0x00000237f33d23b0 Unloading class 0x00000001007a0400 'jdk/internal/reflect/GeneratedConstructorAccessor72'
Event: 3361.720 Thread 0x00000237f33d23b0 Unloading class 0x00000001007a0000 'jdk/internal/reflect/GeneratedMethodAccessor37'
Event: 3361.720 Thread 0x00000237f33d23b0 Unloading class 0x00000001003a0000 'jdk/internal/reflect/GeneratedConstructorAccessor71'
Event: 3361.720 Thread 0x00000237f33d23b0 Unloading class 0x00000001003a1400 'jdk/internal/reflect/GeneratedMethodAccessor36'
Event: 3361.720 Thread 0x00000237f33d23b0 Unloading class 0x00000001005ac000 'jdk/internal/reflect/GeneratedMethodAccessor35'
Event: 3361.720 Thread 0x00000237f33d23b0 Unloading class 0x00000001005a2800 'jdk/internal/reflect/GeneratedMethodAccessor34'

Classes redefined (0 events):
No events

Internal exceptions (20 events):
Event: 3803.972 Thread 0x00000237f8ca2220 Implicit null exception at 0x00000237ec02c424 to 0x00000237ec02d2d2
Event: 3803.976 Thread 0x00000237f8ca2220 Exception <a 'java/lang/NullPointerException'{0x00000000c93faae0}> (0x00000000c93faae0) 
thrown [s\src\hotspot\share\runtime\sharedRuntime.cpp, line 631]
Event: 3803.977 Thread 0x00000237f8ca2220 Implicit null exception at 0x00000237ec02c424 to 0x00000237ec02d2d2
Event: 3803.977 Thread 0x00000237f8ca2220 Exception <a 'java/lang/NullPointerException'{0x00000000c93ff788}> (0x00000000c93ff788) 
thrown [s\src\hotspot\share\runtime\sharedRuntime.cpp, line 631]
Event: 3803.978 Thread 0x00000237f8ca2220 Implicit null exception at 0x00000237ec02c424 to 0x00000237ec02d2d2
Event: 3803.978 Thread 0x00000237f8ca2220 Exception <a 'java/lang/NullPointerException'{0x00000000c9204ff8}> (0x00000000c9204ff8) 
thrown [s\src\hotspot\share\runtime\sharedRuntime.cpp, line 631]
Event: 3803.978 Thread 0x00000237f8ca2220 Implicit null exception at 0x00000237ec02c424 to 0x00000237ec02d2d2
Event: 3803.978 Thread 0x00000237f8ca2220 Exception <a 'java/lang/NullPointerException'{0x00000000c9205978}> (0x00000000c9205978) 
thrown [s\src\hotspot\share\runtime\sharedRuntime.cpp, line 631]
Event: 3803.978 Thread 0x00000237f8ca2220 Implicit null exception at 0x00000237ec02c424 to 0x00000237ec02d2d2
Event: 3803.978 Thread 0x00000237f8ca2220 Exception <a 'java/lang/NullPointerException'{0x00000000c9207890}> (0x00000000c9207890) 
thrown [s\src\hotspot\share\runtime\sharedRuntime.cpp, line 631]
Event: 3803.979 Thread 0x00000237f8ca2220 Implicit null exception at 0x00000237ec02c424 to 0x00000237ec02d2d2
Event: 3803.979 Thread 0x00000237f8ca2220 Exception <a 'java/lang/NullPointerException'{0x00000000c9208640}> (0x00000000c9208640) 
thrown [s\src\hotspot\share\runtime\sharedRuntime.cpp, line 631]
Event: 3803.979 Thread 0x00000237f8ca2220 Implicit null exception at 0x00000237ec02c424 to 0x00000237ec02d2d2
Event: 3803.979 Thread 0x00000237f8ca2220 Exception <a 'java/lang/NullPointerException'{0x00000000c9209320}> (0x00000000c9209320) 
thrown [s\src\hotspot\share\runtime\sharedRuntime.cpp, line 631]
Event: 3803.979 Thread 0x00000237f8ca2220 Implicit null exception at 0x00000237ec02c424 to 0x00000237ec02d2d2
Event: 3803.979 Thread 0x00000237f8ca2220 Exception <a 'java/lang/NullPointerException'{0x00000000c9209f80}> (0x00000000c9209f80) 
thrown [s\src\hotspot\share\runtime\sharedRuntime.cpp, line 631]
Event: 3803.979 Thread 0x00000237f8ca2220 Implicit null exception at 0x00000237ec02c424 to 0x00000237ec02d2d2
Event: 3803.981 Thread 0x00000237f8ca2220 Exception <a 'java/lang/NullPointerException'{0x00000000c920ac18}> (0x00000000c920ac18) 
thrown [s\src\hotspot\share\runtime\sharedRuntime.cpp, line 631]
Event: 3803.981 Thread 0x00000237f8ca2220 Implicit null exception at 0x00000237ec02c424 to 0x00000237ec02d2d2
Event: 3803.981 Thread 0x00000237f8ca2220 Exception <a 'java/lang/NullPointerException'{0x00000000c920b690}> (0x00000000c920b690) 
thrown [s\src\hotspot\share\runtime\sharedRuntime.cpp, line 631]

VM Operations (20 events):
Event: 3919.871 Executing VM operation: G1CollectFull done
Event: 3930.174 Executing VM operation: G1CollectFull
Event: 3930.231 Executing VM operation: G1CollectFull done
Event: 3940.551 Executing VM operation: G1CollectFull
Event: 3940.607 Executing VM operation: G1CollectFull done
Event: 3950.950 Executing VM operation: G1CollectFull
Event: 3951.026 Executing VM operation: G1CollectFull done
Event: 3961.291 Executing VM operation: G1CollectFull
Event: 3961.337 Executing VM operation: G1CollectFull done
Event: 3973.073 Executing VM operation: G1CollectFull
Event: 3973.156 Executing VM operation: G1CollectFull done
Event: 3985.107 Executing VM operation: G1CollectFull
Event: 3985.322 Executing VM operation: G1CollectFull done
Event: 3997.435 Executing VM operation: G1CollectFull
Event: 3997.542 Executing VM operation: G1CollectFull done
Event: 4008.636 Executing VM operation: G1CollectFull
Event: 4008.720 Executing VM operation: G1CollectFull done
Event: 4019.252 Executing VM operation: G1CollectFull
Event: 4019.331 Executing VM operation: G1CollectFull done
Event: 4029.544 Executing VM operation: G1CollectFull

Events (20 events):
Event: 3748.814 Thread 0x00000237f8ca59d0 Thread exited: 0x00000237f8ca59d0
Event: 3748.898 Thread 0x00000237f8ca4aa0 Thread exited: 0x00000237f8ca4aa0
Event: 3748.906 Thread 0x00000237f8ca7830 Thread exited: 0x00000237f8ca7830
Event: 3748.907 Thread 0x00000237f8ca7320 Thread exited: 0x00000237f8ca7320
Event: 3748.907 Thread 0x00000237f8ca2220 Thread exited: 0x00000237f8ca2220
Event: 3763.110 Thread 0x00000237f8ca4fb0 Thread exited: 0x00000237f8ca4fb0
Event: 3763.122 Thread 0x00000237f8ca4080 Thread exited: 0x00000237f8ca4080
Event: 3773.782 Thread 0x00000237f8ca4590 Thread exited: 0x00000237f8ca4590
Event: 3803.508 Thread 0x00000237f8ca2220 Thread added: 0x00000237f8ca2220
Event: 3805.136 Thread 0x00000237f8ca4aa0 Thread added: 0x00000237f8ca4aa0
Event: 3805.144 Thread 0x00000237f8ca59d0 Thread added: 0x00000237f8ca59d0
Event: 3808.748 Thread 0x00000237f8ca5ee0 Thread added: 0x00000237f8ca5ee0
Event: 3808.752 Thread 0x00000237f8ca4080 Thread added: 0x00000237f8ca4080
Event: 3868.838 Thread 0x00000237f8ca2220 Thread exited: 0x00000237f8ca2220
Event: 3868.838 Thread 0x00000237f8ca4080 Thread exited: 0x00000237f8ca4080
Event: 3868.838 Thread 0x00000237f8ca4aa0 Thread exited: 0x00000237f8ca4aa0
Event: 3868.839 Thread 0x00000237f8ca5ee0 Thread exited: 0x00000237f8ca5ee0
Event: 3914.517 Thread 0x00000237f8ca2730 Thread exited: 0x00000237f8ca2730
Event: 3914.719 Thread 0x00000237f8ca6900 Thread exited: 0x00000237f8ca6900
Event: 3914.842 Thread 0x00000237f8ca59d0 Thread exited: 0x00000237f8ca59d0


Dynamic libraries:
0x00007ff706f00000 - 0x00007ff706f0e000 	c:\Users\zheng\.vscode\extensions\redhat.java-1.30.0-win32-x64\jre\17.0.10-win32-x86_64\bin\java.exe
0x00007fff003d0000 - 0x00007fff005e6000 	C:\WINDOWS\SYSTEM32\ntdll.dll
0x00007ffeff090000 - 0x00007ffeff154000 	C:\WINDOWS\System32\KERNEL32.DLL
0x00007ffefd9d0000 - 0x00007ffefdd77000 	C:\WINDOWS\System32\KERNELBASE.dll
0x00007ffefd760000 - 0x00007ffefd871000 	C:\WINDOWS\System32\ucrtbase.dll
0x00007ffef2820000 - 0x00007ffef2837000 	c:\Users\zheng\.vscode\extensions\redhat.java-1.30.0-win32-x64\jre\17.0.10-win32-x86_64\bin\jli.dll
0x00007ffeffe70000 - 0x00007fff0001e000 	C:\WINDOWS\System32\USER32.dll
0x00007ffefde00000 - 0x00007ffefde26000 	C:\WINDOWS\System32\win32u.dll
0x00007ffeff480000 - 0x00007ffeff4a9000 	C:\WINDOWS\System32\GDI32.dll
0x00007ffefd8b0000 - 0x00007ffefd9c9000 	C:\WINDOWS\System32\gdi32full.dll
0x00007ffefdfa0000 - 0x00007ffefe03a000 	C:\WINDOWS\System32\msvcp_win.dll
0x00007ffee2a80000 - 0x00007ffee2d13000 	C:\WINDOWS\WinSxS\amd64_microsoft.windows.common-controls_6595b64144ccf1df_6.0.22621.3235_none_270f74e173860f98\COMCTL32.dll
0x00007ffefe650000 - 0x00007ffefe6f7000 	C:\WINDOWS\System32\msvcrt.dll
0x00007ffef7c60000 - 0x00007ffef7c7b000 	c:\Users\zheng\.vscode\extensions\redhat.java-1.30.0-win32-x64\jre\17.0.10-win32-x86_64\bin\VCRUNTIME140.dll
0x00007ffefe180000 - 0x00007ffefe1b1000 	C:\WINDOWS\System32\IMM32.DLL
0x00007ffefa400000 - 0x00007ffefa40c000 	c:\Users\zheng\.vscode\extensions\redhat.java-1.30.0-win32-x64\jre\17.0.10-win32-x86_64\bin\vcruntime140_1.dll
0x00007ffebe030000 - 0x00007ffebe0bd000 	c:\Users\zheng\.vscode\extensions\redhat.java-1.30.0-win32-x64\jre\17.0.10-win32-x86_64\bin\msvcp140.dll
0x00007ffe9db70000 - 0x00007ffe9e7d2000 	c:\Users\zheng\.vscode\extensions\redhat.java-1.30.0-win32-x64\jre\17.0.10-win32-x86_64\bin\server\jvm.dll
0x00007ffeffdb0000 - 0x00007ffeffe62000 	C:\WINDOWS\System32\ADVAPI32.dll
0x00007ffeff1f0000 - 0x00007ffeff298000 	C:\WINDOWS\System32\sechost.dll
0x00007ffefd880000 - 0x00007ffefd8a8000 	C:\WINDOWS\System32\bcrypt.dll
0x00007ffefe880000 - 0x00007ffefe995000 	C:\WINDOWS\System32\RPCRT4.dll
0x00007ffefd510000 - 0x00007ffefd55d000 	C:\WINDOWS\SYSTEM32\POWRPROF.dll
0x00007ffee0ee0000 - 0x00007ffee0ee9000 	C:\WINDOWS\SYSTEM32\WSOCK32.dll
0x00007ffefe100000 - 0x00007ffefe171000 	C:\WINDOWS\System32\WS2_32.dll
0x00007ffef6840000 - 0x00007ffef6874000 	C:\WINDOWS\SYSTEM32\WINMM.dll
0x00007ffef6cc0000 - 0x00007ffef6cca000 	C:\WINDOWS\SYSTEM32\VERSION.dll
0x00007ffefd3f0000 - 0x00007ffefd403000 	C:\WINDOWS\SYSTEM32\UMPDC.dll
0x00007ffefc700000 - 0x00007ffefc718000 	C:\WINDOWS\SYSTEM32\kernel.appcore.dll
0x00007ffef6c40000 - 0x00007ffef6c4a000 	c:\Users\zheng\.vscode\extensions\redhat.java-1.30.0-win32-x64\jre\17.0.10-win32-x86_64\bin\jimage.dll
0x00007ffef48b0000 - 0x00007ffef4ae3000 	C:\WINDOWS\SYSTEM32\DBGHELP.DLL
0x00007ffefebb0000 - 0x00007ffefef38000 	C:\WINDOWS\System32\combase.dll
0x00007ffefefb0000 - 0x00007ffeff087000 	C:\WINDOWS\System32\OLEAUT32.dll
0x00007ffef41b0000 - 0x00007ffef41e2000 	C:\WINDOWS\SYSTEM32\dbgcore.DLL
0x00007ffefdd80000 - 0x00007ffefddf9000 	C:\WINDOWS\System32\bcryptPrimitives.dll
0x00007ffedabe0000 - 0x00007ffedac05000 	c:\Users\zheng\.vscode\extensions\redhat.java-1.30.0-win32-x64\jre\17.0.10-win32-x86_64\bin\java.dll
0x00007ffeebbc0000 - 0x00007ffeebbd8000 	c:\Users\zheng\.vscode\extensions\redhat.java-1.30.0-win32-x64\jre\17.0.10-win32-x86_64\bin\zip.dll
0x00007ffeff4c0000 - 0x00007ffeffd1c000 	C:\WINDOWS\System32\SHELL32.dll
0x00007ffefb600000 - 0x00007ffefbef9000 	C:\WINDOWS\SYSTEM32\windows.storage.dll
0x00007ffefb4c0000 - 0x00007ffefb5fe000 	C:\WINDOWS\SYSTEM32\wintypes.dll
0x00007fff000d0000 - 0x00007fff001c3000 	C:\WINDOWS\System32\SHCORE.dll
0x00007ffeff400000 - 0x00007ffeff45e000 	C:\WINDOWS\System32\shlwapi.dll
0x00007ffefd620000 - 0x00007ffefd641000 	C:\WINDOWS\SYSTEM32\profapi.dll
0x00007ffee0f10000 - 0x00007ffee0f29000 	C:\Users\zheng\.vscode\extensions\redhat.java-1.30.0-win32-x64\jre\17.0.10-win32-x86_64\bin\net.dll
0x00007ffef6ac0000 - 0x00007ffef6bf6000 	C:\WINDOWS\SYSTEM32\WINHTTP.dll
0x00007ffefcb70000 - 0x00007ffefcbd9000 	C:\WINDOWS\system32\mswsock.dll
0x00007ffedc8b0000 - 0x00007ffedc8c6000 	C:\Users\zheng\.vscode\extensions\redhat.java-1.30.0-win32-x64\jre\17.0.10-win32-x86_64\bin\nio.dll
0x00007ffef27f0000 - 0x00007ffef2800000 	c:\Users\zheng\.vscode\extensions\redhat.java-1.30.0-win32-x64\jre\17.0.10-win32-x86_64\bin\verify.dll
0x00007ffefce10000 - 0x00007ffefce2b000 	C:\WINDOWS\SYSTEM32\CRYPTSP.dll
0x00007ffefc660000 - 0x00007ffefc695000 	C:\WINDOWS\system32\rsaenh.dll
0x00007ffefcc80000 - 0x00007ffefcca8000 	C:\WINDOWS\SYSTEM32\USERENV.dll
0x00007ffefcde0000 - 0x00007ffefcdec000 	C:\WINDOWS\SYSTEM32\CRYPTBASE.dll
0x00007ffefc160000 - 0x00007ffefc18d000 	C:\WINDOWS\SYSTEM32\IPHLPAPI.DLL
0x00007ffefe700000 - 0x00007ffefe709000 	C:\WINDOWS\System32\NSI.dll
0x00007ffef6cd0000 - 0x00007ffef6ce9000 	C:\WINDOWS\SYSTEM32\dhcpcsvc6.DLL
0x00007ffef6820000 - 0x00007ffef683f000 	C:\WINDOWS\SYSTEM32\dhcpcsvc.DLL
0x00007ffefc1d0000 - 0x00007ffefc2c9000 	C:\WINDOWS\SYSTEM32\DNSAPI.dll
0x00007ffeec920000 - 0x00007ffeec929000 	C:\Users\zheng\.vscode\extensions\redhat.java-1.30.0-win32-x64\jre\17.0.10-win32-x86_64\bin\management.dll
0x00007ffeebab0000 - 0x00007ffeebabb000 	C:\Users\zheng\.vscode\extensions\redhat.java-1.30.0-win32-x64\jre\17.0.10-win32-x86_64\bin\management_ext.dll
0x00007ffeff4b0000 - 0x00007ffeff4b8000 	C:\WINDOWS\System32\PSAPI.DLL
0x00007ffef1b80000 - 0x00007ffef1b8e000 	C:\Users\zheng\.vscode\extensions\redhat.java-1.30.0-win32-x64\jre\17.0.10-win32-x86_64\bin\sunmscapi.dll
0x00007ffefde30000 - 0x00007ffefdf97000 	C:\WINDOWS\System32\CRYPT32.dll
0x00007ffefcfc0000 - 0x00007ffefcfee000 	C:\WINDOWS\SYSTEM32\ncrypt.dll
0x00007ffefcf80000 - 0x00007ffefcfb7000 	C:\WINDOWS\SYSTEM32\NTASN1.dll
0x00007ffef41a0000 - 0x00007ffef41aa000 	C:\Windows\System32\rasadhlp.dll
0x00007ffef5580000 - 0x00007ffef5603000 	C:\WINDOWS\System32\fwpuclnt.dll
0x00007ffeebaa0000 - 0x00007ffeebaa9000 	C:\Users\zheng\.vscode\extensions\redhat.java-1.30.0-win32-x64\jre\17.0.10-win32-x86_64\bin\extnet.dll

dbghelp: loaded successfully - version: 4.0.5 - missing functions: none
symbol engine: initialized successfully - sym options: 0x614 - pdb path: .;c:\Users\zheng\.vscode\extensions\redhat.java-1.30.0-win32-x64\jre\17.0.10-win32-x86_64\bin;C:\WINDOWS\SYSTEM32;C:\WINDOWS\WinSxS\amd64_microsoft.windows.common-controls_6595b64144ccf1df_6.0.22621.3235_none_270f74e173860f98;c:\Users\zheng\.vscode\extensions\redhat.java-1.30.0-win32-x64\jre\17.0.10-win32-x86_64\bin\server

VM Arguments:
jvm_args: -Xmx1024m -Dsts.lsp.client=vscode -Dsts.log.file=/dev/null -XX:TieredStopAtLevel=1 -Xlog:jni+resolve=off -Dspring.config.location=file:c:\Users\zheng\.vscode\extensions\vmware.vscode-spring-boot-1.54.0\language-server\BOOT-INF\classes\application.properties 
java_command: org.springframework.ide.vscode.boot.app.BootLanguageServerBootApp
java_class_path (initial): c:\Users\zheng\.vscode\extensions\vmware.vscode-spring-boot-1.54.0\language-server\BOOT-INF\classes;c:\Users\zheng\.vscode\extensions\vmware.vscode-spring-boot-1.54.0\language-server\BOOT-INF\lib\annotations-24.1.0.jar;c:\Users\zheng\.vscode\extensions\vmware.vscode-spring-boot-1.54.0\language-server\BOOT-INF\lib\antlr4-runtime-4.13.1.jar;c:\Users\zheng\.vscode\extensions\vmware.vscode-spring-boot-1.54.0\language-server\BOOT-INF\lib\asm-9.7.jar;c:\Users\zheng\.vscode\extensions\vmware.vscode-spring-boot-1.54.0\language-server\BOOT-INF\lib\asm-analysis-9.7.jar;c:\Users\zheng\.vscode\extensions\vmware.vscode-spring-boot-1.54.0\language-server\BOOT-INF\lib\asm-tree-9.7.jar;c:\Users\zheng\.vscode\extensions\vmware.vscode-spring-boot-1.54.0\language-server\BOOT-INF\lib\asm-util-9.7.jar;c:\Users\zheng\.vscode\extensions\vmware.vscode-spring-boot-1.54.0\language-server\BOOT-INF\lib\caffeine-3.1.8.jar;c:\Users\zheng\.vscode\extensions\vmware.vscode-spring-boot-1.54.0\language-server\BOOT-INF\lib\checker-qual-3.12.0.jar;c:\Users\zheng\.vscode\extensions\vmware.vscode-spring-boot-1.54.0\language-server\BOOT-INF\lib\classgraph-4.8.149.jar;c:\Users\zheng\.vscode\extensions\vmware.vscode-spring-boot-1.54.0\language-server\BOOT-INF\lib\commons-codec-1.16.1.jar;c:\Users\zheng\.vscode\extensions\vmware.vscode-spring-boot-1.54.0\language-server\BOOT-INF\lib\commons-compress-1.26.1.jar;c:\Users\zheng\.vscode\extensions\vmware.vscode-spring-boot-1.54.0\language-server\BOOT-INF\lib\commons-io-2.4.jar;c:\Users\zheng\.vscode\extensions\vmware.vscode-spring-boot-1.54.0\language-server\BOOT-INF\lib\commons-java-1.54.0-SNAPSHOT.jar;c:\Users\zheng\.vscode\extensions\vmware.vscode-spring-boot-1.54.0\language-server\BOOT-INF\lib\commons-lang3-3.13.0.jar;c:\Users\zheng\.vscode\extensions\vmware.vscode-spring-boot-1.54.0\language-server\BOOT-INF\lib\commons-language-server-1.54.0-SNAPSHOT.jar;c:\Users\zheng\.vscode\extensions\vmware.vscode-spring-boot-1.54.0\language
Launcher Type: SUN_STANDARD

[Global flags]
     intx CICompilerCount                          = 4                                         {product} {ergonomic}
     uint ConcGCThreads                            = 2                                         {product} {ergonomic}
     uint G1ConcRefinementThreads                  = 8                                         {product} {ergonomic}
   size_t G1HeapRegionSize                         = 1048576                                   {product} {ergonomic}
    uintx GCDrainStackTargetSize                   = 64                                        {product} {ergonomic}
   size_t InitialHeapSize                          = 100663296                                 {product} {ergonomic}
   size_t MarkStackSize                            = 4194304                                   {product} {ergonomic}
   size_t MaxHeapSize                              = 1073741824                                {product} {command line}
   size_t MaxNewSize                               = 643825664                                 {product} {ergonomic}
   size_t MinHeapDeltaBytes                        = 1048576                                   {product} {ergonomic}
   size_t MinHeapSize                              = 8388608                                   {product} {ergonomic}
    uintx NonProfiledCodeHeapSize                  = 0                                      {pd product} {ergonomic}
     bool ProfileInterpreter                       = false                                  {pd product} {command line}
    uintx ProfiledCodeHeapSize                     = 0                                      {pd product} {ergonomic}
   size_t SoftMaxHeapSize                          = 1073741824                             {manageable} {ergonomic}
     intx TieredStopAtLevel                        = 1                                         {product} {command line}
     bool UseCompressedClassPointers               = true                           {product lp64_product} {ergonomic}
     bool UseCompressedOops                        = true                           {product lp64_product} {ergonomic}
     bool UseG1GC                                  = true                                      {product} {ergonomic}
     bool UseLargePagesIndividualAllocation        = false                                  {pd product} {ergonomic}

Logging:
Log output configuration:
 #0: stdout all=warning,jni+resolve=off uptime,level,tags
 #1: stderr all=off uptime,level,tags

Environment Variables:
JAVA_HOME=C:\Program Files\Java\jdk-21
PATH=C:\Program Files\tt\tt.bat;C:\Program Files\Java\jdk-21\bin;C:\Program Files\Common Files\Oracle\Java\javapath;C:\Program Files (x86)\Common Files\Oracle\Java\javapath;C:\Windows\system32;C:\Windows;C:\Windows\System32\Wbem;C:\Windows\System32\WindowsPowerShell\v1.0\;C:\Windows\System32\OpenSSH\;C:\Program Files (x86)\NVIDIA Corporation\PhysX\Common;C:\Program Files\NVIDIA Corporation\NVIDIA NvDLISR;C:\WINDOWS\system32;C:\WINDOWS;C:\WINDOWS\System32\Wbem;C:\WINDOWS\System32\WindowsPowerShell\v1.0\;C:\WINDOWS\System32\OpenSSH\;C:\Program Files\Git\cmd;C:\Gradle\bin;C:\HashiCorp\Vagrant\bin;C:\Program Files\Docker\Docker\resources\bin;C:\ProgramData\ComposerSetup\bin;C:\ProgramData\chocolatey\bin;C:\Program Files\php-8.1.22;C:\flutter\flutter\bin;C:\Program Files\apache-maven-3.9.6-bin\apache-maven-3.9.6\bin;C:\Users\zheng\AppData\Roaming\nvm;C:\Program Files\nodejs;C:\Program Files\tt\tt.bat;C:\Program Files\MySQL\MySQL Shell 8.0\bin\;C:\Users\zheng\AppData\Local\Programs\Python\Python311\Scripts;C:\Users\zheng\AppData\Local\Programs\Python\Python311\;C:\Users\zheng\AppData\Local\Microsoft\WindowsApps;C:\Users\zheng\AppData\Local\Programs\Microsoft VS Code\bin;C:\Users\zheng\.julia\conda\3\x86_64\Scripts;C:\Users\zheng\AppData\Roaming\npm;C:\Users\zheng\AppData\Roaming\Composer\vendor\bin;C:\Program Files\heroku\bin;C:\flutter\flutter\bin;C:\Users\zheng\AppData\Local\Android\Sdk\platforms;C:\Users\zheng\AppData\Local\Android\Sdk\platform-tools;C:\Users\zheng\AppData\Roaming\nvm;C:\Program Files\nodejs;
USERNAME=zheng
OS=Windows_NT
PROCESSOR_IDENTIFIER=AMD64 Family 23 Model 24 Stepping 1, AuthenticAMD
TMP=C:\Users\zheng\AppData\Local\Temp
TEMP=C:\Users\zheng\AppData\Local\Temp



Periodic native trim disabled


---------------  S Y S T E M  ---------------

OS:
 Windows 11 , 64 bit Build 22621 (10.0.22621.3374)
OS uptime: 10 days 16:45 hours
Hyper-V role detected

CPU: total 8 (initial active 8) (8 cores per cpu, 2 threads per core) family 23 model 24 stepping 1 microcode 0x0, cx8, cmov, fxsr, ht, mmx, 3dnowpref, sse, sse2, sse3, ssse3, sse4a, sse4.1, sse4.2, popcnt, lzcnt, tsc, tscinvbit, avx, avx2, aes, clmul, bmi1, bmi2, adx, sha, fma, vzeroupper, clflush, clflushopt, hv
Processor Information for all 8 processors :
  Max Mhz: 2300, Current Mhz: 2300, Mhz Limit: 2300

Memory: 4k page, system-wide physical 6082M (325M free)
TotalPageFile size 24514M (AvailPageFile size 9M)
current process WorkingSet (physical memory assigned to process): 84M, peak: 328M
current process commit charge ("private bytes"): 337M, peak: 383M

vm_info: OpenJDK 64-Bit Server VM (17.0.10+7) for windows-amd64 JRE (17.0.10+7), built on Jan 16 2024 23:25:11 by "admin" with MS VC++ 16.10 / 16.11 (VS2019)

END.
