#
# A fatal error has been detected by the Java Runtime Environment:
#
#  EXCEPTION_ACCESS_VIOLATION (0xc0000005) at pc=0x000001cb07586604, pid=22104, tid=232
#
# JRE version: Java(TM) SE Runtime Environment (21.0.2+13) (build 21.0.2+13-LTS-58)
# Java VM: Java HotSpot(TM) 64-Bit Server VM (21.0.2+13-LTS-58, mixed mode, sharing, tiered, compressed oops, compressed class ptrs, g1 gc, windows-amd64)
# Problematic frame:
# v  ~BufferBlob::MethodHandles adapters 0x000001cb07586604
#
# No core dump will be written. Minidumps are not enabled by default on client versions of Windows
#
# If you would like to submit a bug report, please visit:
#   https://bugreport.java.com/bugreport/crash.jsp
#

---------------  S U M M A R Y ------------

Command Line: -agentlib:jdwp=transport=dt_socket,server=n,suspend=y,address=localhost:63940 -XX:+ShowCodeDetailsInExceptionMessages com._yzhheng.SpringBootStarter

Host: AMD Ryzen 7 3750H with Radeon Vega Mobile Gfx  , 8 cores, 5G,  Windows 11 , 64 bit Build 22621 (10.0.22621.3672)
Time: Tue Jul 16 02:19:54 2024 Malay Peninsula Standard Time elapsed time: 2037.158961 seconds (0d 0h 33m 57s)

---------------  T H R E A D  ---------------

Current thread (0x000001cb5eead6d0):  JavaThread "org.springframework.amqp.rabbit.RabbitListenerEndpointContainer#0-1"        [_thread_in_Java, id=232, stack(0x0000004eb7a00000,0x0000004eb7b00000) (1024K)]

Stack: [0x0000004eb7a00000,0x0000004eb7b00000],  sp=0x0000004eb7afe528,  free space=1017k
Native frames: (J=compiled Java code, j=interpreted, Vv=VM code, C=native code)
C  0x000001cb07586604

The last pc belongs to _linkToVirtual (printed below).

siginfo: EXCEPTION_ACCESS_VIOLATION (0xc0000005), reading address 0xffffffffffffffff


Registers:
RAX=0x000001cb0753919a, RBX=0x00000000a4604668, RCX=0x0000004eb7afe538, RDX=0x0000000000000003
RSP=0x0000004eb7afe528, RBP=0x0000004eb7afe580, RSI=0x000001cb7502ce48, RDI=0x000001cb5b372ab0
R8 =0x0000000000000004, R9 =0x0000000000000004, R10=0x000001cb2872b5a3, R11=0xa4604720a4667288
R12=0x0000000000000000, R13=0x0000004eb7afe528, R14=0x0000004eb7afe5a8, R15=0x000001cb5eead6d0
RIP=0x000001cb07586604, EFLAGS=0x0000000000010206


Register to memory mapping:

RAX=0x000001cb0753919a is at code_begin+3354 in an Interpreter codelet
return entry points  [0x000001cb07538480, 0x000001cb0753a550]  8400 bytes
RBX=0x00000000a4604668 is an oop: com._yzhheng.vo.OrderVo 
{0x00000000a4604668} - klass: 'com/_yzhheng/vo/OrderVo'
 - ---- fields (total size 23 words):
 - private 'id' 'Ljava/lang/Long;' @12  a 'java/lang/Long'{0x00000000a4667270} = 554 (0xa4667270)
 - private 'memberId' 'Ljava/lang/Long;' @16  a 'java/lang/Long'{0x00000000a4667288} = 202 (0xa4667288)
 - private 'orderSn' 'Ljava/lang/String;' @20  "1010408582975459328"{0x00000000a4604720} (0xa4604720)
 - private 'couponId' 'Ljava/lang/Long;' @24  null (0x00000000)
 - private 'createTime' 'Ljava/util/Date;' @28  a 'java/util/Date'{0x00000000a46672a0} (0xa46672a0)
 - private 'memberUsername' 'Ljava/lang/String;' @32  "Kenny628"{0x00000000a46672b8} (0xa46672b8)
 - private 'totalAmount' 'Ljava/math/BigDecimal;' @36  a 'java/math/BigDecimal'{0x00000000a46672e8} (0xa46672e8)
 - private 'payAmount' 'Ljava/math/BigDecimal;' @40  a 'java/math/BigDecimal'{0x00000000a4667310} (0xa4667310)
 - private 'freightAmount' 'Ljava/math/BigDecimal;' @44  a 'java/math/BigDecimal'{0x00000000a2a77180} (0xa2a77180)
 - private 'promotionAmount' 'Ljava/math/BigDecimal;' @48  a 'java/math/BigDecimal'{0x00000000a4667338} (0xa4667338)
 - private 'integrationAmount' 'Ljava/math/BigDecimal;' @52  a 'java/math/BigDecimal'{0x00000000a4667360} (0xa4667360)
 - private 'couponAmount' 'Ljava/math/BigDecimal;' @56  a 'java/math/BigDecimal'{0x00000000a4667388} (0xa4667388)
 - private 'discountAmount' 'Ljava/math/BigDecimal;' @60  null (0x00000000)
 - private 'payType' 'Ljava/lang/Integer;' @64  null (0x00000000)
 - private 'sourceType' 'Ljava/lang/Integer;' @68  null (0x00000000)
 - private 'status' 'Ljava/lang/Integer;' @72  a 'java/lang/Integer'{0x00000000a25c7c58} = 0 (0xa25c7c58)
 - private 'deliveryCompany' 'Ljava/lang/String;' @76  null (0x00000000)
 - private 'deliverySn' 'Ljava/lang/String;' @80  null (0x00000000)
 - private 'autoConfirmDay' 'Ljava/lang/Integer;' @84  a 'java/lang/Integer'{0x00000000a25d9ef8} = 7 (0xa25d9ef8)
 - private 'integration' 'Ljava/lang/Integer;' @88  a 'java/lang/Integer'{0x00000000a46673b0} = 138358 (0xa46673b0)
 - private 'growth' 'Ljava/lang/Integer;' @92  a 'java/lang/Integer'{0x00000000a46673c0} = 138358 (0xa46673c0)
 - private 'billType' 'Ljava/lang/Integer;' @96  null (0x00000000)
 - private 'billHeader' 'Ljava/lang/String;' @100  null (0x00000000)
 - private 'billContent' 'Ljava/lang/String;' @104  null (0x00000000)
 - private 'billReceiverPhone' 'Ljava/lang/String;' @108  null (0x00000000)
 - private 'billReceiverEmail' 'Ljava/lang/String;' @112  null (0x00000000)
 - private 'receiverName' 'Ljava/lang/String;' @116  "Ä	'‹"{0x00000000a46673d0} (0xa46673d0)
 - private 'receiverPhone' 'Ljava/lang/String;' @120  "13888888888"{0x00000000a4667400} (0xa4667400)
 - private 'receiverPostCode' 'Ljava/lang/String;' @124  "102218"{0x00000000a4667438} (0xa4667438)
 - private 'receiverProvince' 'Ljava/lang/String;' @128  "¬"{0x00000000a4667468} (0xa4667468)
 - private 'receiverCity' 'Ljava/lang/String;' @132  "¬"{0x00000000a4667498} (0xa4667498)
 - private 'receiverRegion' 'Ljava/lang/String;' @136  "s:"{0x00000000a46674c8} (0xa46674c8)
 - private 'receiverDetailAddress' 'Ljava/lang/String;' @140  "'ï118÷	:ÛUC"{0x00000000a46674f8} (0xa46674f8)
 - private 'note' 'Ljava/lang/String;' @144  null (0x00000000)
 - private 'confirmStatus' 'Ljava/lang/Integer;' @148  a 'java/lang/Integer'{0x00000000a25c7c58} = 0 (0xa25c7c58)
 - private 'deleteStatus' 'Ljava/lang/Integer;' @152  a 'java/lang/Integer'{0x00000000a25c7c58} = 0 (0xa25c7c58)
 - private 'useIntegration' 'Ljava/lang/Integer;' @156  null (0x00000000)
 - private 'paymentTime' 'Ljava/util/Date;' @160  null (0x00000000)
 - private 'deliveryTime' 'Ljava/util/Date;' @164  null (0x00000000)
 - private 'receiveTime' 'Ljava/util/Date;' @168  null (0x00000000)
 - private 'commentTime' 'Ljava/util/Date;' @172  null (0x00000000)
 - private 'modifyTime' 'Ljava/util/Date;' @176  a 'java/util/Date'{0x00000000a4667538} (0xa4667538)
RCX=0x0000004eb7afe538 is pointing into the stack for thread: 0x000001cb5eead6d0
RDX=0x0000000000000003 is an unknown value
RSP=0x0000004eb7afe528 is pointing into the stack for thread: 0x000001cb5eead6d0
RBP=0x0000004eb7afe580 is pointing into the stack for thread: 0x000001cb5eead6d0
RSI=0x000001cb7502ce48 points into unknown readable memory: 0x80003000de992fbf | bf 2f 99 de 00 30 00 80
RDI=0x000001cb5b372ab0 points into unknown readable memory: 0x0000002000000040 | 40 00 00 00 20 00 00 00
R8 =0x0000000000000004 is an unknown value
R9 =0x0000000000000004 is an unknown value
R10=0x000001cb2872b5a3 is an unknown value
R11=0xa4604720a4667288 is an unknown value
R12=0x0 is null
R13=0x0000004eb7afe528 is pointing into the stack for thread: 0x000001cb5eead6d0
R14=0x0000004eb7afe5a8 is pointing into the stack for thread: 0x000001cb5eead6d0
R15=0x000001cb5eead6d0 is a thread

Top of Stack: (sp=0x0000004eb7afe528)
0x0000004eb7afe528:   000001cb0753919a 00000000a3e2d5c8
0x0000004eb7afe538:   0000004eb7afe538 000001cb1472b5a3
0x0000004eb7afe548:   0000000000000005 000001cb140b2128
0x0000004eb7afe558:   000001cb61bd93d8 00000000a10161f8
0x0000004eb7afe568:   000001cb140b4c20 0000004eb7afe528
0x0000004eb7afe578:   0000004eb7afe5b0 00000000a5507cb8
0x0000004eb7afe588:   000001cb00fed2ef 00000000a4604798
0x0000004eb7afe598:   00000000a4604668 00000000a3e2d5c8
0x0000004eb7afe5a8:   00000000a46047c8 000001cb07538190
0x0000004eb7afe5b8:   0000000000000000 687475410000000d
0x0000004eb7afe5c8:   69746e65444d4163 00000000a46047f0
0x0000004eb7afe5d8:   00000000a4604668 00000000a3e2d5c8
0x0000004eb7afe5e8:   00000000a4604820 00000000a3e2d5c8
0x0000004eb7afe5f8:   00000000a4604848 00000000a46047c8
0x0000004eb7afe608:   00000000a4604668 000001cb00fed1e4
0x0000004eb7afe618:   000001cb7f699000 00000000a4604668
0x0000004eb7afe628:   000001cb07e89e11 0000000000000003
0x0000004eb7afe638:   0000000000000000 0000000000000000
0x0000004eb7afe648:   0000000000000000 00000000a46047f0
0x0000004eb7afe658:   00000000a3a66038 00000000a3a66038
0x0000004eb7afe668:   00000000a4604870 00000000a3e2d5c8
0x0000004eb7afe678:   00000000a18ca860 00000000a4604888
0x0000004eb7afe688:   00000000a3e2d5c8 00000000a3e2d5c8
0x0000004eb7afe698:   00000000a4604870 00000000a3208940
0x0000004eb7afe6a8:   000001cb14000000 00000000a3a66038
0x0000004eb7afe6b8:   00000000a3208130 00000000a5532948
0x0000004eb7afe6c8:   00000000a3a65fb8 0000004eb7afe708
0x0000004eb7afe6d8:   0000000000000000 00000000a3e2d578
0x0000004eb7afe6e8:   00000000a3e2e6c8 00000000a5532960
0x0000004eb7afe6f8:   000001cb6167a6c0 000001cb5735e9d8
0x0000004eb7afe708:   000001cb07e87f90 00000000a46048a8
0x0000004eb7afe718:   000001cb07f8ebf0 0000000000000001 

Instructions: (pc=0x000001cb07586604)
0x000001cb07586504:   00 00 00 00 01 00 00 00 00 00 00 00 60 4f 1d 3d
0x000001cb07586514:   f9 7f 00 00 80 65 58 07 cb 01 00 00 00 76 58 07
0x000001cb07586524:   cb 01 00 00 80 65 58 07 cb 01 00 00 00 76 58 07
0x000001cb07586534:   cb 01 00 00 70 65 58 07 cb 01 00 00 70 65 58 07
0x000001cb07586544:   cb 01 00 00 00 00 00 00 00 00 00 00 f8 4f 1d 3d
0x000001cb07586554:   f9 7f 00 00 f0 10 00 00 60 00 00 00 ff ff ff ff
0x000001cb07586564:   f0 10 00 00 00 00 00 00 00 00 00 00 00 00 00 00
0x000001cb07586574:   00 00 00 00 00 00 00 00 00 00 00 00 f4 66 66 66
0x000001cb07586584:   0f 1f 84 00 00 00 00 00 66 66 0f 1f 84 00 00 00
0x000001cb07586594:   00 00 66 66 0f 1f 84 00 00 00 00 00 48 8b 53 08
0x000001cb075865a4:   0f b7 52 2e 48 8b 0c d4 8b 59 14 8b 5b 28 8b 5b
0x000001cb075865b4:   24 48 8b 5b 10 48 85 db 0f 84 10 00 00 00 41 80
0x000001cb075865c4:   bf e0 05 00 00 00 74 03 ff 63 38 ff 63 50 e9 29
0x000001cb075865d4:   c0 fd ff 66 0f 1f 84 00 00 00 00 00 48 8b 53 08
0x000001cb075865e4:   0f b7 52 2e 48 8b 0c d4 58 5b 50 44 8b 51 08 49
0x000001cb075865f4:   bb 00 00 00 14 cb 01 00 00 4d 03 d3 4c 8b 5b 10
0x000001cb07586604:   4b 8b 9c da c8 01 00 00 48 85 db 0f 84 10 00 00
0x000001cb07586614:   00 41 80 bf e0 05 00 00 00 74 03 ff 63 38 ff 63
0x000001cb07586624:   50 e9 d6 bf fd ff 66 66 66 0f 1f 84 00 00 00 00
0x000001cb07586634:   00 66 66 66 0f 1f 84 00 00 00 00 00 58 5b 50 8b
0x000001cb07586644:   5b 24 48 8b 5b 10 48 85 db 0f 84 10 00 00 00 41
0x000001cb07586654:   80 bf e0 05 00 00 00 74 03 ff 63 38 ff 63 50 e9
0x000001cb07586664:   98 bf fd ff 66 66 66 0f 1f 84 00 00 00 00 00 0f
0x000001cb07586674:   1f 80 00 00 00 00 66 0f 1f 44 00 00 48 8b 53 08
0x000001cb07586684:   0f b7 52 2e 48 8b 0c d4 58 5b 50 48 3b 01 8b 5b
0x000001cb07586694:   24 48 8b 5b 10 48 85 db 0f 84 10 00 00 00 41 80
0x000001cb075866a4:   bf e0 05 00 00 00 74 03 ff 63 38 ff 63 50 e9 49
0x000001cb075866b4:   bf fd ff 66 0f 1f 84 00 00 00 00 00 48 8b 53 08
0x000001cb075866c4:   0f b7 52 2e 48 8b 0c d4 58 5b 50 44 8b 51 08 49
0x000001cb075866d4:   bb 00 00 00 14 cb 01 00 00 4d 03 d3 8b 43 18 48
0x000001cb075866e4:   8b 40 10 48 8b 5b 10 45 8b 9a a0 00 00 00 4f 8d
0x000001cb075866f4:   9c da c8 01 00 00 4d 8d 14 da 49 8b 1b 48 3b c3 


Stack slot to memory mapping:

stack at sp + 0 slots: 0x000001cb0753919a is at code_begin+3354 in an Interpreter codelet
return entry points  [0x000001cb07538480, 0x000001cb0753a550]  8400 bytes
stack at sp + 1 slots: 0x00000000a3e2d5c8 is an oop: com._yzhheng.rest.services.WmsWareSkuService 
{0x00000000a3e2d5c8} - klass: 'com/_yzhheng/rest/services/WmsWareSkuService'
 - ---- fields (total size 6 words):
 - private final 'mapper' 'Lorg/modelmapper/ModelMapper;' @12  a 'org/modelmapper/ModelMapper'{0x00000000a3e2d5f8} (0xa3e2d5f8)
 - private final 'entityClass' 'Ljava/lang/Class;' @16  a 'java/lang/Class'{0x00000000a389b0b0} = 'com/_yzhheng/persistence/entities/WmsWareSku' (0xa389b0b0)
 - private final 'dtoClass' 'Ljava/lang/Class;' @20  a 'java/lang/Class'{0x00000000a3a10f60} = 'com/_yzhheng/rest/dto/WmsWareSkuDTO' (0xa3a10f60)
 - private final 'repository' 'Lcom/_yzhheng/persistence/repositories/WmsWareSkuRepository;' @24  a 'jdk/proxy5/$Proxy166'{0x00000000a3bb7400} (0xa3bb7400)
 - 'wmsWareOrderTaskService' 'Lcom/_yzhheng/rest/services/WmsWareOrderTaskService;' @28  a 'com/_yzhheng/rest/services/WmsWareOrderTaskService'{0x00000000a3e27740} (0xa3e27740)
 - 'wmsWareOrderTaskDetailService' 'Lcom/_yzhheng/rest/services/WmsWareOrderTaskDetailService;' @32  a 'com/_yzhheng/rest/services/WmsWareOrderTaskDetailService'{0x00000000a3e2d9e8} (0xa3e2d9e8)
 - 'rabbitTemplate' 'Lorg/springframework/amqp/rabbit/core/RabbitTemplate;' @36  a 'org/springframework/amqp/rabbit/core/RabbitTemplate'{0x00000000a3abb150} (0xa3abb150)
 - 'orderFeign' 'Lcom/_yzhheng/feign/OrderFeign;' @40  a 'jdk/proxy5/$Proxy169'{0x00000000a3e2ddf8} (0xa3e2ddf8)
stack at sp + 2 slots: 0x0000004eb7afe538 is pointing into the stack for thread: 0x000001cb5eead6d0
stack at sp + 3 slots: 0x000001cb1472b5a3 is pointing into metadata
stack at sp + 4 slots: 0x0000000000000005 is an unknown value
stack at sp + 5 slots: 0x000001cb140b2128 is pointing into metadata
stack at sp + 6 slots: 0x000001cb61bd93d8 is pointing into metadata
stack at sp + 7 slots: 0x00000000a10161f8 is an oop: java.lang.Class 
{0x00000000a10161f8} - klass: 'java/lang/Class'
 - ---- fields (total size 14 words):
 - private volatile transient 'classRedefinedCount' 'I' @12  0 (0x00000000)
 - injected 'klass' 'J' @16  1971726261496 (0x000001cb140b1cf8)
 - injected 'array_klass' 'J' @24  0 (0x0000000000000000)
 - injected 'oop_size' 'I' @32  14 (0x0000000e)
 - injected 'static_oop_field_count' 'I' @36  0 (0x00000000)
 - private volatile transient 'cachedConstructor' 'Ljava/lang/reflect/Constructor;' @40  null (0x00000000)
 - private transient 'name' 'Ljava/lang/String;' @44  null (0x00000000)
 - private transient 'module' 'Ljava/lang/Module;' @48  a 'java/lang/Module'{0x00000000a25cb8c8} (0xa25cb8c8)
 - private final 'classLoader' 'Ljava/lang/ClassLoader;' @52  null (0x00000000)
 - private transient 'classData' 'Ljava/lang/Object;' @56  null (0x00000000)
 - private transient 'packageName' 'Ljava/lang/String;' @60  null (0x00000000)
 - private final 'componentType' 'Ljava/lang/Class;' @64  null (0x00000000)
 - private volatile transient 'reflectionData' 'Ljava/lang/ref/SoftReference;' @68  null (0x00000000)
 - private volatile transient 'genericInfo' 'Lsun/reflect/generics/repository/ClassRepository;' @72  null (0x00000000)
 - private volatile transient 'enumConstants' '[Ljava/lang/Object;' @76  null (0x00000000)
 - private volatile transient 'enumConstantDirectory' 'Ljava/util/Map;' @80  null (0x00000000)
 - private volatile transient 'annotationData' 'Ljava/lang/Class$AnnotationData;' @84  null (0x00000000)
 - private volatile transient 'annotationType' 'Lsun/reflect/annotation/AnnotationType;' @88  null (0x00000000)
 - transient 'classValueMap' 'Ljava/lang/ClassValue$ClassValueMap;' @92  null (0x00000000)
 - injected 'protection_domain' 'Ljava/lang/Object;' @96  null (0x00000000)
 - injected 'signers_name' 'Ljava/lang/Object;' @100  null (0x00000000)
 - injected 'source_file' 'Ljava/lang/Object;' @104  null (0x00000000)
 - signature: Ljava/lang/invoke/DirectMethodHandle$Holder;
 - ---- static fields (0):

MethodHandle::interpreter_entry::_linkToVirtual [0x000001cb075865d7, 0x000001cb0758662a] (83 bytes)
[MachCode]
  0x000001cb075865d7: 660f 1f84 | 0000 0000 | 0048 8b53 | 080f b752 | 2e48 8b0c | d458 5b50 | 448b 5108 | 49bb 0000 
  0x000001cb075865f7: 0014 cb01 | 0000 4d03 | d34c 8b5b | 104b 8b9c | dac8 0100 | 0048 85db | 0f84 1000 | 0000 4180 
  0x000001cb07586617: bfe0 0500 | 0000 7403 | ff63 38ff | 6350 e9d6 | 
[/MachCode]

---------------  P R O C E S S  ---------------

Threads class SMR info:
_java_thread_list=0x000001cb5ec53fe0, length=77, elements={
0x000001cb131e94f0, 0x000001cb131ea5c0, 0x000001cb131ed550, 0x000001cb131ee1b0,
0x000001cb131f0d20, 0x000001cb131f1780, 0x000001cb131f2510, 0x000001cb131f4350,
0x000001cb134980e0, 0x000001cb1349d5d0, 0x000001cb1349e470, 0x000001cb134a3170,
0x000001cb134a4000, 0x000001cb59ae6360, 0x000001cb59ae69f0, 0x000001cb5a0fcb40,
0x000001cb5a100ce0, 0x000001cb5a0fb790, 0x000001cb5a0fc4b0, 0x000001cb5a0fd1d0,
0x000001cb5a100650, 0x000001cb5a0fec10, 0x000001cb5bfba850, 0x000001cb5bfb8e10,
0x000001cb5bfbaee0, 0x000001cb5a0ff930, 0x000001cb5d2cdc40, 0x000001cb5d2cc200,
0x000001cb5d2d1750, 0x000001cb5bfb7a60, 0x000001cb5eeabc90, 0x000001cb5eeac320,
0x000001cb5eead040, 0x000001cb5f364010, 0x000001cb5f35e430, 0x000001cb5a101a00,
0x000001cb5a102090, 0x000001cb5a0fb100, 0x000001cb5a102720, 0x000001cb5bfbc920,
0x000001cb5bfb80f0, 0x000001cb5bfb9b30, 0x000001cb5bfb94a0, 0x000001cb5bfbb570,
0x000001cb5bfbbc00, 0x000001cb5bfbc290, 0x000001cb5bfb8780, 0x000001cb5bfb73d0,
0x000001cb5bfbdcd0, 0x000001cb5bfbe360, 0x000001cb5bfbe9f0, 0x000001cb5d2cd5b0,
0x000001cb5d2ca7c0, 0x000001cb5d2cae50, 0x000001cb5d2ce960, 0x000001cb5d2ccf20,
0x000001cb5d2ceff0, 0x000001cb5d2d03a0, 0x000001cb5d2d0a30, 0x000001cb5d2cfd10,
0x000001cb5f360b90, 0x000001cb5f35f7e0, 0x000001cb5f362c60, 0x000001cb5eead6d0,
0x000001cb5eeaa8e0, 0x000001cb65fba890, 0x000001cb65fb8e50, 0x000001cb65fb6060,
0x000001cb65fb66f0, 0x000001cb65fb94e0, 0x000001cb65fbd680, 0x000001cb65fb7410,
0x000001cb65fb9b70, 0x000001cb65fb6d80, 0x000001cb65fbb5b0, 0x000001cb65fb7aa0,
0x000001cb65fbc960
}

Java Threads: ( => current thread )
  0x000001cb131e94f0 JavaThread "Reference Handler"          daemon [_thread_blocked, id=8660, stack(0x0000004eb2a00000,0x0000004eb2b00000) (1024K)]
  0x000001cb131ea5c0 JavaThread "Finalizer"                  daemon [_thread_blocked, id=11944, stack(0x0000004eb2b00000,0x0000004eb2c00000) (1024K)]
  0x000001cb131ed550 JavaThread "Signal Dispatcher"          daemon [_thread_blocked, id=27548, stack(0x0000004eb2c00000,0x0000004eb2d00000) (1024K)]
  0x000001cb131ee1b0 JavaThread "Attach Listener"            daemon [_thread_blocked, id=27136, stack(0x0000004eb2d00000,0x0000004eb2e00000) (1024K)]
  0x000001cb131f0d20 JavaThread "Service Thread"             daemon [_thread_blocked, id=28432, stack(0x0000004eb2e00000,0x0000004eb2f00000) (1024K)]
  0x000001cb131f1780 JavaThread "Monitor Deflation Thread"   daemon [_thread_blocked, id=9972, stack(0x0000004eb2f00000,0x0000004eb3000000) (1024K)]
  0x000001cb131f2510 JavaThread "C2 CompilerThread0"         daemon [_thread_blocked, id=3924, stack(0x0000004eb3000000,0x0000004eb3100000) (1024K)]
  0x000001cb131f4350 JavaThread "C1 CompilerThread0"         daemon [_thread_blocked, id=29560, stack(0x0000004eb3100000,0x0000004eb3200000) (1024K)]
  0x000001cb134980e0 JavaThread "JDWP Transport Listener: dt_socket" daemon [_thread_blocked, id=17216, stack(0x0000004eb3200000,0x0000004eb3300000) (1024K)]
  0x000001cb1349d5d0 JavaThread "JDWP Event Helper Thread"   daemon [_thread_blocked, id=19156, stack(0x0000004eb3300000,0x0000004eb3400000) (1024K)]
  0x000001cb1349e470 JavaThread "JDWP Command Reader"        daemon [_thread_in_native, id=27704, stack(0x0000004eb3400000,0x0000004eb3500000) (1024K)]
  0x000001cb134a3170 JavaThread "Notification Thread"        daemon [_thread_blocked, id=18148, stack(0x0000004eb3500000,0x0000004eb3600000) (1024K)]
  0x000001cb134a4000 JavaThread "Common-Cleaner"             daemon [_thread_blocked, id=21156, stack(0x0000004eb3600000,0x0000004eb3700000) (1024K)]
  0x000001cb59ae6360 JavaThread "com.alibaba.nacos.client.Worker.0" daemon [_thread_blocked, id=23116, stack(0x0000004eb3f00000,0x0000004eb4000000) (1024K)]
  0x000001cb59ae69f0 JavaThread "com.alibaba.nacos.client.Worker.1" daemon [_thread_blocked, id=23736, stack(0x0000004eb4200000,0x0000004eb4300000) (1024K)]
  0x000001cb5a0fcb40 JavaThread "com.alibaba.nacos.client.Worker.2" daemon [_thread_blocked, id=30708, stack(0x0000004eb4300000,0x0000004eb4400000) (1024K)]
  0x000001cb5a100ce0 JavaThread "nacos.publisher-com.alibaba.nacos.common.notify.SlowEvent" daemon [_thread_blocked, id=18152, stack(0x0000004eb4400000,0x0000004eb4500000) (1024K)]
  0x000001cb5a0fb790 JavaThread "com.alibaba.nacos.client.remote.worker.0" daemon [_thread_blocked, id=1712, stack(0x0000004eb4500000,0x0000004eb4600000) (1024K)]
  0x000001cb5a0fc4b0 JavaThread "com.alibaba.nacos.client.remote.worker.1" daemon [_thread_blocked, id=23008, stack(0x0000004eb4600000,0x0000004eb4700000) (1024K)]
  0x000001cb5a0fd1d0 JavaThread "grpc-nio-worker-ELG-1-1"    daemon [_thread_in_native, id=8876, stack(0x0000004eb4800000,0x0000004eb4900000) (1024K)]
  0x000001cb5a100650 JavaThread "grpc-nio-worker-ELG-1-2"    daemon [_thread_in_native, id=17672, stack(0x0000004eb4c00000,0x0000004eb4d00000) (1024K)]
  0x000001cb5a0fec10 JavaThread "nacos.publisher-com.alibaba.nacos.common.ability.AbstractAbilityControlManager$AbilityUpdateEvent" daemon [_thread_blocked, id=16444, stack(0x0000004eb5300000,0x0000004eb5400000) (1024K)]
  0x000001cb5bfba850 JavaThread "com.alibaba.nacos.client.Worker.3" daemon [_thread_blocked, id=27508, stack(0x0000004eb5900000,0x0000004eb5a00000) (1024K)]
  0x000001cb5bfb8e10 JavaThread "mysql-cj-abandoned-connection-cleanup" daemon [_thread_blocked, id=6028, stack(0x0000004eb5d00000,0x0000004eb5e00000) (1024K)]
  0x000001cb5bfbaee0 JavaThread "com.alibaba.nacos.client.Worker.4" daemon [_thread_blocked, id=20868, stack(0x0000004eb5e00000,0x0000004eb5f00000) (1024K)]
  0x000001cb5a0ff930 JavaThread "nacos.publisher-com.alibaba.nacos.client.naming.event.InstancesChangeEvent" daemon [_thread_blocked, id=19712, stack(0x0000004eb6600000,0x0000004eb6700000) (1024K)]
  0x000001cb5d2cdc40 JavaThread "grpc-nio-worker-ELG-1-3"    daemon [_thread_in_native, id=9048, stack(0x0000004eb6c00000,0x0000004eb6d00000) (1024K)]
  0x000001cb5d2cc200 JavaThread "grpc-nio-worker-ELG-1-4"    daemon [_thread_in_native, id=26912, stack(0x0000004eb6f00000,0x0000004eb7000000) (1024K)]
  0x000001cb5d2d1750 JavaThread "nacos.client.config.listener.task-0" daemon [_thread_blocked, id=9320, stack(0x0000004eb7c00000,0x0000004eb7d00000) (1024K)]
  0x000001cb5bfb7a60 JavaThread "DestroyJavaVM"                     [_thread_blocked, id=19596, stack(0x0000004eb2200000,0x0000004eb2300000) (1024K)]
  0x000001cb5eeabc90 JavaThread "boundedElastic-evictor-1"   daemon [_thread_blocked, id=8240, stack(0x0000004eb3e00000,0x0000004eb3f00000) (1024K)]
  0x000001cb5eeac320 JavaThread "pool-9-thread-1"            daemon [_thread_blocked, id=24768, stack(0x0000004eb7e00000,0x0000004eb7f00000) (1024K)]
  0x000001cb5eead040 JavaThread "com.alibaba.nacos.client.Worker.5" daemon [_thread_blocked, id=1864, stack(0x0000004eb8000000,0x0000004eb8100000) (1024K)]
  0x000001cb5f364010 JavaThread "com.alibaba.nacos.client.Worker.6" daemon [_thread_blocked, id=8692, stack(0x0000004eb8800000,0x0000004eb8900000) (1024K)]
  0x000001cb5f35e430 JavaThread "com.alibaba.nacos.client.Worker.7" daemon [_thread_blocked, id=15160, stack(0x0000004eb3d00000,0x0000004eb3e00000) (1024K)]
  0x000001cb5a101a00 JavaThread "com.alibaba.nacos.client.auth.ram.identify.watcher.0" daemon [_thread_blocked, id=27016, stack(0x0000004eb4100000,0x0000004eb4200000) (1024K)]
  0x000001cb5a102090 JavaThread "Catalina-utility-1"                [_thread_blocked, id=18744, stack(0x0000004eb4f00000,0x0000004eb5000000) (1024K)]
  0x000001cb5a0fb100 JavaThread "Catalina-utility-2"                [_thread_blocked, id=29712, stack(0x0000004eb5000000,0x0000004eb5100000) (1024K)]
  0x000001cb5a102720 JavaThread "container-0"                       [_thread_blocked, id=26600, stack(0x0000004eb5100000,0x0000004eb5200000) (1024K)]
  0x000001cb5bfbc920 JavaThread "HikariPool-2 housekeeper"   daemon [_thread_blocked, id=14680, stack(0x0000004eb5200000,0x0000004eb5300000) (1024K)]
  0x000001cb5bfb80f0 JavaThread "spring.cloud.inetutils"     daemon [_thread_blocked, id=4800, stack(0x0000004eb2000000,0x0000004eb2100000) (1024K)]
  0x000001cb5bfb9b30 JavaThread "File Watcher"               daemon [_thread_blocked, id=10724, stack(0x0000004eb5500000,0x0000004eb5600000) (1024K)]
  0x000001cb5bfb94a0 JavaThread "http-nio-8500-exec-1"       daemon [_thread_blocked, id=6280, stack(0x0000004eb5600000,0x0000004eb5700000) (1024K)]
  0x000001cb5bfbb570 JavaThread "http-nio-8500-exec-2"       daemon [_thread_blocked, id=21772, stack(0x0000004eb5700000,0x0000004eb5800000) (1024K)]
  0x000001cb5bfbbc00 JavaThread "http-nio-8500-exec-3"       daemon [_thread_blocked, id=27792, stack(0x0000004eb5800000,0x0000004eb5900000) (1024K)]
  0x000001cb5bfbc290 JavaThread "http-nio-8500-exec-4"       daemon [_thread_blocked, id=13112, stack(0x0000004eb5a00000,0x0000004eb5b00000) (1024K)]
  0x000001cb5bfb8780 JavaThread "http-nio-8500-exec-5"       daemon [_thread_blocked, id=29748, stack(0x0000004eb5b00000,0x0000004eb5c00000) (1024K)]
  0x000001cb5bfb73d0 JavaThread "http-nio-8500-exec-6"       daemon [_thread_blocked, id=19436, stack(0x0000004eb5c00000,0x0000004eb5d00000) (1024K)]
  0x000001cb5bfbdcd0 JavaThread "http-nio-8500-exec-7"       daemon [_thread_blocked, id=25856, stack(0x0000004eb5f00000,0x0000004eb6000000) (1024K)]
  0x000001cb5bfbe360 JavaThread "http-nio-8500-exec-8"       daemon [_thread_blocked, id=7160, stack(0x0000004eb6100000,0x0000004eb6200000) (1024K)]
  0x000001cb5bfbe9f0 JavaThread "http-nio-8500-exec-9"       daemon [_thread_blocked, id=24528, stack(0x0000004eb6300000,0x0000004eb6400000) (1024K)]
  0x000001cb5d2cd5b0 JavaThread "http-nio-8500-exec-10"      daemon [_thread_blocked, id=3588, stack(0x0000004eb6400000,0x0000004eb6500000) (1024K)]
  0x000001cb5d2ca7c0 JavaThread "http-nio-8500-Poller"       daemon [_thread_in_native, id=10320, stack(0x0000004eb6500000,0x0000004eb6600000) (1024K)]
  0x000001cb5d2cae50 JavaThread "http-nio-8500-Acceptor"     daemon [_thread_in_native, id=14636, stack(0x0000004eb6700000,0x0000004eb6800000) (1024K)]
  0x000001cb5d2ce960 JavaThread "com.alibaba.nacos.naming.failover.0" daemon [_thread_blocked, id=20472, stack(0x0000004eb6800000,0x0000004eb6900000) (1024K)]
  0x000001cb5d2ccf20 JavaThread "com.alibaba.nacos.client.naming.security.0" daemon [_thread_blocked, id=23400, stack(0x0000004eb6900000,0x0000004eb6a00000) (1024K)]
  0x000001cb5d2ceff0 JavaThread "com.alibaba.nacos.client.naming.grpc.redo.0" daemon [_thread_blocked, id=2396, stack(0x0000004eb6a00000,0x0000004eb6b00000) (1024K)]
  0x000001cb5d2d03a0 JavaThread "com.alibaba.nacos.client.remote.worker.0" daemon [_thread_blocked, id=24516, stack(0x0000004eb6b00000,0x0000004eb6c00000) (1024K)]
  0x000001cb5d2d0a30 JavaThread "com.alibaba.nacos.client.remote.worker.1" daemon [_thread_blocked, id=13784, stack(0x0000004eb6d00000,0x0000004eb6e00000) (1024K)]
  0x000001cb5d2cfd10 JavaThread "grpc-nio-worker-ELG-1-5"    daemon [_thread_in_native, id=6288, stack(0x0000004eb6000000,0x0000004eb6100000) (1024K)]
  0x000001cb5f360b90 JavaThread "grpc-nio-worker-ELG-1-6"    daemon [_thread_in_native, id=16948, stack(0x0000004eb7200000,0x0000004eb7300000) (1024K)]
  0x000001cb5f35f7e0 JavaThread "AMQP Connection 127.0.0.1:5672"        [_thread_in_native, id=21924, stack(0x0000004eb7800000,0x0000004eb7900000) (1024K)]
  0x000001cb5f362c60 JavaThread "pool-10-thread-2"                  [_thread_blocked, id=27604, stack(0x0000004eb7900000,0x0000004eb7a00000) (1024K)]
=>0x000001cb5eead6d0 JavaThread "org.springframework.amqp.rabbit.RabbitListenerEndpointContainer#0-1"        [_thread_in_Java, id=232, stack(0x0000004eb7a00000,0x0000004eb7b00000) (1024K)]
  0x000001cb5eeaa8e0 JavaThread "pool-10-thread-3"                  [_thread_blocked, id=25052, stack(0x0000004eb7b00000,0x0000004eb7c00000) (1024K)]
  0x000001cb65fba890 JavaThread "pool-13-thread-1"           daemon [_thread_blocked, id=19812, stack(0x0000004eb8100000,0x0000004eb8200000) (1024K)]
  0x000001cb65fb8e50 JavaThread "pool-10-thread-4"                  [_thread_blocked, id=29652, stack(0x0000004eb8300000,0x0000004eb8400000) (1024K)]
  0x000001cb65fb6060 JavaThread "pool-10-thread-5"                  [_thread_blocked, id=26368, stack(0x0000004eb8400000,0x0000004eb8500000) (1024K)]
  0x000001cb65fb66f0 JavaThread "pool-10-thread-6"                  [_thread_blocked, id=4116, stack(0x0000004eb8500000,0x0000004eb8600000) (1024K)]
  0x000001cb65fb94e0 JavaThread "pool-10-thread-7"                  [_thread_blocked, id=22680, stack(0x0000004eb8600000,0x0000004eb8700000) (1024K)]
  0x000001cb65fbd680 JavaThread "pool-10-thread-8"                  [_thread_blocked, id=2860, stack(0x0000004eb8700000,0x0000004eb8800000) (1024K)]
  0x000001cb65fb7410 JavaThread "pool-10-thread-9"                  [_thread_blocked, id=15956, stack(0x0000004eb8900000,0x0000004eb8a00000) (1024K)]
  0x000001cb65fb9b70 JavaThread "pool-10-thread-10"                 [_thread_blocked, id=18468, stack(0x0000004eb8a00000,0x0000004eb8b00000) (1024K)]
  0x000001cb65fb6d80 JavaThread "nacos-grpc-client-executor-127.0.0.1-477" daemon [_thread_blocked, id=26828, stack(0x0000004eb2100000,0x0000004eb2200000) (1024K)]
  0x000001cb65fbb5b0 JavaThread "nacos-grpc-client-executor-127.0.0.1-211" daemon [_thread_blocked, id=9256, stack(0x0000004eb4900000,0x0000004eb4a00000) (1024K)]
  0x000001cb65fb7aa0 JavaThread "nacos-grpc-client-executor-127.0.0.1-212" daemon [_thread_blocked, id=8244, stack(0x0000004eb1f00000,0x0000004eb2000000) (1024K)]
  0x000001cb65fbc960 JavaThread "nacos-grpc-client-executor-127.0.0.1-478" daemon [_thread_blocked, id=30696, stack(0x0000004eb4a00000,0x0000004eb4b00000) (1024K)]
Total: 77

Other Threads:
  0x000001cb131d2770 VMThread "VM Thread"                           [id=25404, stack(0x0000004eb2900000,0x0000004eb2a00000) (1024K)]
  0x000001cb131bc390 WatcherThread "VM Periodic Task Thread"        [id=14920, stack(0x0000004eb2800000,0x0000004eb2900000) (1024K)]
  0x000001cb75250520 WorkerThread "GC Thread#0"                     [id=17792, stack(0x0000004eb2300000,0x0000004eb2400000) (1024K)]
  0x000001cb59a955a0 WorkerThread "GC Thread#1"                     [id=25552, stack(0x0000004eb3700000,0x0000004eb3800000) (1024K)]
  0x000001cb59a7fc00 WorkerThread "GC Thread#2"                     [id=17212, stack(0x0000004eb3800000,0x0000004eb3900000) (1024K)]
  0x000001cb59a7ffa0 WorkerThread "GC Thread#3"                     [id=18688, stack(0x0000004eb3900000,0x0000004eb3a00000) (1024K)]
  0x000001cb59a82f80 WorkerThread "GC Thread#4"                     [id=28028, stack(0x0000004eb3a00000,0x0000004eb3b00000) (1024K)]
  0x000001cb59a83b40 WorkerThread "GC Thread#5"                     [id=5368, stack(0x0000004eb3b00000,0x0000004eb3c00000) (1024K)]
  0x000001cb59a83ee0 WorkerThread "GC Thread#6"                     [id=18856, stack(0x0000004eb3c00000,0x0000004eb3d00000) (1024K)]
  0x000001cb59ac8320 WorkerThread "GC Thread#7"                     [id=29160, stack(0x0000004eb4000000,0x0000004eb4100000) (1024K)]
  0x000001cb7525dbd0 ConcurrentGCThread "G1 Main Marker"            [id=14676, stack(0x0000004eb2400000,0x0000004eb2500000) (1024K)]
  0x000001cb7525e6d0 WorkerThread "G1 Conc#0"                       [id=23296, stack(0x0000004eb2500000,0x0000004eb2600000) (1024K)]
  0x000001cb59ac8e00 WorkerThread "G1 Conc#1"                       [id=28488, stack(0x0000004eb4700000,0x0000004eb4800000) (1024K)]
  0x000001cb752aeb20 ConcurrentGCThread "G1 Refine#0"               [id=17500, stack(0x0000004eb2600000,0x0000004eb2700000) (1024K)]
  0x000001cb750495e0 ConcurrentGCThread "G1 Service"                [id=10540, stack(0x0000004eb2700000,0x0000004eb2800000) (1024K)]
Total: 15

Threads with active compile tasks:
Total: 0

VM state: not at safepoint (normal execution)

VM Mutex/Monitor currently owned by a thread: None

Heap address: 0x00000000a0e00000, size: 1522 MB, Compressed Oops mode: 32-bit

CDS archive(s) mapped at: [0x000001cb14000000-0x000001cb14c90000-0x000001cb14c90000), size 13172736, SharedBaseAddress: 0x000001cb14000000, ArchiveRelocationMode: 1.
Compressed class space mapped at: 0x000001cb15000000-0x000001cb55000000, reserved size: 1073741824
Narrow klass base: 0x000001cb14000000, Narrow klass shift: 0, Narrow klass range: 0x100000000

GC Precious Log:
 CardTable entry size: 512
 Card Set container configuration: InlinePtr #cards 5 size 8 Array Of Cards #cards 12 size 40 Howl #buckets 4 coarsen threshold 1843 Howl Bitmap #cards 512 size 80 coarsen threshold 460 Card regions per heap region 1 cards per card region 2048
 CPUs: 8 total, 8 available
 Memory: 6082M
 Large Page Support: Disabled
 NUMA Support: Disabled
 Compressed Oops: Enabled (32-bit)
 Heap Region Size: 1M
 Heap Min Capacity: 8M
 Heap Initial Capacity: 96M
 Heap Max Capacity: 1522M
 Pre-touch: Disabled
 Parallel Workers: 8
 Concurrent Workers: 2
 Concurrent Refinement Workers: 8
 Periodic GC: Disabled

Heap:
 garbage-first heap   total 96256K, used 62630K [0x00000000a0e00000, 0x0000000100000000)
  region size 1024K, 12 young (12288K), 1 survivors (1024K)
 Metaspace       used 100831K, committed 102208K, reserved 1179648K
  class space    used 12579K, committed 13184K, reserved 1048576K

Heap Regions: E=young(eden), S=young(survivor), O=old, HS=humongous(starts), HC=humongous(continues), CS=collection set, F=free, TAMS=top-at-mark-start, PB=parsable bottom
|   0|0x00000000a0e00000, 0x00000000a0f00000, 0x00000000a0f00000|100%|HS|  |TAMS 0x00000000a0e00000| PB 0x00000000a0e00000| Complete 
|   1|0x00000000a0f00000, 0x00000000a1000000, 0x00000000a1000000|100%|HS|  |TAMS 0x00000000a0f00000| PB 0x00000000a0f00000| Complete 
|   2|0x00000000a1000000, 0x00000000a1100000, 0x00000000a1100000|100%| O|  |TAMS 0x00000000a1000000| PB 0x00000000a1000000| Untracked 
|   3|0x00000000a1100000, 0x00000000a1200000, 0x00000000a1200000|100%|HS|  |TAMS 0x00000000a1100000| PB 0x00000000a1100000| Complete 
|   4|0x00000000a1200000, 0x00000000a12ffff0, 0x00000000a1300000| 99%| O|  |TAMS 0x00000000a1200000| PB 0x00000000a1200000| Untracked 
|   5|0x00000000a1300000, 0x00000000a1400000, 0x00000000a1400000|100%| O|  |TAMS 0x00000000a1300000| PB 0x00000000a1300000| Untracked 
|   6|0x00000000a1400000, 0x00000000a1500000, 0x00000000a1500000|100%| O|  |TAMS 0x00000000a1400000| PB 0x00000000a1400000| Untracked 
|   7|0x00000000a1500000, 0x00000000a1600000, 0x00000000a1600000|100%| O|  |TAMS 0x00000000a1500000| PB 0x00000000a1500000| Untracked 
|   8|0x00000000a1600000, 0x00000000a16ffff8, 0x00000000a1700000| 99%| O|  |TAMS 0x00000000a1600000| PB 0x00000000a1600000| Untracked 
|   9|0x00000000a1700000, 0x00000000a17ff1a0, 0x00000000a1800000| 99%| O|  |TAMS 0x00000000a1700000| PB 0x00000000a1700000| Untracked 
|  10|0x00000000a1800000, 0x00000000a1900000, 0x00000000a1900000|100%| O|  |TAMS 0x00000000a1800000| PB 0x00000000a1800000| Untracked 
|  11|0x00000000a1900000, 0x00000000a19ffff0, 0x00000000a1a00000| 99%| O|  |TAMS 0x00000000a1900000| PB 0x00000000a1900000| Untracked 
|  12|0x00000000a1a00000, 0x00000000a1affff8, 0x00000000a1b00000| 99%| O|  |TAMS 0x00000000a1a00000| PB 0x00000000a1a00000| Untracked 
|  13|0x00000000a1b00000, 0x00000000a1bf9530, 0x00000000a1c00000| 97%| O|  |TAMS 0x00000000a1b00000| PB 0x00000000a1b00000| Untracked 
|  14|0x00000000a1c00000, 0x00000000a1cffed0, 0x00000000a1d00000| 99%| O|  |TAMS 0x00000000a1c00000| PB 0x00000000a1c00000| Untracked 
|  15|0x00000000a1d00000, 0x00000000a1dffff8, 0x00000000a1e00000| 99%| O|  |TAMS 0x00000000a1d00000| PB 0x00000000a1d00000| Untracked 
|  16|0x00000000a1e00000, 0x00000000a1eff158, 0x00000000a1f00000| 99%| O|  |TAMS 0x00000000a1e00000| PB 0x00000000a1e00000| Untracked 
|  17|0x00000000a1f00000, 0x00000000a2000000, 0x00000000a2000000|100%| O|  |TAMS 0x00000000a1f00000| PB 0x00000000a1f00000| Untracked 
|  18|0x00000000a2000000, 0x00000000a2100000, 0x00000000a2100000|100%| O|  |TAMS 0x00000000a2000000| PB 0x00000000a2000000| Untracked 
|  19|0x00000000a2100000, 0x00000000a2200000, 0x00000000a2200000|100%| O|  |TAMS 0x00000000a2100000| PB 0x00000000a2100000| Untracked 
|  20|0x00000000a2200000, 0x00000000a2300000, 0x00000000a2300000|100%| O|  |TAMS 0x00000000a2200000| PB 0x00000000a2200000| Untracked 
|  21|0x00000000a2300000, 0x00000000a2400000, 0x00000000a2400000|100%| O|  |TAMS 0x00000000a2300000| PB 0x00000000a2300000| Untracked 
|  22|0x00000000a2400000, 0x00000000a24fffe8, 0x00000000a2500000| 99%| O|  |TAMS 0x00000000a2400000| PB 0x00000000a2400000| Untracked 
|  23|0x00000000a2500000, 0x00000000a25fffe0, 0x00000000a2600000| 99%| O|  |TAMS 0x00000000a2500000| PB 0x00000000a2500000| Untracked 
|  24|0x00000000a2600000, 0x00000000a2700000, 0x00000000a2700000|100%| O|Cm|TAMS 0x00000000a2600000| PB 0x00000000a2600000| Complete 
|  25|0x00000000a2700000, 0x00000000a2800000, 0x00000000a2800000|100%| O|  |TAMS 0x00000000a2700000| PB 0x00000000a2700000| Untracked 
|  26|0x00000000a2800000, 0x00000000a28ffff8, 0x00000000a2900000| 99%| O|  |TAMS 0x00000000a2800000| PB 0x00000000a2800000| Untracked 
|  27|0x00000000a2900000, 0x00000000a29ffff0, 0x00000000a2a00000| 99%| O|  |TAMS 0x00000000a2900000| PB 0x00000000a2900000| Untracked 
|  28|0x00000000a2a00000, 0x00000000a2affff8, 0x00000000a2b00000| 99%| O|  |TAMS 0x00000000a2a00000| PB 0x00000000a2a00000| Untracked 
|  29|0x00000000a2b00000, 0x00000000a2bffec0, 0x00000000a2c00000| 99%| O|  |TAMS 0x00000000a2b00000| PB 0x00000000a2b00000| Untracked 
|  30|0x00000000a2c00000, 0x00000000a2cfffe8, 0x00000000a2d00000| 99%| O|  |TAMS 0x00000000a2c00000| PB 0x00000000a2c00000| Untracked 
|  31|0x00000000a2d00000, 0x00000000a2e00000, 0x00000000a2e00000|100%| O|  |TAMS 0x00000000a2d00000| PB 0x00000000a2d00000| Untracked 
|  32|0x00000000a2e00000, 0x00000000a2f00000, 0x00000000a2f00000|100%| O|  |TAMS 0x00000000a2e00000| PB 0x00000000a2e00000| Untracked 
|  33|0x00000000a2f00000, 0x00000000a2fe9580, 0x00000000a3000000| 91%| O|  |TAMS 0x00000000a2f00000| PB 0x00000000a2f00000| Untracked 
|  34|0x00000000a3000000, 0x00000000a30fffe8, 0x00000000a3100000| 99%| O|  |TAMS 0x00000000a3000000| PB 0x00000000a3000000| Untracked 
|  35|0x00000000a3100000, 0x00000000a3200000, 0x00000000a3200000|100%| O|  |TAMS 0x00000000a3100000| PB 0x00000000a3100000| Untracked 
|  36|0x00000000a3200000, 0x00000000a3300000, 0x00000000a3300000|100%| O|  |TAMS 0x00000000a3200000| PB 0x00000000a3200000| Untracked 
|  37|0x00000000a3300000, 0x00000000a33ffff0, 0x00000000a3400000| 99%| O|  |TAMS 0x00000000a3300000| PB 0x00000000a3300000| Untracked 
|  38|0x00000000a3400000, 0x00000000a34fffe8, 0x00000000a3500000| 99%| O|  |TAMS 0x00000000a3400000| PB 0x00000000a3400000| Untracked 
|  39|0x00000000a3500000, 0x00000000a3600000, 0x00000000a3600000|100%| O|  |TAMS 0x00000000a3500000| PB 0x00000000a3500000| Untracked 
|  40|0x00000000a3600000, 0x00000000a36ffff8, 0x00000000a3700000| 99%| O|  |TAMS 0x00000000a3600000| PB 0x00000000a3600000| Untracked 
|  41|0x00000000a3700000, 0x00000000a3700000, 0x00000000a3800000|  0%| F|  |TAMS 0x00000000a3700000| PB 0x00000000a3700000| Untracked 
|  42|0x00000000a3800000, 0x00000000a3900000, 0x00000000a3900000|100%| O|  |TAMS 0x00000000a3800000| PB 0x00000000a3800000| Untracked 
|  43|0x00000000a3900000, 0x00000000a3a00000, 0x00000000a3a00000|100%| O|  |TAMS 0x00000000a3900000| PB 0x00000000a3900000| Untracked 
|  44|0x00000000a3a00000, 0x00000000a3b00000, 0x00000000a3b00000|100%| O|  |TAMS 0x00000000a3a00000| PB 0x00000000a3a00000| Untracked 
|  45|0x00000000a3b00000, 0x00000000a3c00000, 0x00000000a3c00000|100%| O|  |TAMS 0x00000000a3b00000| PB 0x00000000a3b00000| Untracked 
|  46|0x00000000a3c00000, 0x00000000a3d00000, 0x00000000a3d00000|100%| O|  |TAMS 0x00000000a3c00000| PB 0x00000000a3c00000| Untracked 
|  47|0x00000000a3d00000, 0x00000000a3e00000, 0x00000000a3e00000|100%| O|  |TAMS 0x00000000a3d00000| PB 0x00000000a3d00000| Untracked 
|  48|0x00000000a3e00000, 0x00000000a3f00000, 0x00000000a3f00000|100%| O|  |TAMS 0x00000000a3e00000| PB 0x00000000a3e00000| Untracked 
|  49|0x00000000a3f00000, 0x00000000a4000000, 0x00000000a4000000|100%| O|  |TAMS 0x00000000a3f00000| PB 0x00000000a3f00000| Untracked 
|  50|0x00000000a4000000, 0x00000000a40a99f0, 0x00000000a4100000| 66%| O|  |TAMS 0x00000000a4000000| PB 0x00000000a4000000| Untracked 
|  51|0x00000000a4100000, 0x00000000a4100000, 0x00000000a4200000|  0%| F|  |TAMS 0x00000000a4100000| PB 0x00000000a4100000| Untracked 
|  52|0x00000000a4200000, 0x00000000a4200000, 0x00000000a4300000|  0%| F|  |TAMS 0x00000000a4200000| PB 0x00000000a4200000| Untracked 
|  53|0x00000000a4300000, 0x00000000a4300000, 0x00000000a4400000|  0%| F|  |TAMS 0x00000000a4300000| PB 0x00000000a4300000| Untracked 
|  54|0x00000000a4400000, 0x00000000a4400000, 0x00000000a4500000|  0%| F|  |TAMS 0x00000000a4400000| PB 0x00000000a4400000| Untracked 
|  55|0x00000000a4500000, 0x00000000a4500000, 0x00000000a4600000|  0%| F|  |TAMS 0x00000000a4500000| PB 0x00000000a4500000| Untracked 
|  56|0x00000000a4600000, 0x00000000a469f3e0, 0x00000000a4700000| 62%| S|CS|TAMS 0x00000000a4600000| PB 0x00000000a4600000| Complete 
|  57|0x00000000a4700000, 0x00000000a4700000, 0x00000000a4800000|  0%| F|  |TAMS 0x00000000a4700000| PB 0x00000000a4700000| Untracked 
|  58|0x00000000a4800000, 0x00000000a4800000, 0x00000000a4900000|  0%| F|  |TAMS 0x00000000a4800000| PB 0x00000000a4800000| Untracked 
|  59|0x00000000a4900000, 0x00000000a4900000, 0x00000000a4a00000|  0%| F|  |TAMS 0x00000000a4900000| PB 0x00000000a4900000| Untracked 
|  60|0x00000000a4a00000, 0x00000000a4a00000, 0x00000000a4b00000|  0%| F|  |TAMS 0x00000000a4a00000| PB 0x00000000a4a00000| Untracked 
|  61|0x00000000a4b00000, 0x00000000a4b00000, 0x00000000a4c00000|  0%| F|  |TAMS 0x00000000a4b00000| PB 0x00000000a4b00000| Untracked 
|  62|0x00000000a4c00000, 0x00000000a4c00000, 0x00000000a4d00000|  0%| F|  |TAMS 0x00000000a4c00000| PB 0x00000000a4c00000| Untracked 
|  63|0x00000000a4d00000, 0x00000000a4d00000, 0x00000000a4e00000|  0%| F|  |TAMS 0x00000000a4d00000| PB 0x00000000a4d00000| Untracked 
|  64|0x00000000a4e00000, 0x00000000a4e00000, 0x00000000a4f00000|  0%| F|  |TAMS 0x00000000a4e00000| PB 0x00000000a4e00000| Untracked 
|  65|0x00000000a4f00000, 0x00000000a4f00000, 0x00000000a5000000|  0%| F|  |TAMS 0x00000000a4f00000| PB 0x00000000a4f00000| Untracked 
|  66|0x00000000a5000000, 0x00000000a5000000, 0x00000000a5100000|  0%| F|  |TAMS 0x00000000a5000000| PB 0x00000000a5000000| Untracked 
|  67|0x00000000a5100000, 0x00000000a5100000, 0x00000000a5200000|  0%| F|  |TAMS 0x00000000a5100000| PB 0x00000000a5100000| Untracked 
|  68|0x00000000a5200000, 0x00000000a5200000, 0x00000000a5300000|  0%| F|  |TAMS 0x00000000a5200000| PB 0x00000000a5200000| Untracked 
|  69|0x00000000a5300000, 0x00000000a5300000, 0x00000000a5400000|  0%| F|  |TAMS 0x00000000a5300000| PB 0x00000000a5300000| Untracked 
|  70|0x00000000a5400000, 0x00000000a5400000, 0x00000000a5500000|  0%| F|  |TAMS 0x00000000a5400000| PB 0x00000000a5400000| Untracked 
|  71|0x00000000a5500000, 0x00000000a5500000, 0x00000000a5600000|  0%| F|  |TAMS 0x00000000a5500000| PB 0x00000000a5500000| Untracked 
|  72|0x00000000a5600000, 0x00000000a5600000, 0x00000000a5700000|  0%| F|  |TAMS 0x00000000a5600000| PB 0x00000000a5600000| Untracked 
|  73|0x00000000a5700000, 0x00000000a5700000, 0x00000000a5800000|  0%| F|  |TAMS 0x00000000a5700000| PB 0x00000000a5700000| Untracked 
|  74|0x00000000a5800000, 0x00000000a5800000, 0x00000000a5900000|  0%| F|  |TAMS 0x00000000a5800000| PB 0x00000000a5800000| Untracked 
|  75|0x00000000a5900000, 0x00000000a5900000, 0x00000000a5a00000|  0%| F|  |TAMS 0x00000000a5900000| PB 0x00000000a5900000| Untracked 
|  76|0x00000000a5a00000, 0x00000000a5a00000, 0x00000000a5b00000|  0%| F|  |TAMS 0x00000000a5a00000| PB 0x00000000a5a00000| Untracked 
|  77|0x00000000a5b00000, 0x00000000a5b00000, 0x00000000a5c00000|  0%| F|  |TAMS 0x00000000a5b00000| PB 0x00000000a5b00000| Untracked 
|  78|0x00000000a5c00000, 0x00000000a5c00000, 0x00000000a5d00000|  0%| F|  |TAMS 0x00000000a5c00000| PB 0x00000000a5c00000| Untracked 
|  79|0x00000000a5d00000, 0x00000000a5d00000, 0x00000000a5e00000|  0%| F|  |TAMS 0x00000000a5d00000| PB 0x00000000a5d00000| Untracked 
|  80|0x00000000a5e00000, 0x00000000a5e00000, 0x00000000a5f00000|  0%| F|  |TAMS 0x00000000a5e00000| PB 0x00000000a5e00000| Untracked 
|  81|0x00000000a5f00000, 0x00000000a5f00000, 0x00000000a6000000|  0%| F|  |TAMS 0x00000000a5f00000| PB 0x00000000a5f00000| Untracked 
|  82|0x00000000a6000000, 0x00000000a60d4c18, 0x00000000a6100000| 83%| E|  |TAMS 0x00000000a6000000| PB 0x00000000a6000000| Complete 
|  83|0x00000000a6100000, 0x00000000a6200000, 0x00000000a6200000|100%| E|CS|TAMS 0x00000000a6100000| PB 0x00000000a6100000| Complete 
|  84|0x00000000a6200000, 0x00000000a6300000, 0x00000000a6300000|100%| E|CS|TAMS 0x00000000a6200000| PB 0x00000000a6200000| Complete 
|  85|0x00000000a6300000, 0x00000000a6400000, 0x00000000a6400000|100%| E|CS|TAMS 0x00000000a6300000| PB 0x00000000a6300000| Complete 
|  95|0x00000000a6d00000, 0x00000000a6e00000, 0x00000000a6e00000|100%| E|CS|TAMS 0x00000000a6d00000| PB 0x00000000a6d00000| Complete 
|1515|0x00000000ff900000, 0x00000000ffa00000, 0x00000000ffa00000|100%| E|CS|TAMS 0x00000000ff900000| PB 0x00000000ff900000| Complete 
|1516|0x00000000ffa00000, 0x00000000ffb00000, 0x00000000ffb00000|100%| E|CS|TAMS 0x00000000ffa00000| PB 0x00000000ffa00000| Complete 
|1517|0x00000000ffb00000, 0x00000000ffc00000, 0x00000000ffc00000|100%| E|CS|TAMS 0x00000000ffb00000| PB 0x00000000ffb00000| Complete 
|1518|0x00000000ffc00000, 0x00000000ffd00000, 0x00000000ffd00000|100%| E|CS|TAMS 0x00000000ffc00000| PB 0x00000000ffc00000| Complete 
|1519|0x00000000ffd00000, 0x00000000ffe00000, 0x00000000ffe00000|100%| E|CS|TAMS 0x00000000ffd00000| PB 0x00000000ffd00000| Complete 
|1520|0x00000000ffe00000, 0x00000000fff00000, 0x00000000fff00000|100%| O|  |TAMS 0x00000000ffe00000| PB 0x00000000ffe00000| Untracked 
|1521|0x00000000fff00000, 0x0000000100000000, 0x0000000100000000|100%| E|CS|TAMS 0x00000000fff00000| PB 0x00000000fff00000| Complete 

Card table byte_map: [0x000001cb7fba0000,0x000001cb7fea0000] _byte_map_base: 0x000001cb7f699000

Marking Bits: (CMBitMap*) 0x000001cb75251430
 Bits: [0x000001cb0f000000, 0x000001cb107c8000)

Polling page: 0x000001cb752b0000

Metaspace:

Usage:
  Non-class:     86.18 MB used.
      Class:     12.28 MB used.
       Both:     98.47 MB used.

Virtual space:
  Non-class space:      128.00 MB reserved,      86.94 MB ( 68%) committed,  2 nodes.
      Class space:        1.00 GB reserved,      12.88 MB (  1%) committed,  1 nodes.
             Both:        1.12 GB reserved,      99.81 MB (  9%) committed. 

Chunk freelists:
   Non-Class:  9.28 MB
       Class:  3.19 MB
        Both:  12.47 MB

MaxMetaspaceSize: unlimited
CompressedClassSpaceSize: 1.00 GB
Initial GC threshold: 21.00 MB
Current GC threshold: 166.38 MB
CDS: on
 - commit_granule_bytes: 65536.
 - commit_granule_words: 8192.
 - virtual_space_node_default_size: 8388608.
 - enlarge_chunks_in_place: 1.
 - use_allocation_guard: 0.


Internal statistics:

num_allocs_failed_limit: 12.
num_arena_births: 1820.
num_arena_deaths: 370.
num_vsnodes_births: 3.
num_vsnodes_deaths: 0.
num_space_committed: 1597.
num_space_uncommitted: 0.
num_chunks_returned_to_freelist: 416.
num_chunks_taken_from_freelist: 5694.
num_chunk_merges: 108.
num_chunk_splits: 4018.
num_chunks_enlarged: 2986.
num_inconsistent_stats: 0.

CodeHeap 'non-profiled nmethods': size=120000Kb used=12763Kb max_used=14792Kb free=107236Kb
 bounds [0x000001cb07ad0000, 0x000001cb089c0000, 0x000001cb0f000000]
CodeHeap 'profiled nmethods': size=120000Kb used=14264Kb max_used=23823Kb free=105735Kb
 bounds [0x000001cb00000000, 0x000001cb01750000, 0x000001cb07530000]
CodeHeap 'non-nmethods': size=5760Kb used=1915Kb max_used=1999Kb free=3844Kb
 bounds [0x000001cb07530000, 0x000001cb077a0000, 0x000001cb07ad0000]
 total_blobs=9074 nmethods=8231 adapters=744
 compilation: enabled
              stopped_count=0, restarted_count=0
 full_count=0

Compilation events (20 events):
Event: 2015.319 Thread 0x000001cb131f2510 nmethod 18567 0x000001cb07af9b90 code [0x000001cb07af9d20, 0x000001cb07af9de8]
Event: 2015.321 Thread 0x000001cb131f4350 nmethod 18551 0x000001cb001d9790 code [0x000001cb001d9940, 0x000001cb001d9ba8]
Event: 2015.321 Thread 0x000001cb131f4350 18552       3       com.alibaba.nacos.shaded.io.grpc.internal.RetriableStream::access$102 (7 bytes)
Event: 2015.321 Thread 0x000001cb131f4350 nmethod 18552 0x000001cb00152c10 code [0x000001cb00152da0, 0x000001cb00152ea0]
Event: 2015.321 Thread 0x000001cb131f4350 18553   !   3       com.alibaba.nacos.shaded.io.grpc.internal.ClientCallImpl$ClientStreamListenerImpl::closed (65 bytes)
Event: 2015.326 Thread 0x000001cb131f4350 nmethod 18553 0x000001cb0070c310 code [0x000001cb0070c520, 0x000001cb0070cb10]
Event: 2015.326 Thread 0x000001cb131f4350 18554       3       com.alibaba.nacos.shaded.io.grpc.internal.ClientCallImpl$ClientStreamListenerImpl::closedInternal (128 bytes)
Event: 2015.365 Thread 0x000001cb131f4350 nmethod 18554 0x000001cb01192290 code [0x000001cb01192620, 0x000001cb01193d00]
Event: 2015.365 Thread 0x000001cb131f4350 18555       3       com.alibaba.nacos.shaded.io.grpc.internal.ClientCallImpl::access$1000 (5 bytes)
Event: 2015.365 Thread 0x000001cb131f4350 nmethod 18555 0x000001cb0027fc90 code [0x000001cb0027fe80, 0x000001cb002801f0]
Event: 2015.365 Thread 0x000001cb131f4350 18556       3       com.alibaba.nacos.shaded.io.grpc.internal.ClientCallImpl$ClientStreamListenerImpl$1StreamClosed::<init> (33 bytes)
Event: 2015.366 Thread 0x000001cb131f4350 nmethod 18556 0x000001cb00381410 code [0x000001cb003815e0, 0x000001cb00381990]
Event: 2015.366 Thread 0x000001cb131f4350 18557       3       com.alibaba.nacos.shaded.io.grpc.internal.TransportTracer::reportStreamClosed (28 bytes)
Event: 2015.366 Thread 0x000001cb131f4350 nmethod 18557 0x000001cb0010a310 code [0x000001cb0010a4c0, 0x000001cb0010a668]
Event: 2015.366 Thread 0x000001cb131f4350 18558       3       com.alibaba.nacos.shaded.io.grpc.netty.shaded.io.netty.handler.codec.http2.DefaultHttp2Connection$DefaultStream::close (6 bytes)
Event: 2015.367 Thread 0x000001cb131f4350 nmethod 18558 0x000001cb00372690 code [0x000001cb00372840, 0x000001cb00372a18]
Event: 2015.367 Thread 0x000001cb131f4350 18559       3       com.alibaba.nacos.shaded.io.grpc.netty.shaded.io.netty.handler.codec.http2.DefaultHttp2Connection$DefaultStream::close (46 bytes)
Event: 2015.372 Thread 0x000001cb131f4350 nmethod 18559 0x000001cb0077c110 code [0x000001cb0077c2e0, 0x000001cb0077c610]
Event: 2020.610 Thread 0x000001cb131f2510 18568       4       com.alibaba.nacos.shaded.io.perfmark.PerfMark::linkIn (8 bytes)
Event: 2020.611 Thread 0x000001cb131f2510 nmethod 18568 0x000001cb07afa890 code [0x000001cb07afaa00, 0x000001cb07afaa68]

GC Heap History (20 events):
Event: 1191.289 GC heap before
{Heap before GC invocations=475 (full 1):
 garbage-first heap   total 96256K, used 87596K [0x00000000a0e00000, 0x0000000100000000)
  region size 1024K, 36 young (36864K), 1 survivors (1024K)
 Metaspace       used 100448K, committed 101568K, reserved 1179648K
  class space    used 12643K, committed 13184K, reserved 1048576K
}
Event: 1191.291 GC heap after
{Heap after GC invocations=476 (full 1):
 garbage-first heap   total 96256K, used 51779K [0x00000000a0e00000, 0x0000000100000000)
  region size 1024K, 1 young (1024K), 1 survivors (1024K)
 Metaspace       used 100448K, committed 101568K, reserved 1179648K
  class space    used 12643K, committed 13184K, reserved 1048576K
}
Event: 1193.675 GC heap before
{Heap before GC invocations=476 (full 1):
 garbage-first heap   total 96256K, used 87619K [0x00000000a0e00000, 0x0000000100000000)
  region size 1024K, 36 young (36864K), 1 survivors (1024K)
 Metaspace       used 100448K, committed 101568K, reserved 1179648K
  class space    used 12643K, committed 13184K, reserved 1048576K
}
Event: 1193.677 GC heap after
{Heap after GC invocations=477 (full 1):
 garbage-first heap   total 96256K, used 51816K [0x00000000a0e00000, 0x0000000100000000)
  region size 1024K, 1 young (1024K), 1 survivors (1024K)
 Metaspace       used 100448K, committed 101568K, reserved 1179648K
  class space    used 12643K, committed 13184K, reserved 1048576K
}
Event: 1196.585 GC heap before
{Heap before GC invocations=478 (full 1):
 garbage-first heap   total 96256K, used 87656K [0x00000000a0e00000, 0x0000000100000000)
  region size 1024K, 36 young (36864K), 1 survivors (1024K)
 Metaspace       used 100448K, committed 101568K, reserved 1179648K
  class space    used 12643K, committed 13184K, reserved 1048576K
}
Event: 1196.588 GC heap after
{Heap after GC invocations=479 (full 1):
 garbage-first heap   total 96256K, used 51786K [0x00000000a0e00000, 0x0000000100000000)
  region size 1024K, 1 young (1024K), 1 survivors (1024K)
 Metaspace       used 100448K, committed 101568K, reserved 1179648K
  class space    used 12643K, committed 13184K, reserved 1048576K
}
Event: 1199.303 GC heap before
{Heap before GC invocations=479 (full 1):
 garbage-first heap   total 96256K, used 87626K [0x00000000a0e00000, 0x0000000100000000)
  region size 1024K, 36 young (36864K), 1 survivors (1024K)
 Metaspace       used 100448K, committed 101568K, reserved 1179648K
  class space    used 12643K, committed 13184K, reserved 1048576K
}
Event: 1199.304 GC heap after
{Heap after GC invocations=480 (full 1):
 garbage-first heap   total 96256K, used 51765K [0x00000000a0e00000, 0x0000000100000000)
  region size 1024K, 1 young (1024K), 1 survivors (1024K)
 Metaspace       used 100448K, committed 101568K, reserved 1179648K
  class space    used 12643K, committed 13184K, reserved 1048576K
}
Event: 1201.728 GC heap before
{Heap before GC invocations=481 (full 1):
 garbage-first heap   total 96256K, used 87605K [0x00000000a0e00000, 0x0000000100000000)
  region size 1024K, 36 young (36864K), 1 survivors (1024K)
 Metaspace       used 100448K, committed 101568K, reserved 1179648K
  class space    used 12643K, committed 13184K, reserved 1048576K
}
Event: 1201.730 GC heap after
{Heap after GC invocations=482 (full 1):
 garbage-first heap   total 96256K, used 51800K [0x00000000a0e00000, 0x0000000100000000)
  region size 1024K, 1 young (1024K), 1 survivors (1024K)
 Metaspace       used 100448K, committed 101568K, reserved 1179648K
  class space    used 12643K, committed 13184K, reserved 1048576K
}
Event: 1204.167 GC heap before
{Heap before GC invocations=482 (full 1):
 garbage-first heap   total 96256K, used 87640K [0x00000000a0e00000, 0x0000000100000000)
  region size 1024K, 36 young (36864K), 1 survivors (1024K)
 Metaspace       used 100448K, committed 101568K, reserved 1179648K
  class space    used 12643K, committed 13184K, reserved 1048576K
}
Event: 1204.169 GC heap after
{Heap after GC invocations=483 (full 1):
 garbage-first heap   total 96256K, used 51798K [0x00000000a0e00000, 0x0000000100000000)
  region size 1024K, 1 young (1024K), 1 survivors (1024K)
 Metaspace       used 100448K, committed 101568K, reserved 1179648K
  class space    used 12643K, committed 13184K, reserved 1048576K
}
Event: 1206.717 GC heap before
{Heap before GC invocations=484 (full 1):
 garbage-first heap   total 96256K, used 87638K [0x00000000a0e00000, 0x0000000100000000)
  region size 1024K, 36 young (36864K), 1 survivors (1024K)
 Metaspace       used 100448K, committed 101568K, reserved 1179648K
  class space    used 12643K, committed 13184K, reserved 1048576K
}
Event: 1206.719 GC heap after
{Heap after GC invocations=485 (full 1):
 garbage-first heap   total 96256K, used 51797K [0x00000000a0e00000, 0x0000000100000000)
  region size 1024K, 1 young (1024K), 1 survivors (1024K)
 Metaspace       used 100448K, committed 101568K, reserved 1179648K
  class space    used 12643K, committed 13184K, reserved 1048576K
}
Event: 1318.873 GC heap before
{Heap before GC invocations=485 (full 1):
 garbage-first heap   total 96256K, used 87637K [0x00000000a0e00000, 0x0000000100000000)
  region size 1024K, 36 young (36864K), 1 survivors (1024K)
 Metaspace       used 100550K, committed 101696K, reserved 1179648K
  class space    used 12645K, committed 13184K, reserved 1048576K
}
Event: 1318.958 GC heap after
{Heap after GC invocations=486 (full 1):
 garbage-first heap   total 96256K, used 51918K [0x00000000a0e00000, 0x0000000100000000)
  region size 1024K, 1 young (1024K), 1 survivors (1024K)
 Metaspace       used 100550K, committed 101696K, reserved 1179648K
  class space    used 12645K, committed 13184K, reserved 1048576K
}
Event: 1648.432 GC heap before
{Heap before GC invocations=487 (full 1):
 garbage-first heap   total 96256K, used 87758K [0x00000000a0e00000, 0x0000000100000000)
  region size 1024K, 36 young (36864K), 1 survivors (1024K)
 Metaspace       used 100836K, committed 101952K, reserved 1179648K
  class space    used 12645K, committed 13184K, reserved 1048576K
}
Event: 1648.467 GC heap after
{Heap after GC invocations=488 (full 1):
 garbage-first heap   total 96256K, used 51925K [0x00000000a0e00000, 0x0000000100000000)
  region size 1024K, 1 young (1024K), 1 survivors (1024K)
 Metaspace       used 100836K, committed 101952K, reserved 1179648K
  class space    used 12645K, committed 13184K, reserved 1048576K
}
Event: 1934.254 GC heap before
{Heap before GC invocations=488 (full 1):
 garbage-first heap   total 96256K, used 87765K [0x00000000a0e00000, 0x0000000100000000)
  region size 1024K, 36 young (36864K), 1 survivors (1024K)
 Metaspace       used 101128K, committed 102208K, reserved 1179648K
  class space    used 12669K, committed 13184K, reserved 1048576K
}
Event: 1934.352 GC heap after
{Heap after GC invocations=489 (full 1):
 garbage-first heap   total 96256K, used 52390K [0x00000000a0e00000, 0x0000000100000000)
  region size 1024K, 1 young (1024K), 1 survivors (1024K)
 Metaspace       used 101128K, committed 102208K, reserved 1179648K
  class space    used 12669K, committed 13184K, reserved 1048576K
}

Dll operation events (11 events):
Event: 0.029 Loaded shared library C:\Program Files\Java\jdk-21\bin\java.dll
Event: 0.162 Loaded shared library C:\Program Files\Java\jdk-21\bin\jsvml.dll
Event: 6.485 Loaded shared library C:\Program Files\Java\jdk-21\bin\net.dll
Event: 6.489 Loaded shared library C:\Program Files\Java\jdk-21\bin\nio.dll
Event: 6.498 Loaded shared library C:\Program Files\Java\jdk-21\bin\zip.dll
Event: 6.742 Loaded shared library C:\Program Files\Java\jdk-21\bin\jimage.dll
Event: 7.329 Loaded shared library C:\Program Files\Java\jdk-21\bin\management.dll
Event: 7.336 Loaded shared library C:\Program Files\Java\jdk-21\bin\management_ext.dll
Event: 8.986 Loaded shared library C:\Program Files\Java\jdk-21\bin\sunmscapi.dll
Event: 10.397 Loaded shared library C:\Program Files\Java\jdk-21\bin\extnet.dll
Event: 16.688 Loaded shared library C:\Program Files\Java\jdk-21\bin\verify.dll

Deoptimization events (20 events):
Event: 2017.513 Thread 0x000001cb5a101a00 DEOPT PACKING pc=0x000001cb00a4a6bc sp=0x0000004eb41fee90
Event: 2017.513 Thread 0x000001cb5a101a00 DEOPT UNPACKING pc=0x000001cb07584e42 sp=0x0000004eb41fe320 mode 1
Event: 2017.513 Thread 0x000001cb5a101a00 DEOPT PACKING pc=0x000001cb013ca39c sp=0x0000004eb41feee0
Event: 2017.513 Thread 0x000001cb5a101a00 DEOPT UNPACKING pc=0x000001cb07584e42 sp=0x0000004eb41fe3b8 mode 1
Event: 2017.513 Thread 0x000001cb5a101a00 DEOPT PACKING pc=0x000001cb0135285c sp=0x0000004eb41fef70
Event: 2017.513 Thread 0x000001cb5a101a00 DEOPT UNPACKING pc=0x000001cb07584e42 sp=0x0000004eb41fe438 mode 1
Event: 2027.518 Thread 0x000001cb5a101a00 DEOPT PACKING pc=0x000001cb00a4a6bc sp=0x0000004eb41fee90
Event: 2027.518 Thread 0x000001cb5a101a00 DEOPT UNPACKING pc=0x000001cb07584e42 sp=0x0000004eb41fe320 mode 1
Event: 2027.518 Thread 0x000001cb5a101a00 DEOPT PACKING pc=0x000001cb013ca39c sp=0x0000004eb41feee0
Event: 2027.518 Thread 0x000001cb5a101a00 DEOPT UNPACKING pc=0x000001cb07584e42 sp=0x0000004eb41fe3b8 mode 1
Event: 2027.519 Thread 0x000001cb5a101a00 DEOPT PACKING pc=0x000001cb0135285c sp=0x0000004eb41fef70
Event: 2027.519 Thread 0x000001cb5a101a00 DEOPT UNPACKING pc=0x000001cb07584e42 sp=0x0000004eb41fe438 mode 1
Event: 2027.519 Thread 0x000001cb5a101a00 DEOPT PACKING pc=0x000001cb00a4a6bc sp=0x0000004eb41fee90
Event: 2027.519 Thread 0x000001cb5a101a00 DEOPT UNPACKING pc=0x000001cb07584e42 sp=0x0000004eb41fe320 mode 1
Event: 2027.519 Thread 0x000001cb5a101a00 DEOPT PACKING pc=0x000001cb013ca39c sp=0x0000004eb41feee0
Event: 2027.519 Thread 0x000001cb5a101a00 DEOPT UNPACKING pc=0x000001cb07584e42 sp=0x0000004eb41fe3b8 mode 1
Event: 2027.519 Thread 0x000001cb5a101a00 DEOPT PACKING pc=0x000001cb0135285c sp=0x0000004eb41fef70
Event: 2027.519 Thread 0x000001cb5a101a00 DEOPT UNPACKING pc=0x000001cb07584e42 sp=0x0000004eb41fe438 mode 1
Event: 2034.234 Thread 0x000001cb5eead6d0 DEOPT PACKING pc=0x000001cb0803abec sp=0x0000004eb7afe570
Event: 2034.234 Thread 0x000001cb5eead6d0 DEOPT UNPACKING pc=0x000001cb07584e42 sp=0x0000004eb7afd9e8 mode 0

Classes loaded (20 events):
Event: 1052.038 Loading class java/lang/invoke/BoundMethodHandle$Species_LLLLLLLLLLLL
Event: 1052.041 Loading class java/lang/invoke/BoundMethodHandle$Species_LLLLLLLLLLLL done
Event: 1052.061 Loading class java/lang/invoke/BoundMethodHandle$Species_LLLLLLLLLLLLL
Event: 1052.063 Loading class java/lang/invoke/BoundMethodHandle$Species_LLLLLLLLLLLLL done
Event: 1052.330 Loading class java/util/concurrent/ConcurrentSkipListMap$EntrySet
Event: 1052.336 Loading class java/util/concurrent/ConcurrentSkipListMap$EntrySet done
Event: 1052.336 Loading class java/util/concurrent/ConcurrentSkipListMap$EntryIterator
Event: 1052.341 Loading class java/util/concurrent/ConcurrentSkipListMap$EntryIterator done
Event: 1055.137 Loading class sun/security/ssl/Alert
Event: 1055.204 Loading class sun/security/ssl/Alert done
Event: 1055.211 Loading class sun/security/ssl/Alert$AlertConsumer
Event: 1055.235 Loading class sun/security/ssl/Alert$AlertConsumer done
Event: 1055.235 Loading class sun/security/ssl/Alert$Level
Event: 1055.238 Loading class sun/security/ssl/Alert$Level done
Event: 1055.243 Loading class sun/net/ConnectionResetException
Event: 1055.247 Loading class sun/net/ConnectionResetException done
Event: 1055.645 Loading class java/lang/ref/Finalizer$2
Event: 1055.646 Loading class java/lang/ref/Finalizer$2 done
Event: 1055.647 Loading class java/lang/ref/Finalizer$1
Event: 1055.653 Loading class java/lang/ref/Finalizer$1 done

Classes unloaded (20 events):
Event: 1934.710 Thread 0x000001cb131d2770 Unloading class 0x000001cb15295400 'java/lang/invoke/LambdaForm$BMH+0x000001cb15295400'
Event: 1934.710 Thread 0x000001cb131d2770 Unloading class 0x000001cb15284400 'java/lang/invoke/LambdaForm$MH+0x000001cb15284400'
Event: 1934.711 Thread 0x000001cb131d2770 Unloading class 0x000001cb15284000 'java/lang/invoke/LambdaForm$MH+0x000001cb15284000'
Event: 1934.711 Thread 0x000001cb131d2770 Unloading class 0x000001cb15283800 'java/lang/invoke/LambdaForm$MH+0x000001cb15283800'
Event: 1934.711 Thread 0x000001cb131d2770 Unloading class 0x000001cb15282400 'java/lang/invoke/LambdaForm$MH+0x000001cb15282400'
Event: 1934.711 Thread 0x000001cb131d2770 Unloading class 0x000001cb15254c00 'java/lang/invoke/LambdaForm$DMH+0x000001cb15254c00'
Event: 1934.711 Thread 0x000001cb131d2770 Unloading class 0x000001cb15254400 'java/lang/invoke/LambdaForm$DMH+0x000001cb15254400'
Event: 1934.711 Thread 0x000001cb131d2770 Unloading class 0x000001cb15210400 'java/lang/invoke/LambdaForm$DMH+0x000001cb15210400'
Event: 1934.712 Thread 0x000001cb131d2770 Unloading class 0x000001cb15144000 'java/lang/invoke/LambdaForm$DMH+0x000001cb15144000'
Event: 1934.712 Thread 0x000001cb131d2770 Unloading class 0x000001cb15136400 'java/lang/invoke/LambdaForm$MH+0x000001cb15136400'
Event: 1934.712 Thread 0x000001cb131d2770 Unloading class 0x000001cb15135800 'java/lang/invoke/LambdaForm$MH+0x000001cb15135800'
Event: 1934.713 Thread 0x000001cb131d2770 Unloading class 0x000001cb15110c00 'java/lang/invoke/LambdaForm$MH+0x000001cb15110c00'
Event: 1934.713 Thread 0x000001cb131d2770 Unloading class 0x000001cb15110800 'java/lang/invoke/LambdaForm$MH+0x000001cb15110800'
Event: 1934.713 Thread 0x000001cb131d2770 Unloading class 0x000001cb1503d800 'java/lang/invoke/LambdaForm$MH+0x000001cb1503d800'
Event: 1934.713 Thread 0x000001cb131d2770 Unloading class 0x000001cb15019000 'java/lang/invoke/LambdaForm$MH+0x000001cb15019000'
Event: 1934.713 Thread 0x000001cb131d2770 Unloading class 0x000001cb15017800 'java/lang/invoke/LambdaForm$MH+0x000001cb15017800'
Event: 1934.713 Thread 0x000001cb131d2770 Unloading class 0x000001cb15017400 'java/lang/invoke/LambdaForm$MH+0x000001cb15017400'
Event: 1934.713 Thread 0x000001cb131d2770 Unloading class 0x000001cb15017000 'java/lang/invoke/LambdaForm$MH+0x000001cb15017000'
Event: 1934.714 Thread 0x000001cb131d2770 Unloading class 0x000001cb15014000 'java/lang/invoke/LambdaForm$MH+0x000001cb15014000'
Event: 1934.714 Thread 0x000001cb131d2770 Unloading class 0x000001cb15008c00 'java/lang/invoke/LambdaForm$MH+0x000001cb15008c00'

Classes redefined (5 events):
Event: 1053.533 Thread 0x000001cb131d2770 redefined class name=com._yzhheng.rest.services.WmsWareSkuService, count=1
Event: 2035.425 Thread 0x000001cb131d2770 redefined class name=com._yzhheng.rest.services.WmsWareSkuService, count=1
Event: 2035.427 Thread 0x000001cb131d2770 redefined class name=com._yzhheng.rest.services.WmsWareOrderTaskDetailService, count=1
Event: 2035.427 Thread 0x000001cb131d2770 redefined class name=com._yzhheng.rest.services.WmsWareOrderTaskDetailService, count=1
Event: 2035.427 Thread 0x000001cb131d2770 redefined class name=com._yzhheng.rest.services.WmsWareSkuService, count=2

Internal exceptions (20 events):
Event: 1937.448 Thread 0x000001cb5a101a00 Exception <a 'java/io/FileNotFoundException'{0x00000000fff700e0}> (0x00000000fff700e0) 
thrown [s\open\src\hotspot\share\prims\jni.cpp, line 520]
Event: 1937.448 Thread 0x000001cb5a101a00 Exception <a 'java/io/FileNotFoundException'{0x00000000fff709c8}> (0x00000000fff709c8) 
thrown [s\open\src\hotspot\share\prims\jni.cpp, line 520]
Event: 1947.452 Thread 0x000001cb5a101a00 Exception <a 'java/io/FileNotFoundException'{0x00000000ffd68fd0}> (0x00000000ffd68fd0) 
thrown [s\open\src\hotspot\share\prims\jni.cpp, line 520]
Event: 1947.452 Thread 0x000001cb5a101a00 Exception <a 'java/io/FileNotFoundException'{0x00000000ffd698c8}> (0x00000000ffd698c8) 
thrown [s\open\src\hotspot\share\prims\jni.cpp, line 520]
Event: 1957.460 Thread 0x000001cb5a101a00 Exception <a 'java/io/FileNotFoundException'{0x00000000ffc669c8}> (0x00000000ffc669c8) 
thrown [s\open\src\hotspot\share\prims\jni.cpp, line 520]
Event: 1957.460 Thread 0x000001cb5a101a00 Exception <a 'java/io/FileNotFoundException'{0x00000000ffc672b8}> (0x00000000ffc672b8) 
thrown [s\open\src\hotspot\share\prims\jni.cpp, line 520]
Event: 1967.463 Thread 0x000001cb5a101a00 Exception <a 'java/io/FileNotFoundException'{0x00000000ffb58b20}> (0x00000000ffb58b20) 
thrown [s\open\src\hotspot\share\prims\jni.cpp, line 520]
Event: 1967.464 Thread 0x000001cb5a101a00 Exception <a 'java/io/FileNotFoundException'{0x00000000ffb59410}> (0x00000000ffb59410) 
thrown [s\open\src\hotspot\share\prims\jni.cpp, line 520]
Event: 1977.472 Thread 0x000001cb5a101a00 Exception <a 'java/io/FileNotFoundException'{0x00000000ffa696f0}> (0x00000000ffa696f0) 
thrown [s\open\src\hotspot\share\prims\jni.cpp, line 520]
Event: 1977.472 Thread 0x000001cb5a101a00 Exception <a 'java/io/FileNotFoundException'{0x00000000ffa69fe0}> (0x00000000ffa69fe0) 
thrown [s\open\src\hotspot\share\prims\jni.cpp, line 520]
Event: 1987.477 Thread 0x000001cb5a101a00 Exception <a 'java/io/FileNotFoundException'{0x00000000ff968608}> (0x00000000ff968608) 
thrown [s\open\src\hotspot\share\prims\jni.cpp, line 520]
Event: 1987.477 Thread 0x000001cb5a101a00 Exception <a 'java/io/FileNotFoundException'{0x00000000ff968ef8}> (0x00000000ff968ef8) 
thrown [s\open\src\hotspot\share\prims\jni.cpp, line 520]
Event: 1997.489 Thread 0x000001cb5a101a00 Exception <a 'java/io/FileNotFoundException'{0x00000000a6dbeb28}> (0x00000000a6dbeb28) 
thrown [s\open\src\hotspot\share\prims\jni.cpp, line 520]
Event: 1997.489 Thread 0x000001cb5a101a00 Exception <a 'java/io/FileNotFoundException'{0x00000000a6dbf418}> (0x00000000a6dbf418) 
thrown [s\open\src\hotspot\share\prims\jni.cpp, line 520]
Event: 2007.502 Thread 0x000001cb5a101a00 Exception <a 'java/io/FileNotFoundException'{0x00000000a63b6620}> (0x00000000a63b6620) 
thrown [s\open\src\hotspot\share\prims\jni.cpp, line 520]
Event: 2007.503 Thread 0x000001cb5a101a00 Exception <a 'java/io/FileNotFoundException'{0x00000000a63b6f10}> (0x00000000a63b6f10) 
thrown [s\open\src\hotspot\share\prims\jni.cpp, line 520]
Event: 2017.510 Thread 0x000001cb5a101a00 Exception <a 'java/io/FileNotFoundException'{0x00000000a627a4f0}> (0x00000000a627a4f0) 
thrown [s\open\src\hotspot\share\prims\jni.cpp, line 520]
Event: 2017.512 Thread 0x000001cb5a101a00 Exception <a 'java/io/FileNotFoundException'{0x00000000a627ade0}> (0x00000000a627ade0) 
thrown [s\open\src\hotspot\share\prims\jni.cpp, line 520]
Event: 2027.518 Thread 0x000001cb5a101a00 Exception <a 'java/io/FileNotFoundException'{0x00000000a61c4b58}> (0x00000000a61c4b58) 
thrown [s\open\src\hotspot\share\prims\jni.cpp, line 520]
Event: 2027.519 Thread 0x000001cb5a101a00 Exception <a 'java/io/FileNotFoundException'{0x00000000a61c5448}> (0x00000000a61c5448) 
thrown [s\open\src\hotspot\share\prims\jni.cpp, line 520]

ZGC Phase Switch (0 events):
No events

VM Operations (20 events):
Event: 1994.768 Executing VM operation: Cleanup
Event: 1994.768 Executing VM operation: Cleanup done
Event: 1999.813 Executing VM operation: Cleanup
Event: 1999.813 Executing VM operation: Cleanup done
Event: 2009.882 Executing VM operation: Cleanup
Event: 2009.882 Executing VM operation: Cleanup done
Event: 2010.882 Executing VM operation: Cleanup
Event: 2010.882 Executing VM operation: Cleanup done
Event: 2014.909 Executing VM operation: Cleanup
Event: 2014.909 Executing VM operation: Cleanup done
Event: 2019.951 Executing VM operation: Cleanup
Event: 2019.951 Executing VM operation: Cleanup done
Event: 2034.233 Executing VM operation: ChangeSingleStep
Event: 2034.233 Executing VM operation: ChangeSingleStep done
Event: 2034.235 Executing VM operation: ChangeSingleStep
Event: 2034.235 Executing VM operation: ChangeSingleStep done
Event: 2034.368 Executing VM operation: RedefineClasses
Event: 2037.092 Executing VM operation: RedefineClasses done
Event: 2037.113 Executing VM operation: ChangeSingleStep
Event: 2037.113 Executing VM operation: ChangeSingleStep done

Events (20 events):
Event: 2014.662 Thread 0x000001cb65fbcff0 Thread added: 0x000001cb65fbcff0
Event: 2014.877 Thread 0x000001cb65fb7aa0 Thread exited: 0x000001cb65fb7aa0
Event: 2015.317 Thread 0x000001cb65fb7aa0 Thread added: 0x000001cb65fb7aa0
Event: 2019.399 Thread 0x000001cb65fb6d80 Thread exited: 0x000001cb65fb6d80
Event: 2019.808 Thread 0x000001cb65fb6d80 Thread added: 0x000001cb65fb6d80
Event: 2020.119 Thread 0x000001cb65fbb5b0 Thread exited: 0x000001cb65fbb5b0
Event: 2020.610 Thread 0x000001cb65fbb5b0 Thread added: 0x000001cb65fbb5b0
Event: 2024.659 Thread 0x000001cb65fbc960 Thread exited: 0x000001cb65fbc960
Event: 2024.674 Thread 0x000001cb65fbcff0 Thread exited: 0x000001cb65fbcff0
Event: 2025.009 Thread 0x000001cb65fbc960 Thread added: 0x000001cb65fbc960
Event: 2025.330 Thread 0x000001cb65fb7aa0 Thread exited: 0x000001cb65fb7aa0
Event: 2025.769 Thread 0x000001cb65fbcff0 Thread added: 0x000001cb65fbcff0
Event: 2025.770 Thread 0x000001cb65fb7aa0 Thread added: 0x000001cb65fb7aa0
Event: 2029.812 Thread 0x000001cb65fb6d80 Thread exited: 0x000001cb65fb6d80
Event: 2030.069 Thread 0x000001cb65fb6d80 Thread added: 0x000001cb65fb6d80
Event: 2030.622 Thread 0x000001cb65fbb5b0 Thread exited: 0x000001cb65fbb5b0
Event: 2031.075 Thread 0x000001cb65fbb5b0 Thread added: 0x000001cb65fbb5b0
Event: 2037.091 Thread 0x000001cb65fbcff0 Thread exited: 0x000001cb65fbcff0
Event: 2037.091 Thread 0x000001cb65fb7aa0 Thread exited: 0x000001cb65fb7aa0
Event: 2037.092 Thread 0x000001cb65fbc960 Thread exited: 0x000001cb65fbc960


Dynamic libraries:
0x00007ff7319d0000 - 0x00007ff7319e0000 	C:\Program Files\Java\jdk-21\bin\java.exe
0x00007ff9d0330000 - 0x00007ff9d0547000 	C:\WINDOWS\SYSTEM32\ntdll.dll
0x00007ff9ce6e0000 - 0x00007ff9ce7a4000 	C:\WINDOWS\System32\KERNEL32.DLL
0x00007ff9cd960000 - 0x00007ff9cdd0c000 	C:\WINDOWS\System32\KERNELBASE.dll
0x00007ff9cdf50000 - 0x00007ff9ce061000 	C:\WINDOWS\System32\ucrtbase.dll
0x00007ff9aa500000 - 0x00007ff9aa519000 	C:\Program Files\Java\jdk-21\bin\jli.dll
0x00007ff9ce0a0000 - 0x00007ff9ce152000 	C:\WINDOWS\System32\ADVAPI32.dll
0x00007ff9ceab0000 - 0x00007ff9ceb57000 	C:\WINDOWS\System32\msvcrt.dll
0x00007ff9ce9e0000 - 0x00007ff9cea8a000 	C:\WINDOWS\System32\sechost.dll
0x00007ff9cdd10000 - 0x00007ff9cdd38000 	C:\WINDOWS\System32\bcrypt.dll
0x00007ff9ce300000 - 0x00007ff9ce415000 	C:\WINDOWS\System32\RPCRT4.dll
0x00007ff9ce7b0000 - 0x00007ff9ce95e000 	C:\WINDOWS\System32\USER32.dll
0x00007ff9cde80000 - 0x00007ff9cdea6000 	C:\WINDOWS\System32\win32u.dll
0x00007ff9ce070000 - 0x00007ff9ce099000 	C:\WINDOWS\System32\GDI32.dll
0x00007ff9cd7d0000 - 0x00007ff9cd8e9000 	C:\WINDOWS\System32\gdi32full.dll
0x00007ff9cdeb0000 - 0x00007ff9cdf4a000 	C:\WINDOWS\System32\msvcp_win.dll
0x00007ff9af440000 - 0x00007ff9af6d3000 	C:\WINDOWS\WinSxS\amd64_microsoft.windows.common-controls_6595b64144ccf1df_6.0.22621.3672_none_2713b9d173822955\COMCTL32.dll
0x00007ff9c90f0000 - 0x00007ff9c90fa000 	C:\WINDOWS\SYSTEM32\VERSION.dll
0x00007ff9a6190000 - 0x00007ff9a61ab000 	C:\Program Files\Java\jdk-21\bin\VCRUNTIME140.dll
0x00007ff9ce210000 - 0x00007ff9ce241000 	C:\WINDOWS\System32\IMM32.DLL
0x00007ff9b5d20000 - 0x00007ff9b5d2c000 	C:\Program Files\Java\jdk-21\bin\vcruntime140_1.dll
0x00007ff984e90000 - 0x00007ff984f1e000 	C:\Program Files\Java\jdk-21\bin\msvcp140.dll
0x00007ff93c820000 - 0x00007ff93d537000 	C:\Program Files\Java\jdk-21\bin\server\jvm.dll
0x00007ff9ce960000 - 0x00007ff9ce9d1000 	C:\WINDOWS\System32\WS2_32.dll
0x00007ff9cd520000 - 0x00007ff9cd56d000 	C:\WINDOWS\SYSTEM32\POWRPROF.dll
0x00007ff9c9100000 - 0x00007ff9c9134000 	C:\WINDOWS\SYSTEM32\WINMM.dll
0x00007ff9cd500000 - 0x00007ff9cd513000 	C:\WINDOWS\SYSTEM32\UMPDC.dll
0x00007ff9cc660000 - 0x00007ff9cc678000 	C:\WINDOWS\SYSTEM32\kernel.appcore.dll
0x00007ff9b5c50000 - 0x00007ff9b5c5a000 	C:\Program Files\Java\jdk-21\bin\jimage.dll
0x00007ff9c6490000 - 0x00007ff9c66c2000 	C:\WINDOWS\SYSTEM32\DBGHELP.DLL
0x00007ff9cfbc0000 - 0x00007ff9cff48000 	C:\WINDOWS\System32\combase.dll
0x00007ff9ce4a0000 - 0x00007ff9ce577000 	C:\WINDOWS\System32\OLEAUT32.dll
0x00007ff9c49f0000 - 0x00007ff9c4a22000 	C:\WINDOWS\SYSTEM32\dbgcore.DLL
0x00007ff9cde00000 - 0x00007ff9cde7b000 	C:\WINDOWS\System32\bcryptPrimitives.dll
0x00007ff988620000 - 0x00007ff98865c000 	C:\Program Files\Java\jdk-21\bin\jdwp.dll
0x00007ff9aeeb0000 - 0x00007ff9aeecf000 	C:\Program Files\Java\jdk-21\bin\java.dll
0x00007ff9cebc0000 - 0x00007ff9cf41c000 	C:\WINDOWS\System32\SHELL32.dll
0x00007ff9cb560000 - 0x00007ff9cbe57000 	C:\WINDOWS\SYSTEM32\windows.storage.dll
0x00007ff9cb420000 - 0x00007ff9cb55f000 	C:\WINDOWS\SYSTEM32\wintypes.dll
0x00007ff9cffc0000 - 0x00007ff9d00b4000 	C:\WINDOWS\System32\SHCORE.dll
0x00007ff9ceb60000 - 0x00007ff9cebbe000 	C:\WINDOWS\System32\shlwapi.dll
0x00007ff9cd590000 - 0x00007ff9cd5b1000 	C:\WINDOWS\SYSTEM32\profapi.dll
0x00007ff981df0000 - 0x00007ff981ec7000 	C:\Program Files\Java\jdk-21\bin\jsvml.dll
0x00007ff99d880000 - 0x00007ff99d88c000 	C:\Program Files\Java\jdk-21\bin\dt_socket.dll
0x00007ff9cc150000 - 0x00007ff9cc17d000 	C:\WINDOWS\SYSTEM32\IPHLPAPI.DLL
0x00007ff9ccae0000 - 0x00007ff9ccb49000 	C:\WINDOWS\system32\mswsock.dll
0x00007ff9cc180000 - 0x00007ff9cc278000 	C:\WINDOWS\SYSTEM32\DNSAPI.dll
0x00007ff9cf470000 - 0x00007ff9cf479000 	C:\WINDOWS\System32\NSI.dll
0x00007ff9c5210000 - 0x00007ff9c521a000 	C:\Windows\System32\rasadhlp.dll
0x00007ff9c75d0000 - 0x00007ff9c7653000 	C:\WINDOWS\System32\fwpuclnt.dll
0x00007ff9b5af0000 - 0x00007ff9b5b00000 	C:\Program Files\Java\jdk-21\bin\net.dll
0x00007ff9c8af0000 - 0x00007ff9c8c26000 	C:\WINDOWS\SYSTEM32\WINHTTP.dll
0x00007ff9aa530000 - 0x00007ff9aa546000 	C:\Program Files\Java\jdk-21\bin\nio.dll
0x00007ff99d7a0000 - 0x00007ff99d7b8000 	C:\Program Files\Java\jdk-21\bin\zip.dll
0x00007ff9c18e0000 - 0x00007ff9c18ea000 	C:\Program Files\Java\jdk-21\bin\management.dll
0x00007ff9ad1c0000 - 0x00007ff9ad1cb000 	C:\Program Files\Java\jdk-21\bin\management_ext.dll
0x00007ff9cff50000 - 0x00007ff9cff58000 	C:\WINDOWS\System32\PSAPI.DLL
0x00007ff9aea60000 - 0x00007ff9aea6e000 	C:\Program Files\Java\jdk-21\bin\sunmscapi.dll
0x00007ff9cd660000 - 0x00007ff9cd7c7000 	C:\WINDOWS\System32\CRYPT32.dll
0x00007ff9ccf00000 - 0x00007ff9ccf2e000 	C:\WINDOWS\SYSTEM32\ncrypt.dll
0x00007ff9ccec0000 - 0x00007ff9ccef7000 	C:\WINDOWS\SYSTEM32\NTASN1.dll
0x00007ff9ccd70000 - 0x00007ff9ccd8b000 	C:\WINDOWS\SYSTEM32\CRYPTSP.dll
0x00007ff9cc5c0000 - 0x00007ff9cc5f5000 	C:\WINDOWS\system32\rsaenh.dll
0x00007ff9ccc00000 - 0x00007ff9ccc28000 	C:\WINDOWS\SYSTEM32\USERENV.dll
0x00007ff9ccd60000 - 0x00007ff9ccd6c000 	C:\WINDOWS\SYSTEM32\CRYPTBASE.dll
0x00007ff9ad1b0000 - 0x00007ff9ad1b8000 	C:\WINDOWS\system32\wshunix.dll
0x00007ff9af2d0000 - 0x00007ff9af2d9000 	C:\Program Files\Java\jdk-21\bin\extnet.dll
0x00007ff9b3f40000 - 0x00007ff9b3f50000 	C:\Program Files\Java\jdk-21\bin\verify.dll

dbghelp: loaded successfully - version: 4.0.5 - missing functions: none
symbol engine: initialized successfully - sym options: 0x614 - pdb path: .;C:\Program Files\Java\jdk-21\bin;C:\WINDOWS\SYSTEM32;C:\WINDOWS\WinSxS\amd64_microsoft.windows.common-controls_6595b64144ccf1df_6.0.22621.3672_none_2713b9d173822955;C:\Program Files\Java\jdk-21\bin\server

VM Arguments:
jvm_args: -agentlib:jdwp=transport=dt_socket,server=n,suspend=y,address=localhost:63940 -XX:+ShowCodeDetailsInExceptionMessages 
java_command: com._yzhheng.SpringBootStarter
java_class_path (initial): C:\Users\zheng\Documents\Java project\gulimall-java-project\gulimall-ware\target\classes;C:\Users\zheng\.m2\repository\org\springframework\boot\spring-boot-starter-data-jpa\3.2.5\spring-boot-starter-data-jpa-3.2.5.jar;C:\Users\zheng\.m2\repository\org\springframework\boot\spring-boot-starter-aop\3.2.5\spring-boot-starter-aop-3.2.5.jar;C:\Users\zheng\.m2\repository\org\springframework\spring-aop\6.1.6\spring-aop-6.1.6.jar;C:\Users\zheng\.m2\repository\org\aspectj\aspectjweaver\1.9.22\aspectjweaver-1.9.22.jar;C:\Users\zheng\.m2\repository\org\springframework\boot\spring-boot-starter-jdbc\3.2.5\spring-boot-starter-jdbc-3.2.5.jar;C:\Users\zheng\.m2\repository\com\zaxxer\HikariCP\5.0.1\HikariCP-5.0.1.jar;C:\Users\zheng\.m2\repository\org\springframework\spring-jdbc\6.1.6\spring-jdbc-6.1.6.jar;C:\Users\zheng\.m2\repository\org\hibernate\orm\hibernate-core\6.4.4.Final\hibernate-core-6.4.4.Final.jar;C:\Users\zheng\.m2\repository\jakarta\persistence\jakarta.persistence-api\3.1.0\jakarta.persistence-api-3.1.0.jar;C:\Users\zheng\.m2\repository\jakarta\transaction\jakarta.transaction-api\2.0.1\jakarta.transaction-api-2.0.1.jar;C:\Users\zheng\.m2\repository\org\jboss\logging\jboss-logging\3.5.3.Final\jboss-logging-3.5.3.Final.jar;C:\Users\zheng\.m2\repository\org\hibernate\common\hibernate-commons-annotations\6.0.6.Final\hibernate-commons-annotations-6.0.6.Final.jar;C:\Users\zheng\.m2\repository\io\smallrye\jandex\3.1.2\jandex-3.1.2.jar;C:\Users\zheng\.m2\repository\com\fasterxml\classmate\1.6.0\classmate-1.6.0.jar;C:\Users\zheng\.m2\repository\net\bytebuddy\byte-buddy\1.14.13\byte-buddy-1.14.13.jar;C:\Users\zheng\.m2\repository\org\glassfish\jaxb\jaxb-runtime\4.0.5\jaxb-runtime-4.0.5.jar;C:\Users\zheng\.m2\repository\org\glassfish\jaxb\jaxb-core\4.0.5\jaxb-core-4.0.5.jar;C:\Users\zheng\.m2\repository\org\eclipse\angus\angus-activation\2.0.2\angus-activation-2.0.2.jar;C:\Users\zheng\.m2\repository\org\glassfish\jaxb\txw2\4.0.5\txw2-4.0.5.jar;C:\Users\zheng\.m2\repository\com\sun\istack\istack-commons-runtime\4.1.2\istack-commons-runtime-4.1.2.jar;C:\Users\zheng\.m2\repository\jakarta\inject\jakarta.inject-api\2.0.1\jakarta.inject-api-2.0.1.jar;C:\Users\zheng\.m2\repository\org\antlr\antlr4-runtime\4.13.0\antlr4-runtime-4.13.0.jar;C:\Users\zheng\.m2\repository\org\springframework\data\spring-data-jpa\3.2.5\spring-data-jpa-3.2.5.jar;C:\Users\zheng\.m2\repository\org\springframework\data\spring-data-commons\3.2.5\spring-data-commons-3.2.5.jar;C:\Users\zheng\.m2\repository\org\springframework\spring-orm\6.1.6\spring-orm-6.1.6.jar;C:\Users\zheng\.m2\repository\org\springframework\spring-context\6.1.6\spring-context-6.1.6.jar;C:\Users\zheng\.m2\repository\org\springframework\spring-tx\6.1.6\spring-tx-6.1.6.jar;C:\Users\zheng\.m2\repository\org\springframework\spring-beans\6.1.6\spring-beans-6.1.6.jar;C:\Users\zheng\.m2\repository\jakarta\annotation\jakarta.annotation-api\2.1.1\jakarta.annotation-api-2.1.1.jar;C:\Users\zheng\.m2\repository\org\slf4j\slf4j-api\2.0.13\slf4j-api-2.0.13.jar;C:\Users\zheng\.m2\repository\org\springframework\spring-aspects\6.1.6\spring-aspects-6.1.6.jar;C:\Users\zheng\.m2\repository\org\springframework\boot\spring-boot-starter-web\3.2.5\spring-boot-starter-web-3.2.5.jar;C:\Users\zheng\.m2\repository\org\springframework\boot\spring-boot-starter\3.2.5\spring-boot-starter-3.2.5.jar;C:\Users\zheng\.m2\repository\org\springframework\boot\spring-boot-starter-logging\3.2.5\spring-boot-starter-logging-3.2.5.jar;C:\Users\zheng\.m2\repository\ch\qos\logback\logback-classic\1.4.14\logback-classic-1.4.14.jar;C:\Users\zheng\.m2\repository\ch\qos\logback\logback-core\1.4.14\logback-core-1.4.14.jar;C:\Users\zheng\.m2\repository\org\apache\logging\log4j\log4j-to-slf4j\2.21.1\log4j-to-slf4j-2.21.1.jar;C:\Users\zheng\.m2\repository\org\apache\logging\log4j\log4j-api\2.21.1\log4j-api-2.21.1.jar;C:\Users\zheng\.m2\repository\org\slf4j\jul-to-slf4j\2.0.13\jul-to-slf4j-2.0.13.jar;C:\Users\zheng\.m2\repository\org\yaml\snakeyaml\2.2\snakeyaml-2.2.jar;C:\Users\zheng\.m2\repository\org\springframework\boot\spring-boot-starter-json\3.2.5\spring-boot-starter-json-3.2.5.jar;C:\Users\zheng\.m2\repository\com\fasterxml\jackson\core\jackson-databind\2.15.4\jackson-databind-2.15.4.jar;C:\Users\zheng\.m2\repository\com\fasterxml\jackson\core\jackson-annotations\2.15.4\jackson-annotations-2.15.4.jar;C:\Users\zheng\.m2\repository\com\fasterxml\jackson\core\jackson-core\2.15.4\jackson-core-2.15.4.jar;C:\Users\zheng\.m2\repository\com\fasterxml\jackson\datatype\jackson-datatype-jdk8\2.15.4\jackson-datatype-jdk8-2.15.4.jar;C:\Users\zheng\.m2\repository\com\fasterxml\jackson\datatype\jackson-datatype-jsr310\2.15.4\jackson-datatype-jsr310-2.15.4.jar;C:\Users\zheng\.m2\repository\com\fasterxml\jackson\module\jackson-module-parameter-names\2.15.4\jackson-module-parameter-names-2.15.4.jar;C:\Users\zheng\.m2\repository\org\springframework\boot\spring-boot-starter-tomcat\3.2.5\spring-boot-starter-tomcat-3.2.5.jar;C:\Users\zheng\.m2\repository\org\apache\tomcat\embed\tomcat-embed-core\10.1.20\tomcat-embed-core-10.1.20.jar;C:\Users\zheng\.m2\repository\org\apache\tomcat\embed\tomcat-embed-el\10.1.20\tomcat-embed-el-10.1.20.jar;C:\Users\zheng\.m2\repository\org\apache\tomcat\embed\tomcat-embed-websocket\10.1.20\tomcat-embed-websocket-10.1.20.jar;C:\Users\zheng\.m2\repository\org\springframework\spring-web\6.1.6\spring-web-6.1.6.jar;C:\Users\zheng\.m2\repository\io\micrometer\micrometer-observation\1.12.5\micrometer-observation-1.12.5.jar;C:\Users\zheng\.m2\repository\io\micrometer\micrometer-commons\1.12.5\micrometer-commons-1.12.5.jar;C:\Users\zheng\.m2\repository\org\springframework\spring-webmvc\6.1.6\spring-webmvc-6.1.6.jar;C:\Users\zheng\.m2\repository\org\springframework\spring-expression\6.1.6\spring-expression-6.1.6.jar;C:\Users\zheng\.m2\repository\org\springframework\cloud\spring-cloud-starter-openfeign\4.1.1\spring-cloud-starter-openfeign-4.1.1.jar;C:\Users\zheng\.m2\repository\org\springframework\cloud\spring-cloud-starter\4.1.2\spring-cloud-starter-4.1.2.jar;C:\Users\zheng\.m2\repository\org\springframework\cloud\spring-cloud-context\4.1.2\spring-cloud-context-4.1.2.jar;C:\Users\zheng\.m2\repository\org\springframework\security\spring-security-rsa\1.1.2\spring-security-rsa-1.1.2.jar;C:\Users\zheng\.m2\repository\org\bouncycastle\bcprov-jdk18on\1.77\bcprov-jdk18on-1.77.jar;C:\Users\zheng\.m2\repository\org\springframework\cloud\spring-cloud-openfeign-core\4.1.1\spring-cloud-openfeign-core-4.1.1.jar;C:\Users\zheng\.m2\repository\io\github\openfeign\form\feign-form-spring\3.8.0\feign-form-spring-3.8.0.jar;C:\Users\zheng\.m2\repository\io\github\openfeign\form\feign-form\3.8.0\feign-form-3.8.0.jar;C:\Users\zheng\.m2\repository\commons-fileupload\commons-fileupload\1.5\commons-fileupload-1.5.jar;C:\Users\zheng\.m2\repository\commons-io\commons-io\2.11.0\commons-io-2.11.0.jar;C:\Users\zheng\.m2\repository\org\springframework\cloud\spring-cloud-commons\4.1.2\spring-cloud-commons-4.1.2.jar;C:\Users\zheng\.m2\repository\org\springframework\security\spring-security-crypto\6.2.4\spring-security-crypto-6.2.4.jar;C:\Users\zheng\.m2\repository\io\github\openfeign\feign-core\13.2.1\feign-core-13.2.1.jar;C:\Users\zheng\.m2\repository\io\github\openfeign\feign-slf4j\13.2.1\feign-slf4j-13.2.1.jar;C:\Users\zheng\.m2\repository\org\springframework\boot\spring-boot-starter-amqp\3.2.5\spring-boot-starter-amqp-3.2.5.jar;C:\Users\zheng\.m2\repository\org\springframework\spring-messaging\6.1.6\spring-messaging-6.1.6.jar;C:\Users\zheng\.m2\repository\org\springframework\amqp\spring-rabbit\3.1.4\spring-rabbit-3.1.4.jar;C:\Users\zheng\.m2\repository\org\springframework\amqp\spring-amqp\3.1.4\spring-amqp-3.1.4.jar;C:\Users\zheng\.m2\repository\org\springframework\retry\spring-retry\2.0.5\spring-retry-2.0.5.jar;C:\Users\zheng\.m2\repository\com\rabbitmq\amqp-client\5.19.0\amqp-client-5.19.0.jar;C:\Users\zheng\.m2\repository\org\springframework\boot\spring-boot-devtools\3.2.5\spring-boot-devtools-3.2.5.jar;C:\Users\zheng\.m2\repository\org\springframework\boot\spring-boot\3.2.5\spring-boot-3.2.5.jar;C:\Users\zheng\.m2\repository\org\springframework\boot\spring-boot-autoconfigure\3.2.5\spring-boot-autoconfigure-3.2.5.jar;C:\Users\zheng\.m2\repository\org\projectlombok\lombok\1.18.32\lombok-1.18.32.jar;C:\Users\zheng\.m2\repository\jakarta\xml\bind\jakarta.xml.bind-api\4.0.2\jakarta.xml.bind-api-4.0.2.jar;C:\Users\zheng\.m2\repository\jakarta\activation\jakarta.activation-api\2.1.3\jakarta.activation-api-2.1.3.jar;C:\Users\zheng\.m2\repository\org\springframework\spring-core\6.1.6\spring-core-6.1.6.jar;C:\Users\zheng\.m2\repository\org\springframework\spring-jcl\6.1.6\spring-jcl-6.1.6.jar;C:\Users\zheng\.m2\repository\org\modelmapper\modelmapper\3.0.0\modelmapper-3.0.0.jar;C:\Users\zheng\Documents\Java project\gulimall-java-project\gulimall-common\target\classes;C:\Users\zheng\.m2\repository\com\alibaba\cloud\spring-cloud-starter-alibaba-nacos-discovery\2023.0.1.0\spring-cloud-starter-alibaba-nacos-discovery-2023.0.1.0.jar;C:\Users\zheng\.m2\repository\com\alibaba\cloud\spring-cloud-alibaba-commons\2023.0.1.0\spring-cloud-alibaba-commons-2023.0.1.0.jar;C:\Users\zheng\.m2\repository\com\alibaba\nacos\nacos-client\2.3.2\nacos-client-2.3.2.jar;C:\Users\zheng\.m2\repository\com\alibaba\nacos\nacos-auth-plugin\2.3.2\nacos-auth-plugin-2.3.2.jar;C:\Users\zheng\.m2\repository\com\alibaba\nacos\nacos-encryption-plugin\2.3.2\nacos-encryption-plugin-2.3.2.jar;C:\Users\zheng\.m2\repository\commons-codec\commons-codec\1.16.1\commons-codec-1.16.1.jar;C:\Users\zheng\.m2\repository\org\apache\httpcomponents\httpasyncclient\4.1.5\httpasyncclient-4.1.5.jar;C:\Users\zheng\.m2\repository\org\apache\httpcomponents\httpcore-nio\4.4.16\httpcore-nio-4.4.16.jar;C:\Users\zheng\.m2\repository\org\apache\httpcomponents\httpclient\4.5.13\httpclient-4.5.13.jar;C:\Users\zheng\.m2\repository\org\apache\httpcomponents\httpcore\4.4.16\httpcore-4.4.16.jar;C:\Users\zheng\.m2\repository\io\prometheus\simpleclient\0.16.0\simpleclient-0.16.0.jar;C:\Users\zheng\.m2\repository\io\prometheus\simpleclient_tracer_otel\0.16.0\simpleclient_tracer_otel-0.16.0.jar;C:\Users\zheng\.m2\repository\io\prometheus\simpleclient_tracer_common\0.16.0\simpleclient_tracer_common-0.16.0.jar;C:\Users\zheng\.m2\repository\io\prometheus\simpleclient_tracer_otel_agent\0.16.0\simpleclient_tracer_otel_agent-0.16.0.jar;C:\Users\zheng\.m2\repository\io\micrometer\micrometer-core\1.12.5\micrometer-core-1.12.5.jar;C:\Users\zheng\.m2\repository\org\hdrhistogram\HdrHistogram\2.1.12\HdrHistogram-2.1.12.jar;C:\Users\zheng\.m2\repository\org\latencyutils\LatencyUtils\2.0.3\LatencyUtils-2.0.3.jar;C:\Users\zheng\.m2\repository\com\alibaba\spring\spring-context-support\1.0.11\spring-context-support-1.0.11.jar;C:\Users\zheng\.m2\repository\com\alibaba\cloud\spring-cloud-starter-alibaba-nacos-config\2023.0.1.0\spring-cloud-starter-alibaba-nacos-config-2023.0.1.0.jar;C:\Users\zheng\.m2\repository\org\springframework\cloud\spring-cloud-starter-bootstrap\4.1.2\spring-cloud-starter-bootstrap-4.1.2.jar;C:\Users\zheng\.m2\repository\com\alibaba\fastjson\1.2.15\fastjson-1.2.15.jar;C:\Users\zheng\.m2\repository\com\mysql\mysql-connector-j\8.0.33\mysql-connector-j-8.0.33.jar;C:\Users\zheng\.m2\repository\org\springframework\cloud\spring-cloud-starter-loadbalancer\4.1.2\spring-cloud-starter-loadbalancer-4.1.2.jar;C:\Users\zheng\.m2\repository\org\springframework\cloud\spring-cloud-loadbalancer\4.1.2\spring-cloud-loadbalancer-4.1.2.jar;C:\Users\zheng\.m2\repository\io\projectreactor\reactor-core\3.6.5\reactor-core-3.6.5.jar;C:\Users\zheng\.m2\repository\org\reactivestreams\reactive-streams\1.0.4\reactive-streams-1.0.4.jar;C:\Users\zheng\.m2\repository\io\projectreactor\addons\reactor-extra\3.5.1\reactor-extra-3.5.1.jar;C:\Users\zheng\.m2\repository\org\springframework\boot\spring-boot-starter-cache\3.2.5\spring-boot-starter-cache-3.2.5.jar;C:\Users\zheng\.m2\repository\org\springframework\spring-context-support\6.1.6\spring-context-support-6.1.6.jar;C:\Users\zheng\.m2\repository\com\stoyanr\evictor\1.0.0\evictor-1.0.0.jar
Launcher Type: SUN_STANDARD

[Global flags]
     intx CICompilerCount                          = 4                                         {product} {ergonomic}
     uint ConcGCThreads                            = 2                                         {product} {ergonomic}
     uint G1ConcRefinementThreads                  = 8                                         {product} {ergonomic}
   size_t G1HeapRegionSize                         = 1048576                                   {product} {ergonomic}
    uintx GCDrainStackTargetSize                   = 64                                        {product} {ergonomic}
   size_t InitialHeapSize                          = 100663296                                 {product} {ergonomic}
   size_t MarkStackSize                            = 4194304                                   {product} {ergonomic}
   size_t MaxHeapSize                              = 1595932672                                {product} {ergonomic}
   size_t MaxNewSize                               = 957349888                                 {product} {ergonomic}
   size_t MinHeapDeltaBytes                        = 1048576                                   {product} {ergonomic}
   size_t MinHeapSize                              = 8388608                                   {product} {ergonomic}
    uintx NonNMethodCodeHeapSize                   = 5839372                                {pd product} {ergonomic}
    uintx NonProfiledCodeHeapSize                  = 122909434                              {pd product} {ergonomic}
    uintx ProfiledCodeHeapSize                     = 122909434                              {pd product} {ergonomic}
    uintx ReservedCodeCacheSize                    = 251658240                              {pd product} {ergonomic}
     bool SegmentedCodeCache                       = true                                      {product} {ergonomic}
     bool ShowCodeDetailsInExceptionMessages       = true                                   {manageable} {command line}
   size_t SoftMaxHeapSize                          = 1595932672                             {manageable} {ergonomic}
     bool UseCompressedOops                        = true                           {product lp64_product} {ergonomic}
     bool UseG1GC                                  = true                                      {product} {ergonomic}
     bool UseLargePagesIndividualAllocation        = false                                  {pd product} {ergonomic}

Logging:
Log output configuration:
 #0: stdout all=warning uptime,level,tags foldmultilines=false
 #1: stderr all=off uptime,level,tags foldmultilines=false

Environment Variables:
JAVA_HOME=C:\Program Files\Java\jdk-21
PATH=C:\Program Files\tt\tt.bat;C:\Program Files\Java\jdk-21\bin;C:\Program Files\Common Files\Oracle\Java\javapath;C:\Program Files (x86)\Common Files\Oracle\Java\javapath;C:\Windows\system32;C:\Windows;C:\Windows\System32\Wbem;C:\Windows\System32\WindowsPowerShell\v1.0\;C:\Windows\System32\OpenSSH\;C:\Program Files (x86)\NVIDIA Corporation\PhysX\Common;C:\Program Files\NVIDIA Corporation\NVIDIA NvDLISR;C:\WINDOWS\system32;C:\WINDOWS;C:\WINDOWS\System32\Wbem;C:\WINDOWS\System32\WindowsPowerShell\v1.0\;C:\WINDOWS\System32\OpenSSH\;C:\Program Files\Git\cmd;C:\Gradle\bin;C:\HashiCorp\Vagrant\bin;C:\Program Files\Docker\Docker\resources\bin;C:\ProgramData\ComposerSetup\bin;C:\ProgramData\chocolatey\bin;C:\Program Files\php-8.1.22;C:\flutter\flutter\bin;C:\Program Files\apache-maven-3.9.6-bin\apache-maven-3.9.6\bin;C:\Users\zheng\AppData\Roaming\nvm;C:\Program Files\nodejs;C:\Program Files\tt\tt.bat;C:\Program Files\MySQL\MySQL Shell 8.0\bin\;C:\Users\zheng\AppData\Local\Programs\Python\Python311\Scripts;C:\Users\zheng\AppData\Local\Programs\Python\Python311\;C:\Users\zheng\AppData\Local\Microsoft\WindowsApps;C:\Users\zheng\AppData\Local\Programs\Microsoft VS Code\bin;C:\Users\zheng\.julia\conda\3\x86_64\Scripts;C:\Users\zheng\AppData\Roaming\npm;C:\Users\zheng\AppData\Roaming\Composer\vendor\bin;C:\Program Files\heroku\bin;C:\flutter\flutter\bin;C:\Users\zheng\AppData\Local\Android\Sdk\platforms;C:\Users\zheng\AppData\Local\Android\Sdk\platform-tools;C:\Users\zheng\AppData\Roaming\nvm;C:\Program Files\nodejs;
USERNAME=zheng
LANG=en_US.UTF-8
OS=Windows_NT
PROCESSOR_IDENTIFIER=AMD64 Family 23 Model 24 Stepping 1, AuthenticAMD
TMP=C:\Users\zheng\AppData\Local\Temp
TEMP=C:\Users\zheng\AppData\Local\Temp




Periodic native trim disabled

---------------  S Y S T E M  ---------------

OS:
 Windows 11 , 64 bit Build 22621 (10.0.22621.3672)
OS uptime: 11 days 15:54 hours
Hyper-V role detected

CPU: total 8 (initial active 8) (8 cores per cpu, 2 threads per core) family 23 model 24 stepping 1 microcode 0x0, cx8, cmov, fxsr, ht, mmx, 3dnowpref, sse, sse2, sse3, ssse3, sse4a, sse4.1, sse4.2, popcnt, lzcnt, tsc, tscinvbit, avx, avx2, aes, clmul, bmi1, bmi2, adx, sha, fma, vzeroupper, clflush, clflushopt, hv, rdtscp, f16c
Processor Information for all 8 processors :
  Max Mhz: 2300, Current Mhz: 2300, Mhz Limit: 2300

Memory: 4k page, system-wide physical 6082M (183M free)
TotalPageFile size 24514M (AvailPageFile size 2294M)
current process WorkingSet (physical memory assigned to process): 202M, peak: 370M
current process commit charge ("private bytes"): 447M, peak: 460M

vm_info: Java HotSpot(TM) 64-Bit Server VM (21.0.2+13-LTS-58) for windows-amd64 JRE (21.0.2+13-LTS-58), built on 2024-01-05T18:32:24Z by "mach5one" with MS VC++ 17.1 (VS2022)

END.
